This is pdfTeX, Version 3.1415926-2.3-1.40.12 (TeX Live 2011/Fink) (format=pdflatex 2014.10.23)  15 APR 2015 16:01
entering extended mode
 restricted \write18 enabled.
 %&-line parsing enabled.
**crds_users_manual.tex
(./crds_users_manual.tex
LaTeX2e <2009/09/24>
Babel <v3.8l> and hyphenation patterns for english, dumylang, nohyphenation, ge
rman-x-2009-06-19, ngerman-x-2009-06-19, afrikaans, ancientgreek, ibycus, arabi
c, armenian, basque, bulgarian, catalan, pinyin, coptic, croatian, czech, danis
h, dutch, ukenglish, usenglishmax, esperanto, estonian, ethiopic, farsi, finnis
h, french, galician, german, ngerman, swissgerman, monogreek, greek, hungarian,
 icelandic, assamese, bengali, gujarati, hindi, kannada, malayalam, marathi, or
iya, panjabi, tamil, telugu, indonesian, interlingua, irish, italian, kurmanji,
 lao, latin, latvian, lithuanian, mongolian, mongolianlmc, bokmal, nynorsk, pol
ish, portuguese, romanian, russian, sanskrit, serbian, serbianc, slovak, sloven
ian, spanish, swedish, turkish, turkmen, ukrainian, uppersorbian, welsh, loaded
.
(./sphinxmanual.cls
Document Class: sphinxmanual 2009/06/02 Document class (Sphinx manual)
(/sw/share/texmf-dist/tex/latex/base/report.cls
Document Class: report 2007/10/19 v1.4h Standard LaTeX document class
(/sw/share/texmf-dist/tex/latex/base/size10.clo
File: size10.clo 2007/10/19 v1.4h Standard LaTeX file (size option)
)
\c@part=\count79
\c@chapter=\count80
\c@section=\count81
\c@subsection=\count82
\c@subsubsection=\count83
\c@paragraph=\count84
\c@subparagraph=\count85
\c@figure=\count86
\c@table=\count87
\abovecaptionskip=\skip41
\belowcaptionskip=\skip42
\bibindent=\dimen102
))
(/sw/share/texmf-dist/tex/latex/base/inputenc.sty
Package: inputenc 2008/03/30 v1.1d Input encoding file
\inpenc@prehook=\toks14
\inpenc@posthook=\toks15

(/sw/share/texmf-dist/tex/latex/base/utf8.def
File: utf8.def 2008/04/05 v1.1m UTF-8 support for inputenc
Now handling font encoding OML ...
... no UTF-8 mapping file for font encoding OML
Now handling font encoding T1 ...
... processing UTF-8 mapping file for font encoding T1

(/sw/share/texmf-dist/tex/latex/base/t1enc.dfu
File: t1enc.dfu 2008/04/05 v1.1m UTF-8 support for inputenc
   defining Unicode char U+00A1 (decimal 161)
   defining Unicode char U+00A3 (decimal 163)
   defining Unicode char U+00AB (decimal 171)
   defining Unicode char U+00BB (decimal 187)
   defining Unicode char U+00BF (decimal 191)
   defining Unicode char U+00C0 (decimal 192)
   defining Unicode char U+00C1 (decimal 193)
   defining Unicode char U+00C2 (decimal 194)
   defining Unicode char U+00C3 (decimal 195)
   defining Unicode char U+00C4 (decimal 196)
   defining Unicode char U+00C5 (decimal 197)
   defining Unicode char U+00C6 (decimal 198)
   defining Unicode char U+00C7 (decimal 199)
   defining Unicode char U+00C8 (decimal 200)
   defining Unicode char U+00C9 (decimal 201)
   defining Unicode char U+00CA (decimal 202)
   defining Unicode char U+00CB (decimal 203)
   defining Unicode char U+00CC (decimal 204)
   defining Unicode char U+00CD (decimal 205)
   defining Unicode char U+00CE (decimal 206)
   defining Unicode char U+00CF (decimal 207)
   defining Unicode char U+00D0 (decimal 208)
   defining Unicode char U+00D1 (decimal 209)
   defining Unicode char U+00D2 (decimal 210)
   defining Unicode char U+00D3 (decimal 211)
   defining Unicode char U+00D4 (decimal 212)
   defining Unicode char U+00D5 (decimal 213)
   defining Unicode char U+00D6 (decimal 214)
   defining Unicode char U+00D8 (decimal 216)
   defining Unicode char U+00D9 (decimal 217)
   defining Unicode char U+00DA (decimal 218)
   defining Unicode char U+00DB (decimal 219)
   defining Unicode char U+00DC (decimal 220)
   defining Unicode char U+00DD (decimal 221)
   defining Unicode char U+00DE (decimal 222)
   defining Unicode char U+00DF (decimal 223)
   defining Unicode char U+00E0 (decimal 224)
   defining Unicode char U+00E1 (decimal 225)
   defining Unicode char U+00E2 (decimal 226)
   defining Unicode char U+00E3 (decimal 227)
   defining Unicode char U+00E4 (decimal 228)
   defining Unicode char U+00E5 (decimal 229)
   defining Unicode char U+00E6 (decimal 230)
   defining Unicode char U+00E7 (decimal 231)
   defining Unicode char U+00E8 (decimal 232)
   defining Unicode char U+00E9 (decimal 233)
   defining Unicode char U+00EA (decimal 234)
   defining Unicode char U+00EB (decimal 235)
   defining Unicode char U+00EC (decimal 236)
   defining Unicode char U+00ED (decimal 237)
   defining Unicode char U+00EE (decimal 238)
   defining Unicode char U+00EF (decimal 239)
   defining Unicode char U+00F0 (decimal 240)
   defining Unicode char U+00F1 (decimal 241)
   defining Unicode char U+00F2 (decimal 242)
   defining Unicode char U+00F3 (decimal 243)
   defining Unicode char U+00F4 (decimal 244)
   defining Unicode char U+00F5 (decimal 245)
   defining Unicode char U+00F6 (decimal 246)
   defining Unicode char U+00F8 (decimal 248)
   defining Unicode char U+00F9 (decimal 249)
   defining Unicode char U+00FA (decimal 250)
   defining Unicode char U+00FB (decimal 251)
   defining Unicode char U+00FC (decimal 252)
   defining Unicode char U+00FD (decimal 253)
   defining Unicode char U+00FE (decimal 254)
   defining Unicode char U+00FF (decimal 255)
   defining Unicode char U+0102 (decimal 258)
   defining Unicode char U+0103 (decimal 259)
   defining Unicode char U+0104 (decimal 260)
   defining Unicode char U+0105 (decimal 261)
   defining Unicode char U+0106 (decimal 262)
   defining Unicode char U+0107 (decimal 263)
   defining Unicode char U+010C (decimal 268)
   defining Unicode char U+010D (decimal 269)
   defining Unicode char U+010E (decimal 270)
   defining Unicode char U+010F (decimal 271)
   defining Unicode char U+0110 (decimal 272)
   defining Unicode char U+0111 (decimal 273)
   defining Unicode char U+0118 (decimal 280)
   defining Unicode char U+0119 (decimal 281)
   defining Unicode char U+011A (decimal 282)
   defining Unicode char U+011B (decimal 283)
   defining Unicode char U+011E (decimal 286)
   defining Unicode char U+011F (decimal 287)
   defining Unicode char U+0130 (decimal 304)
   defining Unicode char U+0131 (decimal 305)
   defining Unicode char U+0132 (decimal 306)
   defining Unicode char U+0133 (decimal 307)
   defining Unicode char U+0139 (decimal 313)
   defining Unicode char U+013A (decimal 314)
   defining Unicode char U+013D (decimal 317)
   defining Unicode char U+013E (decimal 318)
   defining Unicode char U+0141 (decimal 321)
   defining Unicode char U+0142 (decimal 322)
   defining Unicode char U+0143 (decimal 323)
   defining Unicode char U+0144 (decimal 324)
   defining Unicode char U+0147 (decimal 327)
   defining Unicode char U+0148 (decimal 328)
   defining Unicode char U+014A (decimal 330)
   defining Unicode char U+014B (decimal 331)
   defining Unicode char U+0150 (decimal 336)
   defining Unicode char U+0151 (decimal 337)
   defining Unicode char U+0152 (decimal 338)
   defining Unicode char U+0153 (decimal 339)
   defining Unicode char U+0154 (decimal 340)
   defining Unicode char U+0155 (decimal 341)
   defining Unicode char U+0158 (decimal 344)
   defining Unicode char U+0159 (decimal 345)
   defining Unicode char U+015A (decimal 346)
   defining Unicode char U+015B (decimal 347)
   defining Unicode char U+015E (decimal 350)
   defining Unicode char U+015F (decimal 351)
   defining Unicode char U+0160 (decimal 352)
   defining Unicode char U+0161 (decimal 353)
   defining Unicode char U+0162 (decimal 354)
   defining Unicode char U+0163 (decimal 355)
   defining Unicode char U+0164 (decimal 356)
   defining Unicode char U+0165 (decimal 357)
   defining Unicode char U+016E (decimal 366)
   defining Unicode char U+016F (decimal 367)
   defining Unicode char U+0170 (decimal 368)
   defining Unicode char U+0171 (decimal 369)
   defining Unicode char U+0178 (decimal 376)
   defining Unicode char U+0179 (decimal 377)
   defining Unicode char U+017A (decimal 378)
   defining Unicode char U+017B (decimal 379)
   defining Unicode char U+017C (decimal 380)
   defining Unicode char U+017D (decimal 381)
   defining Unicode char U+017E (decimal 382)
   defining Unicode char U+200C (decimal 8204)
   defining Unicode char U+2013 (decimal 8211)
   defining Unicode char U+2014 (decimal 8212)
   defining Unicode char U+2018 (decimal 8216)
   defining Unicode char U+2019 (decimal 8217)
   defining Unicode char U+201A (decimal 8218)
   defining Unicode char U+201C (decimal 8220)
   defining Unicode char U+201D (decimal 8221)
   defining Unicode char U+201E (decimal 8222)
   defining Unicode char U+2030 (decimal 8240)
   defining Unicode char U+2031 (decimal 8241)
   defining Unicode char U+2039 (decimal 8249)
   defining Unicode char U+203A (decimal 8250)
   defining Unicode char U+2423 (decimal 9251)
)
Now handling font encoding OT1 ...
... processing UTF-8 mapping file for font encoding OT1

(/sw/share/texmf-dist/tex/latex/base/ot1enc.dfu
File: ot1enc.dfu 2008/04/05 v1.1m UTF-8 support for inputenc
   defining Unicode char U+00A1 (decimal 161)
   defining Unicode char U+00A3 (decimal 163)
   defining Unicode char U+00B8 (decimal 184)
   defining Unicode char U+00BF (decimal 191)
   defining Unicode char U+00C5 (decimal 197)
   defining Unicode char U+00C6 (decimal 198)
   defining Unicode char U+00D8 (decimal 216)
   defining Unicode char U+00DF (decimal 223)
   defining Unicode char U+00E6 (decimal 230)
   defining Unicode char U+00EC (decimal 236)
   defining Unicode char U+00ED (decimal 237)
   defining Unicode char U+00EE (decimal 238)
   defining Unicode char U+00EF (decimal 239)
   defining Unicode char U+00F8 (decimal 248)
   defining Unicode char U+0131 (decimal 305)
   defining Unicode char U+0141 (decimal 321)
   defining Unicode char U+0142 (decimal 322)
   defining Unicode char U+0152 (decimal 338)
   defining Unicode char U+0153 (decimal 339)
   defining Unicode char U+2013 (decimal 8211)
   defining Unicode char U+2014 (decimal 8212)
   defining Unicode char U+2018 (decimal 8216)
   defining Unicode char U+2019 (decimal 8217)
   defining Unicode char U+201C (decimal 8220)
   defining Unicode char U+201D (decimal 8221)
)
Now handling font encoding OMS ...
... processing UTF-8 mapping file for font encoding OMS

(/sw/share/texmf-dist/tex/latex/base/omsenc.dfu
File: omsenc.dfu 2008/04/05 v1.1m UTF-8 support for inputenc
   defining Unicode char U+00A7 (decimal 167)
   defining Unicode char U+00B6 (decimal 182)
   defining Unicode char U+00B7 (decimal 183)
   defining Unicode char U+2020 (decimal 8224)
   defining Unicode char U+2021 (decimal 8225)
   defining Unicode char U+2022 (decimal 8226)
)
Now handling font encoding OMX ...
... no UTF-8 mapping file for font encoding OMX
Now handling font encoding U ...
... no UTF-8 mapping file for font encoding U
   defining Unicode char U+00A9 (decimal 169)
   defining Unicode char U+00AA (decimal 170)
   defining Unicode char U+00AE (decimal 174)
   defining Unicode char U+00BA (decimal 186)
   defining Unicode char U+02C6 (decimal 710)
   defining Unicode char U+02DC (decimal 732)
   defining Unicode char U+200C (decimal 8204)
   defining Unicode char U+2026 (decimal 8230)
   defining Unicode char U+2122 (decimal 8482)
   defining Unicode char U+2423 (decimal 9251)
))
   defining Unicode char U+00A0 (decimal 160)

(/sw/share/texmf-dist/tex/latex/cmap/cmap.sty
Package: cmap 2008/03/06 v1.0h CMap support: searchable PDF
)
(/sw/share/texmf-dist/tex/latex/base/fontenc.sty
Package: fontenc 2005/09/27 v1.99g Standard LaTeX package

(/sw/share/texmf-dist/tex/latex/base/t1enc.def
File: t1enc.def 2005/09/27 v1.99g Standard LaTeX file
LaTeX Font Info:    Redeclaring font encoding T1 on input line 43.
)<<t1.cmap>>)
(/sw/share/texmf-dist/tex/generic/babel/babel.sty
Package: babel 2008/07/06 v3.8l The Babel package

(/sw/share/texmf-dist/tex/generic/babel/english.ldf
Language: english 2005/03/30 v3.3o English support from the babel system

(/sw/share/texmf-dist/tex/generic/babel/babel.def
File: babel.def 2008/07/06 v3.8l Babel common definitions
\babel@savecnt=\count88
\U@D=\dimen103
)
\l@canadian = a dialect from \language\l@american 
\l@australian = a dialect from \language\l@british 
\l@newzealand = a dialect from \language\l@british 
))
(/sw/share/texmf-dist/tex/latex/psnfss/times.sty
Package: times 2005/04/12 PSNFSS-v9.2a (SPQR) 
) (./fncychap.sty
Package: fncychap 2007/07/30 v1.34 LaTeX package (Revised chapters)
\RW=\skip43
\mylen=\skip44
\myhi=\skip45
\px=\skip46
\py=\skip47
\pyy=\skip48
\pxx=\skip49
\c@AlphaCnt=\count89
\c@AlphaDecCnt=\count90
)
(/sw/share/texmf-dist/tex/latex/tools/longtable.sty
Package: longtable 2004/02/01 v4.11 Multi-page Table package (DPC)
\LTleft=\skip50
\LTright=\skip51
\LTpre=\skip52
\LTpost=\skip53
\LTchunksize=\count91
\LTcapwidth=\dimen104
\LT@head=\box26
\LT@firsthead=\box27
\LT@foot=\box28
\LT@lastfoot=\box29
\LT@cols=\count92
\LT@rows=\count93
\c@LT@tables=\count94
\c@LT@chunks=\count95
\LT@p@ftn=\toks16
) (./sphinx.sty
Package: sphinx 2010/01/15 LaTeX package (Sphinx markup)

(/sw/share/texmf-dist/tex/latex/fancyhdr/fancyhdr.sty
\fancy@headwidth=\skip54
\f@ncyO@elh=\skip55
\f@ncyO@erh=\skip56
\f@ncyO@olh=\skip57
\f@ncyO@orh=\skip58
\f@ncyO@elf=\skip59
\f@ncyO@erf=\skip60
\f@ncyO@olf=\skip61
\f@ncyO@orf=\skip62
)
(/sw/share/texmf-dist/tex/latex/base/textcomp.sty
Package: textcomp 2005/09/27 v1.99g Standard LaTeX package
Package textcomp Info: Sub-encoding information:
(textcomp)               5 = only ISO-Adobe without \textcurrency
(textcomp)               4 = 5 + \texteuro
(textcomp)               3 = 4 + \textohm
(textcomp)               2 = 3 + \textestimated + \textcurrency
(textcomp)               1 = TS1 - \textcircled - \t
(textcomp)               0 = TS1 (full)
(textcomp)             Font families with sub-encoding setting implement
(textcomp)             only a restricted character set as indicated.
(textcomp)             Family '?' is the default used for unknown fonts.
(textcomp)             See the documentation for details.
Package textcomp Info: Setting ? sub-encoding to TS1/1 on input line 71.

(/sw/share/texmf-dist/tex/latex/base/ts1enc.def
File: ts1enc.def 2001/06/05 v3.0e (jk/car/fm) Standard LaTeX file
Now handling font encoding TS1 ...
... processing UTF-8 mapping file for font encoding TS1

(/sw/share/texmf-dist/tex/latex/base/ts1enc.dfu
File: ts1enc.dfu 2008/04/05 v1.1m UTF-8 support for inputenc
   defining Unicode char U+00A2 (decimal 162)
   defining Unicode char U+00A3 (decimal 163)
   defining Unicode char U+00A4 (decimal 164)
   defining Unicode char U+00A5 (decimal 165)
   defining Unicode char U+00A6 (decimal 166)
   defining Unicode char U+00A7 (decimal 167)
   defining Unicode char U+00A8 (decimal 168)
   defining Unicode char U+00A9 (decimal 169)
   defining Unicode char U+00AA (decimal 170)
   defining Unicode char U+00AC (decimal 172)
   defining Unicode char U+00AE (decimal 174)
   defining Unicode char U+00AF (decimal 175)
   defining Unicode char U+00B0 (decimal 176)
   defining Unicode char U+00B1 (decimal 177)
   defining Unicode char U+00B2 (decimal 178)
   defining Unicode char U+00B3 (decimal 179)
   defining Unicode char U+00B4 (decimal 180)
   defining Unicode char U+00B5 (decimal 181)
   defining Unicode char U+00B6 (decimal 182)
   defining Unicode char U+00B7 (decimal 183)
   defining Unicode char U+00B9 (decimal 185)
   defining Unicode char U+00BA (decimal 186)
   defining Unicode char U+00BC (decimal 188)
   defining Unicode char U+00BD (decimal 189)
   defining Unicode char U+00BE (decimal 190)
   defining Unicode char U+00D7 (decimal 215)
   defining Unicode char U+00F7 (decimal 247)
   defining Unicode char U+0192 (decimal 402)
   defining Unicode char U+02C7 (decimal 711)
   defining Unicode char U+02D8 (decimal 728)
   defining Unicode char U+02DD (decimal 733)
   defining Unicode char U+0E3F (decimal 3647)
   defining Unicode char U+2016 (decimal 8214)
   defining Unicode char U+2020 (decimal 8224)
   defining Unicode char U+2021 (decimal 8225)
   defining Unicode char U+2022 (decimal 8226)
   defining Unicode char U+2030 (decimal 8240)
   defining Unicode char U+2031 (decimal 8241)
   defining Unicode char U+203B (decimal 8251)
   defining Unicode char U+203D (decimal 8253)
   defining Unicode char U+2044 (decimal 8260)
   defining Unicode char U+204E (decimal 8270)
   defining Unicode char U+2052 (decimal 8274)
   defining Unicode char U+20A1 (decimal 8353)
   defining Unicode char U+20A4 (decimal 8356)
   defining Unicode char U+20A6 (decimal 8358)
   defining Unicode char U+20A9 (decimal 8361)
   defining Unicode char U+20AB (decimal 8363)
   defining Unicode char U+20AC (decimal 8364)
   defining Unicode char U+20B1 (decimal 8369)
   defining Unicode char U+2103 (decimal 8451)
   defining Unicode char U+2116 (decimal 8470)
   defining Unicode char U+2117 (decimal 8471)
   defining Unicode char U+211E (decimal 8478)
   defining Unicode char U+2120 (decimal 8480)
   defining Unicode char U+2122 (decimal 8482)
   defining Unicode char U+2126 (decimal 8486)
   defining Unicode char U+2127 (decimal 8487)
   defining Unicode char U+212E (decimal 8494)
   defining Unicode char U+2190 (decimal 8592)
   defining Unicode char U+2191 (decimal 8593)
   defining Unicode char U+2192 (decimal 8594)
   defining Unicode char U+2193 (decimal 8595)
   defining Unicode char U+2329 (decimal 9001)
   defining Unicode char U+232A (decimal 9002)
   defining Unicode char U+2422 (decimal 9250)
   defining Unicode char U+25E6 (decimal 9702)
   defining Unicode char U+25EF (decimal 9711)
   defining Unicode char U+266A (decimal 9834)
))
LaTeX Info: Redefining \oldstylenums on input line 266.
Package textcomp Info: Setting cmr sub-encoding to TS1/0 on input line 281.
Package textcomp Info: Setting cmss sub-encoding to TS1/0 on input line 282.
Package textcomp Info: Setting cmtt sub-encoding to TS1/0 on input line 283.
Package textcomp Info: Setting cmvtt sub-encoding to TS1/0 on input line 284.
Package textcomp Info: Setting cmbr sub-encoding to TS1/0 on input line 285.
Package textcomp Info: Setting cmtl sub-encoding to TS1/0 on input line 286.
Package textcomp Info: Setting ccr sub-encoding to TS1/0 on input line 287.
Package textcomp Info: Setting ptm sub-encoding to TS1/4 on input line 288.
Package textcomp Info: Setting pcr sub-encoding to TS1/4 on input line 289.
Package textcomp Info: Setting phv sub-encoding to TS1/4 on input line 290.
Package textcomp Info: Setting ppl sub-encoding to TS1/3 on input line 291.
Package textcomp Info: Setting pag sub-encoding to TS1/4 on input line 292.
Package textcomp Info: Setting pbk sub-encoding to TS1/4 on input line 293.
Package textcomp Info: Setting pnc sub-encoding to TS1/4 on input line 294.
Package textcomp Info: Setting pzc sub-encoding to TS1/4 on input line 295.
Package textcomp Info: Setting bch sub-encoding to TS1/4 on input line 296.
Package textcomp Info: Setting put sub-encoding to TS1/5 on input line 297.
Package textcomp Info: Setting uag sub-encoding to TS1/5 on input line 298.
Package textcomp Info: Setting ugq sub-encoding to TS1/5 on input line 299.
Package textcomp Info: Setting ul8 sub-encoding to TS1/4 on input line 300.
Package textcomp Info: Setting ul9 sub-encoding to TS1/4 on input line 301.
Package textcomp Info: Setting augie sub-encoding to TS1/5 on input line 302.
Package textcomp Info: Setting dayrom sub-encoding to TS1/3 on input line 303.
Package textcomp Info: Setting dayroms sub-encoding to TS1/3 on input line 304.

Package textcomp Info: Setting pxr sub-encoding to TS1/0 on input line 305.
Package textcomp Info: Setting pxss sub-encoding to TS1/0 on input line 306.
Package textcomp Info: Setting pxtt sub-encoding to TS1/0 on input line 307.
Package textcomp Info: Setting txr sub-encoding to TS1/0 on input line 308.
Package textcomp Info: Setting txss sub-encoding to TS1/0 on input line 309.
Package textcomp Info: Setting txtt sub-encoding to TS1/0 on input line 310.
Package textcomp Info: Setting futs sub-encoding to TS1/4 on input line 311.
Package textcomp Info: Setting futx sub-encoding to TS1/4 on input line 312.
Package textcomp Info: Setting futj sub-encoding to TS1/4 on input line 313.
Package textcomp Info: Setting hlh sub-encoding to TS1/3 on input line 314.
Package textcomp Info: Setting hls sub-encoding to TS1/3 on input line 315.
Package textcomp Info: Setting hlst sub-encoding to TS1/3 on input line 316.
Package textcomp Info: Setting hlct sub-encoding to TS1/5 on input line 317.
Package textcomp Info: Setting hlx sub-encoding to TS1/5 on input line 318.
Package textcomp Info: Setting hlce sub-encoding to TS1/5 on input line 319.
Package textcomp Info: Setting hlcn sub-encoding to TS1/5 on input line 320.
Package textcomp Info: Setting hlcw sub-encoding to TS1/5 on input line 321.
Package textcomp Info: Setting hlcf sub-encoding to TS1/5 on input line 322.
Package textcomp Info: Setting pplx sub-encoding to TS1/3 on input line 323.
Package textcomp Info: Setting pplj sub-encoding to TS1/3 on input line 324.
Package textcomp Info: Setting ptmx sub-encoding to TS1/4 on input line 325.
Package textcomp Info: Setting ptmj sub-encoding to TS1/4 on input line 326.
)
(/sw/share/texmf-dist/tex/latex/fancybox/fancybox.sty
Package: fancybox 2010/05/15 1.4

Style option: `fancybox' v1.4 <2010/05/15> (tvz)
\@fancybox=\box30
\shadowsize=\dimen105
\@Sbox=\box31
\do@VerbBox=\toks17
\the@fancyput=\toks18
\this@fancyput=\toks19
\EndVerbatimTokens=\toks20
\Verbatim@Outfile=\write3
\Verbatim@Infile=\read1
) (/sw/share/texmf-dist/tex/latex/titlesec/titlesec.sty
Package: titlesec 2007/08/12 v2.8 Sectioning titles
\ttl@box=\box32
\beforetitleunit=\skip63
\aftertitleunit=\skip64
\ttl@plus=\dimen106
\ttl@minus=\dimen107
\ttl@toksa=\toks21
\titlewidth=\dimen108
\titlewidthlast=\dimen109
\titlewidthfirst=\dimen110
) (./tabulary.sty
Package: tabulary 2008/12/01 v0.9 tabulary package (DPC)

(/sw/share/texmf-dist/tex/latex/tools/array.sty
Package: array 2008/09/09 v2.4c Tabular extension package (FMi)
\col@sep=\dimen111
\extrarowheight=\dimen112
\NC@list=\toks22
\extratabsurround=\skip65
\backup@length=\skip66
)
\TY@count=\count96
\TY@linewidth=\dimen113
\tymin=\dimen114
\tymax=\dimen115
\TY@tablewidth=\dimen116
)
(/sw/share/texmf-dist/tex/latex/amsmath/amsmath.sty
Package: amsmath 2000/07/18 v2.13 AMS math features
\@mathmargin=\skip67

For additional information on amsmath, use the `?' option.
(/sw/share/texmf-dist/tex/latex/amsmath/amstext.sty
Package: amstext 2000/06/29 v2.01

(/sw/share/texmf-dist/tex/latex/amsmath/amsgen.sty
File: amsgen.sty 1999/11/30 v2.0
\@emptytoks=\toks23
\ex@=\dimen117
))
(/sw/share/texmf-dist/tex/latex/amsmath/amsbsy.sty
Package: amsbsy 1999/11/29 v1.2d
\pmbraise@=\dimen118
)
(/sw/share/texmf-dist/tex/latex/amsmath/amsopn.sty
Package: amsopn 1999/12/14 v2.01 operator names
)
\inf@bad=\count97
LaTeX Info: Redefining \frac on input line 211.
\uproot@=\count98
\leftroot@=\count99
LaTeX Info: Redefining \overline on input line 307.
\classnum@=\count100
\DOTSCASE@=\count101
LaTeX Info: Redefining \ldots on input line 379.
LaTeX Info: Redefining \dots on input line 382.
LaTeX Info: Redefining \cdots on input line 467.
\Mathstrutbox@=\box33
\strutbox@=\box34
\big@size=\dimen119
LaTeX Font Info:    Redeclaring font encoding OML on input line 567.
LaTeX Font Info:    Redeclaring font encoding OMS on input line 568.
\macc@depth=\count102
\c@MaxMatrixCols=\count103
\dotsspace@=\muskip10
\c@parentequation=\count104
\dspbrk@lvl=\count105
\tag@help=\toks24
\row@=\count106
\column@=\count107
\maxfields@=\count108
\andhelp@=\toks25
\eqnshift@=\dimen120
\alignsep@=\dimen121
\tagshift@=\dimen122
\tagwidth@=\dimen123
\totwidth@=\dimen124
\lineht@=\dimen125
\@envbody=\toks26
\multlinegap=\skip68
\multlinetaggap=\skip69
\mathdisplay@stack=\toks27
LaTeX Info: Redefining \[ on input line 2666.
LaTeX Info: Redefining \] on input line 2667.
)
(/sw/share/texmf-dist/tex/latex/base/makeidx.sty
Package: makeidx 2000/03/29 v1.0m Standard LaTeX package
)
(/sw/share/texmf-dist/tex/latex/framed/framed.sty
Package: framed 2007/10/04 v 0.95: framed or shaded text with page breaks
\fb@frw=\dimen126
\fb@frh=\dimen127
\FrameRule=\dimen128
\FrameSep=\dimen129
)
(/sw/share/texmf-dist/tex/latex/base/ifthen.sty
Package: ifthen 2001/05/26 v1.1c Standard LaTeX ifthen package (DPC)
)
(/sw/share/texmf-dist/tex/latex/graphics/color.sty
Package: color 2005/11/14 v1.0j Standard LaTeX Color (DPC)

(/sw/share/texmf-dist/tex/latex/latexconfig/color.cfg
File: color.cfg 2007/01/18 v1.5 color configuration of teTeX/TeXLive
)
Package color Info: Driver file: pdftex.def on input line 130.

(/sw/share/texmf-dist/tex/latex/pdftex-def/pdftex.def
File: pdftex.def 2011/05/27 v0.06d Graphics/color for pdfTeX

(/sw/share/texmf-dist/tex/generic/oberdiek/infwarerr.sty
Package: infwarerr 2010/04/08 v1.3 Providing info/warning/message (HO)
)
(/sw/share/texmf-dist/tex/generic/oberdiek/ltxcmds.sty
Package: ltxcmds 2011/04/18 v1.20 LaTeX kernel commands for general use (HO)
)
\Gread@gobject=\count109
))
(/sw/share/texmf-dist/tex/latex/fancyvrb/fancyvrb.sty
Package: fancyvrb 2008/02/07

Style option: `fancyvrb' v2.7a, with DG/SPQR fixes, and firstline=lastline fix 
<2008/02/07> (tvz) (/sw/share/texmf-dist/tex/latex/graphics/keyval.sty
Package: keyval 1999/03/16 v1.13 key=value parser (DPC)
\KV@toks@=\toks28
)
\FV@CodeLineNo=\count110
\FV@InFile=\read2
\FV@TabBox=\box35
\c@FancyVerbLine=\count111
\FV@StepNumber=\count112
\FV@OutFile=\write4
)
(/sw/share/texmf-dist/tex/latex/threeparttable/threeparttable.sty
Package: threeparttable 2003/06/13  v 3.0
\@tempboxb=\box36
)
(/sw/share/texmf-dist/tex/latex/mdwtools/footnote.sty
Package: footnote 1997/01/28 1.13 Save footnotes around boxes
\fn@notes=\box37
\fn@width=\dimen130
)
(/sw/share/texmf-dist/tex/latex/wrapfig/wrapfig.sty
\wrapoverhang=\dimen131
\WF@size=\dimen132
\c@WF@wrappedlines=\count113
\WF@box=\box38
\WF@everypar=\toks29
Package: wrapfig 2003/01/31  v 3.6
)
(/sw/share/texmf-dist/tex/latex/parskip/parskip.sty
Package: parskip 2001/04/09 non-zero parskip adjustments
)
(/sw/share/texmf-dist/tex/latex/base/alltt.sty
Package: alltt 1997/06/16 v2.0g defines alltt environment
)
(/sw/share/texmf-dist/tex/latex/graphics/graphicx.sty
Package: graphicx 1999/02/16 v1.0f Enhanced LaTeX Graphics (DPC,SPQR)

(/sw/share/texmf-dist/tex/latex/graphics/graphics.sty
Package: graphics 2009/02/05 v1.0o Standard LaTeX Graphics (DPC,SPQR)

(/sw/share/texmf-dist/tex/latex/graphics/trig.sty
Package: trig 1999/03/16 v1.09 sin cos tan (DPC)
)
(/sw/share/texmf-dist/tex/latex/latexconfig/graphics.cfg
File: graphics.cfg 2010/04/23 v1.9 graphics configuration of TeX Live
)
Package graphics Info: Driver file: pdftex.def on input line 91.
)
\Gin@req@height=\dimen133
\Gin@req@width=\dimen134
)
(/sw/share/texmf-dist/tex/plain/misc/pdfcolor.tex)
\distancetoright=\skip70
\py@argswidth=\skip71
\py@noticelength=\skip72
\lineblockindentation=\skip73
\image@box=\box39
\image@width=\dimen135

(/sw/share/texmf-dist/tex/latex/hyperref/hyperref.sty
Package: hyperref 2011/04/17 v6.82g Hypertext links for LaTeX

(/sw/share/texmf-dist/tex/generic/oberdiek/hobsub-hyperref.sty
Package: hobsub-hyperref 2011/04/23 v1.4 Bundle oberdiek, subset hyperref (HO)

(/sw/share/texmf-dist/tex/generic/oberdiek/hobsub-generic.sty
Package: hobsub-generic 2011/04/23 v1.4 Bundle oberdiek, subset generic (HO)
Package: hobsub 2011/04/23 v1.4 Subsetting bundle oberdiek (HO)
Package hobsub Info: Skipping package `infwarerr' (already loaded).
Package hobsub Info: Skipping package `ltxcmds' (already loaded).
Package: ifluatex 2010/03/01 v1.3 Provides the ifluatex switch (HO)
Package ifluatex Info: LuaTeX not detected.
Package: ifvtex 2010/03/01 v1.5 Switches for detecting VTeX and its modes (HO)
Package ifvtex Info: VTeX not detected.
Package: intcalc 2007/09/27 v1.1 Expandable integer calculations (HO)
Package: ifpdf 2011/01/30 v2.3 Provides the ifpdf switch (HO)
Package ifpdf Info: pdfTeX in PDF mode is detected.
Package: etexcmds 2011/02/16 v1.5 Prefix for e-TeX command names (HO)
Package etexcmds Info: Could not find \expanded.
(etexcmds)             That can mean that you are not using pdfTeX 1.50 or
(etexcmds)             that some package has redefined \expanded.
(etexcmds)             In the latter case, load this package earlier.
Package: kvsetkeys 2011/04/07 v1.13 Key value parser (HO)
Package: kvdefinekeys 2011/04/07 v1.3 Defining keys (HO)
Package: pdftexcmds 2011/04/22 v0.16 Utilities of pdfTeX for LuaTeX (HO)
Package pdftexcmds Info: LuaTeX not detected.
Package pdftexcmds Info: \pdf@primitive is available.
Package pdftexcmds Info: \pdf@ifprimitive is available.
Package pdftexcmds Info: \pdfdraftmode found.
Package: pdfescape 2011/04/04 v1.12 Provides string conversions (HO)
Package: bigintcalc 2011/01/30 v1.2 Expandable big integer calculations (HO)
Package: bitset 2011/01/30 v1.1 Data type bit set (HO)
Package: uniquecounter 2011/01/30 v1.2 Provides unlimited unique counter (HO)
)
Package hobsub Info: Skipping package `hobsub' (already loaded).
Package: letltxmacro 2010/09/02 v1.4 Let assignment for LaTeX macros (HO)
Package: hopatch 2011/01/30 v1.0 Wrapper for package hooks (HO)
Package: xcolor-patch 2011/01/30 xcolor patch
Package: atveryend 2011/04/23 v1.7 Hooks at very end of document (HO)
Package atveryend Info: \enddocument detected (standard).
Package: atbegshi 2011/01/30 v1.15 At begin shipout hook (HO)
Package: refcount 2010/12/01 v3.2 Data extraction from references (HO)
Package: hycolor 2011/01/30 v1.7 Color options of hyperref/bookmark (HO)
)
(/sw/share/texmf-dist/tex/generic/ifxetex/ifxetex.sty
Package: ifxetex 2010/09/12 v0.6 Provides ifxetex conditional
)
(/sw/share/texmf-dist/tex/latex/oberdiek/kvoptions.sty
Package: kvoptions 2010/12/23 v3.10 Keyval support for LaTeX options (HO)
)
\@linkdim=\dimen136
\Hy@linkcounter=\count114
\Hy@pagecounter=\count115

(/sw/share/texmf-dist/tex/latex/hyperref/pd1enc.def
File: pd1enc.def 2011/04/17 v6.82g Hyperref: PDFDocEncoding definition (HO)
Now handling font encoding PD1 ...
... no UTF-8 mapping file for font encoding PD1
)
\Hy@SavedSpaceFactor=\count116

(/sw/share/texmf-dist/tex/latex/latexconfig/hyperref.cfg
File: hyperref.cfg 2002/06/06 v1.2 hyperref configuration of TeXLive
)
Package hyperref Info: Option `colorlinks' set `true' on input line 3905.
Package hyperref Info: Option `breaklinks' set `true' on input line 3905.
Package hyperref Info: Hyper figures OFF on input line 4026.
Package hyperref Info: Link nesting OFF on input line 4031.
Package hyperref Info: Hyper index ON on input line 4034.
Package hyperref Info: Plain pages OFF on input line 4041.
Package hyperref Info: Backreferencing OFF on input line 4046.
Package hyperref Info: Implicit mode ON; LaTeX internals redefined.
Package hyperref Info: Bookmarks ON on input line 4264.
\c@Hy@tempcnt=\count117

(/sw/share/texmf-dist/tex/latex/url/url.sty
\Urlmuskip=\muskip11
Package: url 2006/04/12  ver 3.3  Verb mode for urls, etc.
)
LaTeX Info: Redefining \url on input line 4617.
\Fld@menulength=\count118
\Field@Width=\dimen137
\Fld@charsize=\dimen138
Package hyperref Info: Hyper figures OFF on input line 5701.
Package hyperref Info: Link nesting OFF on input line 5706.
Package hyperref Info: Hyper index ON on input line 5709.
Package hyperref Info: backreferencing OFF on input line 5716.
Package hyperref Info: Link coloring ON on input line 5719.
Package hyperref Info: Link coloring with OCG OFF on input line 5726.
Package hyperref Info: PDF/A mode OFF on input line 5731.
LaTeX Info: Redefining \ref on input line 5771.
LaTeX Info: Redefining \pageref on input line 5775.
\Hy@abspage=\count119
\c@Item=\count120
\c@Hfootnote=\count121
)

Package hyperref Message: Driver (autodetected): hpdftex.

(/sw/share/texmf-dist/tex/latex/hyperref/hpdftex.def
File: hpdftex.def 2011/04/17 v6.82g Hyperref driver for pdfTeX
\Fld@listcount=\count122
\c@bookmark@seq@number=\count123

(/sw/share/texmf-dist/tex/latex/oberdiek/rerunfilecheck.sty
Package: rerunfilecheck 2011/04/15 v1.7 Rerun checks for auxiliary files (HO)
Package uniquecounter Info: New unique counter `rerunfilecheck' on input line 2
82.
)
\Hy@SectionHShift=\skip74
)
(/sw/share/texmf-dist/tex/latex/oberdiek/hypcap.sty
Package: hypcap 2011/02/16 v1.11 Adjusting anchors of captions (HO)
)
\DUlineblockindent=\skip75
)
(/sw/share/texmf-dist/tex/latex/multirow/multirow.sty
\bigstrutjot=\dimen139
) (./enumitem.sty
Package: enumitem 2011/09/28 v3.5.2 Customized lists
\labelindent=\skip76
\enit@outerparindent=\dimen140
\enit@toks=\toks30
\enit@inbox=\box40
\enitdp@description=\count124
)
   defining Unicode char U+00A0 (decimal 160)

(/sw/share/texmf-dist/tex/latex/expdlist/expdlist.sty
Document Substyle `EXPDLIST'. Released 22.09.1999 (V 2.4)
English Documentation  22.09.99
\listpartsep=\skip77
)
\@indexfile=\write5
\openout5 = `crds_users_manual.idx'.


Writing index file crds_users_manual.idx
(./crds_users_manual.aux)
\openout1 = `crds_users_manual.aux'.

LaTeX Font Info:    Checking defaults for OML/cmm/m/it on input line 165.
LaTeX Font Info:    ... okay on input line 165.
LaTeX Font Info:    Checking defaults for T1/cmr/m/n on input line 165.
LaTeX Font Info:    ... okay on input line 165.
LaTeX Font Info:    Checking defaults for OT1/cmr/m/n on input line 165.
LaTeX Font Info:    ... okay on input line 165.
LaTeX Font Info:    Checking defaults for OMS/cmsy/m/n on input line 165.
LaTeX Font Info:    ... okay on input line 165.
LaTeX Font Info:    Checking defaults for OMX/cmex/m/n on input line 165.
LaTeX Font Info:    ... okay on input line 165.
LaTeX Font Info:    Checking defaults for U/cmr/m/n on input line 165.
LaTeX Font Info:    ... okay on input line 165.
LaTeX Font Info:    Checking defaults for TS1/cmr/m/n on input line 165.
LaTeX Font Info:    Try loading font information for TS1+cmr on input line 165.

 (/sw/share/texmf-dist/tex/latex/base/ts1cmr.fd
File: ts1cmr.fd 1999/05/25 v2.5h Standard LaTeX font definitions
)
LaTeX Font Info:    ... okay on input line 165.
LaTeX Font Info:    Checking defaults for PD1/pdf/m/n on input line 165.
LaTeX Font Info:    ... okay on input line 165.
LaTeX Font Info:    Try loading font information for T1+ptm on input line 165.

(/sw/share/texmf-dist/tex/latex/psnfss/t1ptm.fd
File: t1ptm.fd 2001/06/04 font definitions for T1/ptm.
)
(/sw/share/texmf-dist/tex/context/base/supp-pdf.mkii
[Loading MPS to PDF converter (version 2006.09.02).]
\scratchcounter=\count125
\scratchdimen=\dimen141
\scratchbox=\box41
\nofMPsegments=\count126
\nofMParguments=\count127
\everyMPshowfont=\toks31
\MPscratchCnt=\count128
\MPscratchDim=\dimen142
\MPnumerator=\count129
\makeMPintoPDFobject=\count130
\everyMPtoPDFconversion=\toks32
) (/sw/share/texmf-dist/tex/latex/oberdiek/epstopdf-base.sty
Package: epstopdf-base 2010/02/09 v2.5 Base part for package epstopdf

(/sw/share/texmf-dist/tex/latex/oberdiek/grfext.sty
Package: grfext 2010/08/19 v1.1 Managing graphics extensions (HO)
)
Package grfext Info: Graphics extension search list:
(grfext)             [.png,.pdf,.jpg,.mps,.jpeg,.jbig2,.jb2,.PNG,.PDF,.JPG,.JPE
G,.JBIG2,.JB2,.eps]
(grfext)             \AppendGraphicsExtensions on input line 452.

(/sw/share/texmf-dist/tex/latex/latexconfig/epstopdf-sys.cfg
File: epstopdf-sys.cfg 2010/07/13 v1.3 Configuration of (r)epstopdf for TeX Liv
e
))
\AtBeginShipoutBox=\box42
Package hyperref Info: Link coloring ON on input line 165.

(/sw/share/texmf-dist/tex/latex/hyperref/nameref.sty
Package: nameref 2010/04/30 v2.40 Cross-referencing by name of section

(/sw/share/texmf-dist/tex/generic/oberdiek/gettitlestring.sty
Package: gettitlestring 2010/12/03 v1.4 Cleanup title references (HO)
)
\c@section@level=\count131
)
LaTeX Info: Redefining \ref on input line 165.
LaTeX Info: Redefining \pageref on input line 165.
LaTeX Info: Redefining \nameref on input line 165.

(./crds_users_manual.out) (./crds_users_manual.out)
\@outlinefile=\write6
\openout6 = `crds_users_manual.out'.


Underfull \hbox (badness 10000) in paragraph at lines 168--168

 []

<stsci_logo.pdf, id=210, 237.88875pt x 133.49875pt>
File: stsci_logo.pdf Graphic file (type pdf)
 <use stsci_logo.pdf>
Package pdftex.def Info: stsci_logo.pdf used on input line 168.
(pdftex.def)             Requested size: 237.88815pt x 133.4984pt.
File: stsci_logo.pdf Graphic file (type pdf)

<use stsci_logo.pdf>
Package pdftex.def Info: stsci_logo.pdf used on input line 168.
(pdftex.def)             Requested size: 237.88815pt x 133.4984pt.
LaTeX Font Info:    Try loading font information for T1+phv on input line 168.
 (/sw/share/texmf-dist/tex/latex/psnfss/t1phv.fd
File: t1phv.fd 2001/06/04 scalable font definitions for T1/phv.
)
LaTeX Font Info:    Font shape `T1/phv/bx/n' in size <24.88> not available
(Font)              Font shape `T1/phv/b/n' tried instead on input line 168.
LaTeX Font Info:    Font shape `T1/phv/m/it' in size <17.28> not available
(Font)              Font shape `T1/phv/m/sl' tried instead on input line 168.
LaTeX Font Info:    Font shape `T1/phv/bx/it' in size <17.28> not available
(Font)              Font shape `T1/phv/b/it' tried instead on input line 168.
LaTeX Font Info:    Font shape `T1/phv/b/it' in size <17.28> not available
(Font)              Font shape `T1/phv/b/sl' tried instead on input line 168.
LaTeX Font Info:    Font shape `T1/phv/bx/n' in size <17.28> not available
(Font)              Font shape `T1/phv/b/n' tried instead on input line 168.
<<ot1.cmap>><<oml.cmap>><<oms.cmap>><<omx.cmap>> [1

{/sw/var/lib/texmf/fonts/map/pdftex/updmap/pdftex.map} <./stsci_logo.pdf>]
LaTeX Font Info:    Font shape `T1/phv/bx/n' in size <10> not available
(Font)              Font shape `T1/phv/b/n' tried instead on input line 168.
 [2

] (./crds_users_manual.toc
LaTeX Font Info:    Font shape `T1/ptm/bx/n' in size <10> not available
(Font)              Font shape `T1/ptm/b/n' tried instead on input line 2.
 [1

])
\tf@toc=\write7
\openout7 = `crds_users_manual.toc'.

 [2]
Chapter 1.
LaTeX Font Info:    Font shape `T1/phv/bx/n' in size <14.4> not available
(Font)              Font shape `T1/phv/b/n' tried instead on input line 173.
LaTeX Font Info:    Font shape `T1/ptm/bx/n' in size <14.4> not available
(Font)              Font shape `T1/ptm/b/n' tried instead on input line 173.
LaTeX Font Info:    Font shape `T1/ptm/bx/n' in size <24.88> not available
(Font)              Font shape `T1/ptm/b/n' tried instead on input line 173.
LaTeX Font Info:    Try loading font information for TS1+ptm on input line 178.

(/sw/share/texmf-dist/tex/latex/psnfss/ts1ptm.fd
File: ts1ptm.fd 2001/06/04 font definitions for TS1/ptm.
)
Underfull \hbox (badness 10000) in paragraph at lines 179--180

 []


Underfull \hbox (badness 10000) in paragraph at lines 189--190

 []


Underfull \hbox (badness 10000) in paragraph at lines 200--201

 []


Underfull \hbox (badness 10000) in paragraph at lines 211--212

 []


Underfull \hbox (badness 10000) in paragraph at lines 222--223

 []


Underfull \hbox (badness 10000) in paragraph at lines 231--232

 []


Underfull \hbox (badness 10000) in paragraph at lines 244--245

 []


Underfull \hbox (badness 10000) in paragraph at lines 253--254

 []


Underfull \hbox (badness 10000) in paragraph at lines 262--263

 []

pdfTeX warning (ext4): destination with the same identifier (name{page.1}) has 
been already used, duplicate ignored
<to be read again> 
                   \relax 
l.263 \item
            {} [1


]
Underfull \hbox (badness 10000) in paragraph at lines 271--272

 []


Underfull \hbox (badness 10000) in paragraph at lines 280--281

 []


Underfull \hbox (badness 10000) in paragraph at lines 291--292

 []


Underfull \hbox (badness 10000) in paragraph at lines 300--301

 []

LaTeX Font Info:    Try loading font information for T1+pcr on input line 312.
(/sw/share/texmf-dist/tex/latex/psnfss/t1pcr.fd
File: t1pcr.fd 2001/06/04 font definitions for T1/pcr.
)pdfTeX warning (ext4): destination with the same identifier (name{page.2}) has
 been already used, duplicate ignored
<to be read again> 
                   \relax 
l.319 \chapter
              {Installation} [2]
Chapter 2.
LaTeX Font Info:    Font shape `T1/phv/bx/n' in size <12> not available
(Font)              Font shape `T1/phv/b/n' tried instead on input line 344.
[3

]
Underfull \hbox (badness 10000) in paragraph at lines 406--407

 []

[4]
Chapter 3.
[5

] [6] [7] [8] [9] [10]
Chapter 4.
[11

]
Underfull \vbox (badness 10000) detected at line 935
 []


Underfull \vbox (badness 10000) detected at line 935
 []

[12] [13] [14] [15] [16] [17] [18] [19] [20]
Underfull \hbox (badness 10000) in paragraph at lines 1513--1513

 []

[21] [22] [23] [24]
Chapter 5.
LaTeX Font Info:    Font shape `T1/pcr/bx/n' in size <9> not available
(Font)              Font shape `T1/pcr/b/n' tried instead on input line 1753.
LaTeX Font Info:    Font shape `T1/pcr/m/it' in size <9> not available
(Font)              Font shape `T1/pcr/m/sl' tried instead on input line 1755.
[25

] [26]
Chapter 6.

Underfull \hbox (badness 10000) in paragraph at lines 1877--1877

 []


Underfull \hbox (badness 10000) in paragraph at lines 1878--1879

 []


Underfull \hbox (badness 10000) in paragraph at lines 1893--1894

 []

[27

]
Underfull \hbox (badness 10000) in paragraph at lines 1911--1911

 []


Underfull \hbox (badness 10000) in paragraph at lines 1912--1913

 []

[28] [29] [30] [31] [32

]
Chapter 7.
<file_relationships.png, id=465, 796.9775pt x 597.56583pt>
File: file_relationships.png Graphic file (type png)

<use file_relationships.png>
Package pdftex.def Info: file_relationships.png used on input line 2146.
(pdftex.def)             Requested size: 796.97554pt x 597.56436pt.
File: file_relationships.png Graphic file (type png)
 <use file_relationships.png>
Package pdftex.def Info: file_relationships.png used on input line 2146.
(pdftex.def)             Requested size: 469.755pt x 352.2143pt.
 [33 <./file_relationships.png>] [34] [35] [36] [37] [38] [39] [40] [41] [42] [
43] [44

]
Chapter 8.
<web_index.png, id=549, 947.54pt x 945.5325pt>
File: web_index.png Graphic file (type png)
 <use web_index.png>
Package pdftex.def Info: web_index.png used on input line 2798.
(pdftex.def)             Requested size: 947.53767pt x 945.5302pt.
File: web_index.png Graphic file (type png)

<use web_index.png>
Package pdftex.def Info: web_index.png used on input line 2798.
(pdftex.def)             Requested size: 469.755pt x 468.75421pt.
 <web_context_history.png, id=550, 945.5325pt x 540.0175pt>
File: web_context_history.png Graphic file (type png)

<use web_context_history.png>
Package pdftex.def Info: web_context_history.png used on input line 2829.
(pdftex.def)             Requested size: 945.5302pt x 540.01617pt.
File: web_context_history.png Graphic file (type png)
 <use web_context_history.png>
Package pdftex.def Info: web_context_history.png used on input line 2829.
(pdftex.def)             Requested size: 469.755pt x 268.29416pt.
 [45 <./web_index.png>] <web_context_table.png, id=556, 957.5775pt x 931.48pt>
File: web_context_table.png Graphic file (type png)

<use web_context_table.png>
Package pdftex.def Info: web_context_table.png used on input line 2837.
(pdftex.def)             Requested size: 957.57516pt x 931.47772pt.
File: web_context_table.png Graphic file (type png)
 <use web_context_table.png>
Package pdftex.def Info: web_context_table.png used on input line 2837.
(pdftex.def)             Requested size: 469.755pt x 456.95508pt.

<web_context_difference.png, id=557, 946.53625pt x 940.51375pt>
File: web_context_difference.png Graphic file (type png)

<use web_context_difference.png>
Package pdftex.def Info: web_context_difference.png used on input line 2854.
(pdftex.def)             Requested size: 946.53395pt x 940.51146pt.
File: web_context_difference.png Graphic file (type png)
 <use web_context_difference.png>
Package pdftex.def Info: web_context_difference.png used on input line 2854.
(pdftex.def)             Requested size: 469.755pt x 466.75406pt.
 [46 <./web_context_history.png> <./web_context_table.png>]
<web_dataset_bestrefs.png, id=563, 956.57375pt x 579.16376pt>
File: web_dataset_bestrefs.png Graphic file (type png)

<use web_dataset_bestrefs.png>
Package pdftex.def Info: web_dataset_bestrefs.png used on input line 2879.
(pdftex.def)             Requested size: 956.57141pt x 579.16234pt.
File: web_dataset_bestrefs.png Graphic file (type png)
 <use web_dataset_bestrefs.png>
Package pdftex.def Info: web_dataset_bestrefs.png used on input line 2879.
(pdftex.def)             Requested size: 469.755pt x 284.41133pt.
 [47 <./web_context_difference.png> <./web_dataset_bestrefs.png>]
<web_dataset_bestrefs_results.png, id=569, 949.5475pt x 939.51pt>
File: web_dataset_bestrefs_results.png Graphic file (type png)

<use web_dataset_bestrefs_results.png>
Package pdftex.def Info: web_dataset_bestrefs_results.png used on input line 29
14.
(pdftex.def)             Requested size: 949.54518pt x 939.5077pt.
File: web_dataset_bestrefs_results.png Graphic file (type png)
 <use web_dataset_bestrefs_results.png>
Package pdftex.def Info: web_dataset_bestrefs_results.png used on input line 29
14.
(pdftex.def)             Requested size: 469.755pt x 464.79367pt.

<web_explore_bestrefs.png, id=570, 951.555pt x 495.8525pt>
File: web_explore_bestrefs.png Graphic file (type png)

<use web_explore_bestrefs.png>
Package pdftex.def Info: web_explore_bestrefs.png used on input line 2937.
(pdftex.def)             Requested size: 951.55267pt x 495.85129pt.
File: web_explore_bestrefs.png Graphic file (type png)
 <use web_explore_bestrefs.png>
Package pdftex.def Info: web_explore_bestrefs.png used on input line 2937.
(pdftex.def)             Requested size: 469.755pt x 244.79327pt.
 [48 <./web_dataset_bestrefs_results.png>]
<web_explore_bestrefs_parameters.png, id=581, 944.52875pt x 871.255pt>
File: web_explore_bestrefs_parameters.png Graphic file (type png)

<use web_explore_bestrefs_parameters.png>
Package pdftex.def Info: web_explore_bestrefs_parameters.png used on input line
 2945.
(pdftex.def)             Requested size: 944.52644pt x 871.25288pt.
File: web_explore_bestrefs_parameters.png Graphic file (type png)

<use web_explore_bestrefs_parameters.png>
Package pdftex.def Info: web_explore_bestrefs_parameters.png used on input line
 2945.
(pdftex.def)             Requested size: 469.755pt x 433.31323pt.

<web_browse_database.png, id=582, 946.53625pt x 497.86pt>
File: web_browse_database.png Graphic file (type png)

<use web_browse_database.png>
Package pdftex.def Info: web_browse_database.png used on input line 2960.
(pdftex.def)             Requested size: 946.53395pt x 497.85878pt.
File: web_browse_database.png Graphic file (type png)
 <use web_browse_database.png>
Package pdftex.def Info: web_browse_database.png used on input line 2960.
(pdftex.def)             Requested size: 469.755pt x 247.07578pt.

<web_browse_database_files.png, id=583, 956.57375pt x 918.43124pt>
File: web_browse_database_files.png Graphic file (type png)

<use web_browse_database_files.png>
Package pdftex.def Info: web_browse_database_files.png used on input line 2971.

(pdftex.def)             Requested size: 956.57141pt x 918.429pt.
File: web_browse_database_files.png Graphic file (type png)
 <use web_browse_database_files.png>
Package pdftex.def Info: web_browse_database_files.png used on input line 2971.

(pdftex.def)             Requested size: 469.755pt x 451.01624pt.

<web_browse_database_details.png, id=584, 950.55125pt x 407.5225pt>
File: web_browse_database_details.png Graphic file (type png)

<use web_browse_database_details.png>
Package pdftex.def Info: web_browse_database_details.png used on input line 298
0.
(pdftex.def)             Requested size: 950.54893pt x 407.5215pt.
File: web_browse_database_details.png Graphic file (type png)
 <use web_browse_database_details.png>
Package pdftex.def Info: web_browse_database_details.png used on input line 298
0.
(pdftex.def)             Requested size: 469.755pt x 201.3978pt.

[49 <./web_explore_bestrefs.png> <./web_explore_bestrefs_parameters.png>]
[50 <./web_browse_database.png> <./web_browse_database_files.png> <./web_browse
_database_details.png>]
<web_recent_activity.png, id=594, 952.55875pt x 494.84875pt>
File: web_recent_activity.png Graphic file (type png)

<use web_recent_activity.png>
Package pdftex.def Info: web_recent_activity.png used on input line 3019.
(pdftex.def)             Requested size: 952.55643pt x 494.84755pt.
File: web_recent_activity.png Graphic file (type png)
 <use web_recent_activity.png>
Package pdftex.def Info: web_recent_activity.png used on input line 3019.
(pdftex.def)             Requested size: 469.755pt x 244.04102pt.

<web_recent_activity_results.png, id=595, 952.55875pt x 805.0075pt>
File: web_recent_activity_results.png Graphic file (type png)

<use web_recent_activity_results.png>
Package pdftex.def Info: web_recent_activity_results.png used on input line 302
8.
(pdftex.def)             Requested size: 952.55643pt x 805.00555pt.
File: web_recent_activity_results.png Graphic file (type png)
 <use web_recent_activity_results.png>
Package pdftex.def Info: web_recent_activity_results.png used on input line 302
8.
(pdftex.def)             Requested size: 469.755pt x 396.9998pt.

[51 <./web_recent_activity.png> <./web_recent_activity_results.png>]
<web_login.png, id=602, 948.54375pt x 459.7175pt>
File: web_login.png Graphic file (type png)
 <use web_login.png>
Package pdftex.def Info: web_login.png used on input line 3052.
(pdftex.def)             Requested size: 948.54143pt x 459.71637pt.
File: web_login.png Graphic file (type png)

<use web_login.png>
Package pdftex.def Info: web_login.png used on input line 3052.
(pdftex.def)             Requested size: 469.755pt x 227.66959pt.
 <web_logged_in.png, id=603, 944.52875pt x 945.5325pt>
File: web_logged_in.png Graphic file (type png)

<use web_logged_in.png>
Package pdftex.def Info: web_logged_in.png used on input line 3060.
(pdftex.def)             Requested size: 944.52644pt x 945.5302pt.
File: web_logged_in.png Graphic file (type png)
 <use web_logged_in.png>
Package pdftex.def Info: web_logged_in.png used on input line 3060.
(pdftex.def)             Requested size: 469.755pt x 470.25468pt.
 [52 <./web_login.png> <./web_logged_in.png>] <web_certify_file.png, id=609, 95
9.585pt x 811.03pt>
File: web_certify_file.png Graphic file (type png)

<use web_certify_file.png>
Package pdftex.def Info: web_certify_file.png used on input line 3102.
(pdftex.def)             Requested size: 959.58266pt x 811.02802pt.
File: web_certify_file.png Graphic file (type png)
 <use web_certify_file.png>
Package pdftex.def Info: web_certify_file.png used on input line 3102.
(pdftex.def)             Requested size: 469.755pt x 397.03691pt.

<web_mark_files_bad.png, id=610, 955.57pt x 564.1075pt>
File: web_mark_files_bad.png Graphic file (type png)

<use web_mark_files_bad.png>
Package pdftex.def Info: web_mark_files_bad.png used on input line 3132.
(pdftex.def)             Requested size: 955.56767pt x 564.10611pt.
File: web_mark_files_bad.png Graphic file (type png)
 <use web_mark_files_bad.png>
Package pdftex.def Info: web_mark_files_bad.png used on input line 3132.
(pdftex.def)             Requested size: 469.755pt x 277.31027pt.
 [53 <./web_certify_file.png>] <web_set_context.png, id=620, 949.5475pt x 700.6
175pt>
File: web_set_context.png Graphic file (type png)

<use web_set_context.png>
Package pdftex.def Info: web_set_context.png used on input line 3152.
(pdftex.def)             Requested size: 949.54518pt x 700.61578pt.
File: web_set_context.png Graphic file (type png)
 <use web_set_context.png>
Package pdftex.def Info: web_set_context.png used on input line 3152.
(pdftex.def)             Requested size: 469.755pt x 346.60895pt.

<web_batch_submit_references.png, id=621, 953.5625pt x 658.46pt>
File: web_batch_submit_references.png Graphic file (type png)

<use web_batch_submit_references.png>
Package pdftex.def Info: web_batch_submit_references.png used on input line 317
9.
(pdftex.def)             Requested size: 953.56018pt x 658.4584pt.
File: web_batch_submit_references.png Graphic file (type png)
 <use web_batch_submit_references.png>
Package pdftex.def Info: web_batch_submit_references.png used on input line 317
9.
(pdftex.def)             Requested size: 469.755pt x 324.38641pt.

[54 <./web_mark_files_bad.png> <./web_set_context.png>]
<web_upload_files.png, id=627, 751.80875pt x 407.5225pt>
File: web_upload_files.png Graphic file (type png)

<use web_upload_files.png>
Package pdftex.def Info: web_upload_files.png used on input line 3201.
(pdftex.def)             Requested size: 751.8069pt x 407.5215pt.
File: web_upload_files.png Graphic file (type png)
 <use web_upload_files.png>
Package pdftex.def Info: web_upload_files.png used on input line 3201.
(pdftex.def)             Requested size: 469.755pt x 254.63875pt.
 [55 <./web_batch_submit_references.png> <./web_upload_files.png>]
<web_derive_from_context.png, id=635, 694.595pt x 322.20375pt>
File: web_derive_from_context.png Graphic file (type png)

<use web_derive_from_context.png>
Package pdftex.def Info: web_derive_from_context.png used on input line 3283.
(pdftex.def)             Requested size: 694.5933pt x 322.20296pt.
File: web_derive_from_context.png Graphic file (type png)
 <use web_derive_from_context.png>
Package pdftex.def Info: web_derive_from_context.png used on input line 3283.
(pdftex.def)             Requested size: 469.755pt x 217.9157pt.
 [56 <./web_derive_from_context.png>]
<web_batch_submit_results.png, id=642, 869.2475pt x 739.76375pt>
File: web_batch_submit_results.png Graphic file (type png)

<use web_batch_submit_results.png>
Package pdftex.def Info: web_batch_submit_results.png used on input line 3332.
(pdftex.def)             Requested size: 869.24538pt x 739.76193pt.
File: web_batch_submit_results.png Graphic file (type png)
 <use web_batch_submit_results.png>
Package pdftex.def Info: web_batch_submit_results.png used on input line 3332.
(pdftex.def)             Requested size: 469.755pt x 399.78253pt.
 [57 <./web_batch_submit_results.png>]
<web_collision_warnings.png, id=655, 984.67876pt x 369.38pt>
File: web_collision_warnings.png Graphic file (type png)

<use web_collision_warnings.png>
Package pdftex.def Info: web_collision_warnings.png used on input line 3369.
(pdftex.def)             Requested size: 984.67635pt x 369.37909pt.
File: web_collision_warnings.png Graphic file (type png)
 <use web_collision_warnings.png>
Package pdftex.def Info: web_collision_warnings.png used on input line 3369.
(pdftex.def)             Requested size: 469.755pt x 176.21822pt.

<web_submit_references.png, id=656, 969.6225pt x 666.49pt>
File: web_submit_references.png Graphic file (type png)

<use web_submit_references.png>
Package pdftex.def Info: web_submit_references.png used on input line 3409.
(pdftex.def)             Requested size: 969.62013pt x 666.48837pt.
File: web_submit_references.png Graphic file (type png)
 <use web_submit_references.png>
Package pdftex.def Info: web_submit_references.png used on input line 3409.
(pdftex.def)             Requested size: 469.755pt x 322.90149pt.

<web_submit_mappings.png, id=657, 973.6375pt x 606.265pt>
File: web_submit_mappings.png Graphic file (type png)

<use web_submit_mappings.png>
Package pdftex.def Info: web_submit_mappings.png used on input line 3423.
(pdftex.def)             Requested size: 973.63512pt x 606.26352pt.
File: web_submit_mappings.png Graphic file (type png)
 <use web_submit_mappings.png>
Package pdftex.def Info: web_submit_mappings.png used on input line 3423.
(pdftex.def)             Requested size: 469.755pt x 292.50253pt.
 [58 <./web_collision_warnings.png>] [59 <./web_submit_references.png> <./web_s
ubmit_mappings.png>] [60

]
Chapter 9.
[61] [62] <web_jsonrpc_browse.png, id=690, 664.4825pt x 893.3375pt>
File: web_jsonrpc_browse.png Graphic file (type png)

<use web_jsonrpc_browse.png>
Package pdftex.def Info: web_jsonrpc_browse.png used on input line 3572.
(pdftex.def)             Requested size: 664.48087pt x 893.33531pt.
File: web_jsonrpc_browse.png Graphic file (type png)
 <use web_jsonrpc_browse.png>
Package pdftex.def Info: web_jsonrpc_browse.png used on input line 3572.
(pdftex.def)             Requested size: 469.755pt x 631.54782pt.
 [63] [64 <./web_jsonrpc_browse.png>]
Chapter 10.
[65

] [66] (./crds_users_manual.ind)
Package atveryend Info: Empty hook `BeforeClearDocument' on input line 3851.
 [67]
Package atveryend Info: Empty hook `AfterLastShipout' on input line 3851.
 (./crds_users_manual.aux)
Package atveryend Info: Executing hook `AtVeryEndDocument' on input line 3851.
Package atveryend Info: Executing hook `AtEndAfterFileList' on input line 3851.

Package rerunfilecheck Info: File `crds_users_manual.out' has not changed.
(rerunfilecheck)             Checksum: A7F48AC9EE2F47EE537892B2E66F6C39;3232.
Package atveryend Info: Empty hook `AtVeryVeryEnd' on input line 3851.
 ) 
Here is how much of TeX's memory you used:
 9685 strings out of 493633
 137546 string characters out of 3149114
 239603 words of memory out of 3000000
 12481 multiletter control sequences out of 15000+200000
 60960 words of font info for 68 fonts, out of 3000000 for 9000
 832 hyphenation exceptions out of 8191
 36i,12n,49p,1260b,653s stack positions out of 5000i,500n,10000p,200000b,50000s
{/sw/share/texmf-dist/fonts/enc/dvips/base/8r.enc}</sw/share/texmf-dist/fonts
/type1/urw/courier/ucrb8a.pfb></sw/share/texmf-dist/fonts/type1/urw/courier/ucr
r8a.pfb></sw/share/texmf-dist/fonts/type1/urw/courier/ucrro8a.pfb></sw/share/te
xmf-dist/fonts/type1/urw/helvetic/uhvb8a.pfb></sw/share/texmf-dist/fonts/type1/
urw/helvetic/uhvbo8a.pfb></sw/share/texmf-dist/fonts/type1/urw/helvetic/uhvr8a.
pfb></sw/share/texmf-dist/fonts/type1/urw/times/utmb8a.pfb></sw/share/texmf-dis
t/fonts/type1/urw/times/utmr8a.pfb></sw/share/texmf-dist/fonts/type1/urw/times/
utmri8a.pfb>
Output written on crds_users_manual.pdf (71 pages, 2139221 bytes).
PDF statistics:
 797 PDF objects out of 1000 (max. 8388607)
 673 compressed objects within 7 object streams
 221 named destinations out of 1000 (max. 500000)
 569 words of extra memory for PDF output out of 10000 (max. 10000000)

