INFO:[1]: Certifying 'n9i1435ji_crr.fits' 
INFO:[2]: Certifying 'n9i1435li_crr.fits' 
INFO:[3]: Certifying 'nau20340i_drk.fits' 
INFO:[4]: Certifying 'nau20341i_drk.fits' 
INFO:[5]: Certifying 'nau20342i_drk.fits' 
INFO:[6]: Certifying 'nau20343i_drk.fits' 
INFO:[7]: Certifying 'nau20344i_drk.fits' 
INFO:[8]: Certifying 'nau20345i_drk.fits' 
INFO:[9]: Certifying 'nau20346i_drk.fits' 
INFO:[10]: Certifying 'nau20347i_drk.fits' 
INFO:[11]: Certifying 'nau20348i_drk.fits' 
INFO:[12]: Certifying 'nau20349i_drk.fits' 
INFO:[13]: Certifying 'nau2034ai_drk.fits' 
INFO:[14]: Certifying 'nau2034bi_drk.fits' 
INFO:[15]: Certifying 'nc91908ni_pfl.fits' 
INFO:[16]: Certifying 'nc91908oi_pfl.fits' 
INFO:[17]: Certifying 'nc91908pi_pfl.fits' 
INFO:[18]: Certifying 'nc91908qi_pfl.fits' 
INFO:[19]: Certifying 'nc91908ri_pfl.fits' 
INFO:[20]: Certifying 'nc91908si_pfl.fits' 
INFO:[21]: Certifying 'nc91908ti_pfl.fits' 
INFO:[22]: Certifying 'nc919090i_pfl.fits' 
INFO:[23]: Certifying 'nc919091i_pfl.fits' 
INFO:[24]: Certifying 'nc919092i_pfl.fits' 
INFO:[25]: Certifying 'nc919093i_pfl.fits' 
INFO:[26]: Certifying 'nc919094i_pfl.fits' 
INFO:[27]: Certifying 'nc919095i_pfl.fits' 
INFO:[28]: Certifying 'nc919096i_pfl.fits' 
INFO:[29]: Certifying 'nc919097i_pfl.fits' 
INFO:[30]: Certifying 'nc919098i_pfl.fits' 
INFO:[31]: Certifying 'nc919099i_pfl.fits' 
INFO:[32]: Certifying 'o1920123i_drk.fits' 
INFO:[33]: Certifying 'q911321ki_bpx.fits' 
INFO:[34]: Certifying 'q911321li_ccd.fits' 
INFO:[35]: Certifying 'q911321mi_osc.fits' 
INFO:[36]: Certifying 'q911321oi_osc.fits' 
INFO:[37]: Certifying 'q911401ji_bpx.fits' 
INFO:[38]: Certifying 'r5b17012i_osc.fits' 
INFO:[39]: Certifying 'r5b17013i_bpx.fits' 
INFO:[40]: Certifying 'r5b21041i_drk.fits' 
INFO:[41]: Certifying 'r5b21042i_drk.fits' 
INFO:[42]: Certifying 'r5b21043i_drk.fits' 
INFO:[43]: Certifying 'r5b21046i_drk.fits' 
INFO:[44]: Certifying 'r5b21047i_drk.fits' 
INFO:[45]: Certifying 'r5b21048i_drk.fits' 
INFO:[46]: Certifying 'r5b21049i_drk.fits' 
INFO:[47]: Certifying 'r5b2104ai_drk.fits' 
INFO:[48]: Certifying 'r5b2104bi_drk.fits' 
INFO:[49]: Certifying 'r5b2104ci_drk.fits' 
INFO:[50]: Certifying 'r5b2104di_drk.fits' 
INFO:[51]: Certifying 'r5b2104ei_drk.fits' 
INFO:[52]: Certifying 'r5b2104fi_drk.fits' 
INFO:[53]: Certifying 'r5b2104gi_drk.fits' 
INFO:[54]: Certifying 'r5b2104hi_drk.fits' 
INFO:[55]: Certifying 'r5b2104ii_drk.fits' 
INFO:[56]: Certifying 'r5b2104ji_drk.fits' 
INFO:[57]: Certifying 'r5b2104ki_drk.fits' 
INFO:[58]: Certifying 'r5b2104li_drk.fits' 
INFO:[59]: Certifying 'r5b2104mi_drk.fits' 
INFO:[60]: Certifying 'r5b2104ni_drk.fits' 
INFO:[61]: Certifying 'r5b2104pi_drk.fits' 
INFO:[62]: Certifying 'r5b2104qi_drk.fits' 
INFO:[63]: Certifying 'r5b2104ri_drk.fits' 
INFO:[64]: Certifying 'r5b2104si_drk.fits' 
INFO:[65]: Certifying 'r5b21050i_drk.fits' 
INFO:[66]: Certifying 'r5b21052i_drk.fits' 
INFO:[67]: Certifying 'r5b21053i_drk.fits' 
INFO:[68]: Certifying 'r5b21054i_drk.fits' 
INFO:[69]: Certifying 'r5b21055i_drk.fits' 
INFO:[70]: Certifying 'r6p1618ci_ccd.fits' 
INFO:[71]: Certifying 's190404ei_drk.fits' 
INFO:[72]: Certifying 's190404fi_drk.fits' 
INFO:[73]: Certifying 's190404gi_drk.fits' 
INFO:[74]: Certifying 's190404hi_drk.fits' 
INFO:[75]: Certifying 's190404li_drk.fits' 
INFO:[76]: Certifying 's190404mi_drk.fits' 
INFO:[77]: Certifying 's190404ni_drk.fits' 
INFO:[78]: Certifying 's191848ii_drk.fits' 
INFO:[79]: Certifying 's191848ki_drk.fits' 
INFO:[80]: Certifying 's191848mi_pfl.fits' 
INFO:[81]: Certifying 's191848ni_pfl.fits' 
INFO:[82]: Certifying 's5e1814si_pfl.fits' 
INFO:[83]: Certifying 's9c1542fi_lin.fits' 
INFO:[84]: Certifying 's9q1628ci_drk.fits' 
INFO:[85]: Certifying 's9q1628ei_drk.fits' 
INFO:[86]: Certifying 'sau19319i_mdz.fits' 
INFO:[87]: Certifying 'sau1931ai_mdz.fits' 
INFO:[88]: Certifying 'sbi18555i_lin.fits' 
INFO:[89]: Certifying 't291659mi_ccd.fits' 
INFO:[90]: Certifying 't291659ni_bpx.fits' 
INFO:[91]: Certifying 't2c1533si_bpx.fits' 
INFO:[92]: Certifying 't2c16200i_ccd.fits' 
INFO:[93]: Certifying 't3420175i_drk.fits' 
INFO:[94]: Certifying 't3420177i_drk.fits' 
INFO:[95]: Certifying 't3420178i_drk.fits' 
INFO:[96]: Certifying 't3420179i_drk.fits' 
INFO:[97]: Certifying 't3h2007fi_bia.fits' 
ERROR[1]: Validation failed for '/grp/hst/cdbs/iref/t3h2007fi_bia.fits' : Missing required keyword 'BINAXIS1' 
INFO:[98]: Certifying 't3h2007gi_bia.fits' 
ERROR[2]: Validation failed for '/grp/hst/cdbs/iref/t3h2007gi_bia.fits' : Missing required keyword 'BINAXIS1' 
INFO:[99]: Certifying 't3h2007hi_bia.fits' 
ERROR[3]: Validation failed for '/grp/hst/cdbs/iref/t3h2007hi_bia.fits' : Missing required keyword 'BINAXIS1' 
INFO:[100]: Certifying 't3h2007ii_bia.fits' 
ERROR[4]: Validation failed for '/grp/hst/cdbs/iref/t3h2007ii_bia.fits' : Missing required keyword 'BINAXIS1' 
INFO:[101]: Certifying 't3k1347li_bia.fits' 
ERROR[5]: Validation failed for '/grp/hst/cdbs/iref/t3k1347li_bia.fits' : Missing required keyword 'BINAXIS1' 
INFO:[102]: Certifying 't3k1347oi_bia.fits' 
ERROR[6]: Validation failed for '/grp/hst/cdbs/iref/t3k1347oi_bia.fits' : Missing required keyword 'BINAXIS1' 
INFO:[103]: Certifying 't3k1347pi_bia.fits' 
ERROR[7]: Validation failed for '/grp/hst/cdbs/iref/t3k1347pi_bia.fits' : Missing required keyword 'BINAXIS1' 
INFO:[104]: Certifying 't3k1347qi_bia.fits' 
ERROR[8]: Validation failed for '/grp/hst/cdbs/iref/t3k1347qi_bia.fits' : Missing required keyword 'BINAXIS1' 
INFO:[105]: Certifying 't3k1347ri_bia.fits' 
ERROR[9]: Validation failed for '/grp/hst/cdbs/iref/t3k1347ri_bia.fits' : Missing required keyword 'BINAXIS1' 
INFO:[106]: Certifying 't3k1347si_bia.fits' 
ERROR[10]: Validation failed for '/grp/hst/cdbs/iref/t3k1347si_bia.fits' : Missing required keyword 'BINAXIS1' 
INFO:[107]: Certifying 't3k1347ti_bia.fits' 
ERROR[11]: Validation failed for '/grp/hst/cdbs/iref/t3k1347ti_bia.fits' : Missing required keyword 'BINAXIS1' 
INFO:[108]: Certifying 't3k13480i_bia.fits' 
ERROR[12]: Validation failed for '/grp/hst/cdbs/iref/t3k13480i_bia.fits' : Missing required keyword 'BINAXIS1' 
INFO:[109]: Certifying 't3k13483i_bia.fits' 
ERROR[13]: Validation failed for '/grp/hst/cdbs/iref/t3k13483i_bia.fits' : Missing required keyword 'BINAXIS1' 
INFO:[110]: Certifying 't3k13484i_bia.fits' 
ERROR[14]: Validation failed for '/grp/hst/cdbs/iref/t3k13484i_bia.fits' : Missing required keyword 'BINAXIS1' 
INFO:[111]: Certifying 't3k13485i_bia.fits' 
ERROR[15]: Validation failed for '/grp/hst/cdbs/iref/t3k13485i_bia.fits' : Missing required keyword 'BINAXIS1' 
INFO:[112]: Certifying 't3k13486i_bia.fits' 
ERROR[16]: Validation failed for '/grp/hst/cdbs/iref/t3k13486i_bia.fits' : Missing required keyword 'BINAXIS1' 
INFO:[113]: Certifying 't4d1321ki_bia.fits' 
ERROR[17]: Validation failed for '/grp/hst/cdbs/iref/t4d1321ki_bia.fits' : Missing required keyword 'BINAXIS1' 
INFO:[114]: Certifying 't4d1321li_bia.fits' 
ERROR[18]: Validation failed for '/grp/hst/cdbs/iref/t4d1321li_bia.fits' : Missing required keyword 'BINAXIS1' 
INFO:[115]: Certifying 't4h1609ii_bia.fits' 
ERROR[19]: Validation failed for '/grp/hst/cdbs/iref/t4h1609ii_bia.fits' : Missing required keyword 'BINAXIS1' 
INFO:[116]: Certifying 't4h1609ji_bia.fits' 
ERROR[20]: Validation failed for '/grp/hst/cdbs/iref/t4h1609ji_bia.fits' : Missing required keyword 'BINAXIS1' 
INFO:[117]: Certifying 't4o1622li_bia.fits' 
ERROR[21]: Validation failed for '/grp/hst/cdbs/iref/t4o1622li_bia.fits' : Value for 'CCDAMP' of 'SINGLE_AMP' is not one of ['A', 'B', 'C', 'D', 'AB', 'AC', 'AD', 'BC', 'BD', 'CD', 'ABC', 'ABD', 'ACD', 'BCD', 'ABCD', 'ANY'] 
INFO:[118]: Certifying 't4o1622mi_bia.fits' 
ERROR[22]: Validation failed for '/grp/hst/cdbs/iref/t4o1622mi_bia.fits' : Value for 'CCDAMP' of 'SINGLE_AMP' is not one of ['A', 'B', 'C', 'D', 'AB', 'AC', 'AD', 'BC', 'BD', 'CD', 'ABC', 'ABD', 'ACD', 'BCD', 'ABCD', 'ANY'] 
INFO:[119]: Certifying 't4o1622ni_bia.fits' 
ERROR[23]: Validation failed for '/grp/hst/cdbs/iref/t4o1622ni_bia.fits' : Value for 'CCDAMP' of 'SINGLE_AMP' is not one of ['A', 'B', 'C', 'D', 'AB', 'AC', 'AD', 'BC', 'BD', 'CD', 'ABC', 'ABD', 'ACD', 'BCD', 'ABCD', 'ANY'] 
INFO:[120]: Certifying 't4o1622oi_bia.fits' 
ERROR[24]: Validation failed for '/grp/hst/cdbs/iref/t4o1622oi_bia.fits' : Value for 'CCDAMP' of 'SINGLE_AMP' is not one of ['A', 'B', 'C', 'D', 'AB', 'AC', 'AD', 'BC', 'BD', 'CD', 'ABC', 'ABD', 'ACD', 'BCD', 'ABCD', 'ANY'] 
INFO:[121]: Certifying 't4o1622pi_bia.fits' 
ERROR[25]: Validation failed for '/grp/hst/cdbs/iref/t4o1622pi_bia.fits' : Missing required keyword 'BINAXIS1' 
INFO:[122]: Certifying 't4o1622qi_bia.fits' 
ERROR[26]: Validation failed for '/grp/hst/cdbs/iref/t4o1622qi_bia.fits' : Missing required keyword 'BINAXIS1' 
INFO:[123]: Certifying 't4o1622ri_bia.fits' 
ERROR[27]: Validation failed for '/grp/hst/cdbs/iref/t4o1622ri_bia.fits' : Missing required keyword 'BINAXIS1' 
INFO:[124]: Certifying 't4o1622si_bia.fits' 
ERROR[28]: Validation failed for '/grp/hst/cdbs/iref/t4o1622si_bia.fits' : Missing required keyword 'BINAXIS1' 
INFO:[125]: Certifying 't4t18325i_pfl.fits' 
INFO:[126]: Certifying 't4t18326i_pfl.fits' 
INFO:[127]: Certifying 't4t18327i_pfl.fits' 
INFO:[128]: Certifying 't4t18328i_pfl.fits' 
INFO:[129]: Certifying 't4t18329i_pfl.fits' 
INFO:[130]: Certifying 't4t1832ai_pfl.fits' 
INFO:[131]: Certifying 't4t1832bi_pfl.fits' 
INFO:[132]: Certifying 't4t1832ci_pfl.fits' 
INFO:[133]: Certifying 't4t1832di_pfl.fits' 
INFO:[134]: Certifying 't4t1832ei_pfl.fits' 
INFO:[135]: Certifying 't4t1832fi_pfl.fits' 
INFO:[136]: Certifying 't4t1832gi_pfl.fits' 
INFO:[137]: Certifying 't4t1832hi_pfl.fits' 
INFO:[138]: Certifying 't4t1832ii_pfl.fits' 
INFO:[139]: Certifying 't4t1832ji_pfl.fits' 
INFO:[140]: Certifying 't4t1832ki_pfl.fits' 
INFO:[141]: Certifying 't4t1832li_pfl.fits' 
INFO:[142]: Certifying 't4t1832mi_pfl.fits' 
INFO:[143]: Certifying 't4t1832ni_pfl.fits' 
INFO:[144]: Certifying 't4t1832oi_pfl.fits' 
INFO:[145]: Certifying 't4t1832pi_pfl.fits' 
INFO:[146]: Certifying 't4t1832qi_pfl.fits' 
INFO:[147]: Certifying 't4t1832ri_pfl.fits' 
INFO:[148]: Certifying 't4t1832si_pfl.fits' 
INFO:[149]: Certifying 't4t1832ti_pfl.fits' 
INFO:[150]: Certifying 't4t18330i_pfl.fits' 
INFO:[151]: Certifying 't4t18331i_pfl.fits' 
INFO:[152]: Certifying 't4t18332i_pfl.fits' 
INFO:[153]: Certifying 't4t18333i_pfl.fits' 
INFO:[154]: Certifying 't4t18334i_pfl.fits' 
INFO:[155]: Certifying 't4t18335i_pfl.fits' 
INFO:[156]: Certifying 't4t18336i_pfl.fits' 
INFO:[157]: Certifying 't4t18337i_pfl.fits' 
INFO:[158]: Certifying 't4t18338i_pfl.fits' 
INFO:[159]: Certifying 't4t18339i_pfl.fits' 
INFO:[160]: Certifying 't4t1833ai_pfl.fits' 
INFO:[161]: Certifying 't4t1833bi_pfl.fits' 
INFO:[162]: Certifying 't4t1833ci_pfl.fits' 
INFO:[163]: Certifying 't5s1753pi_drk.fits' 
INFO:[164]: Certifying 't5s1753qi_drk.fits' 
INFO:[165]: Certifying 't5s1753ri_drk.fits' 
INFO:[166]: Certifying 't5s1753si_drk.fits' 
INFO:[167]: Certifying 't5s1753ti_drk.fits' 
INFO:[168]: Certifying 't5s17540i_drk.fits' 
INFO:[169]: Certifying 't5s17541i_drk.fits' 
INFO:[170]: Certifying 't5s17542i_drk.fits' 
INFO:[171]: Certifying 't5s17543i_drk.fits' 
INFO:[172]: Certifying 't5s17544i_drk.fits' 
INFO:[173]: Certifying 't5s17545i_drk.fits' 
INFO:[174]: Certifying 't5s17546i_drk.fits' 
INFO:[175]: Certifying 't5s17547i_drk.fits' 
INFO:[176]: Certifying 't5s17548i_drk.fits' 
INFO:[177]: Certifying 't5s17549i_drk.fits' 
INFO:[178]: Certifying 't5s1754ai_drk.fits' 
INFO:[179]: Certifying 't5s1754bi_drk.fits' 
INFO:[180]: Certifying 't5s1754ci_drk.fits' 
INFO:[181]: Certifying 't5s1754di_drk.fits' 
INFO:[182]: Certifying 't5s1754ei_drk.fits' 
INFO:[183]: Certifying 't5s1754fi_drk.fits' 
INFO:[184]: Certifying 't5s1754gi_drk.fits' 
INFO:[185]: Certifying 't5s1754hi_drk.fits' 
INFO:[186]: Certifying 't5s1754ii_drk.fits' 
INFO:[187]: Certifying 't5s1754ji_drk.fits' 
INFO:[188]: Certifying 't5s1754ki_drk.fits' 
INFO:[189]: Certifying 't5s1754li_drk.fits' 
INFO:[190]: Certifying 't5s1754mi_drk.fits' 
INFO:[191]: Certifying 't5s1754ni_drk.fits' 
INFO:[192]: Certifying 't5s1754oi_drk.fits' 
INFO:[193]: Certifying 't5s1754pi_drk.fits' 
INFO:[194]: Certifying 't5s1754qi_drk.fits' 
INFO:[195]: Certifying 't5s1754ri_drk.fits' 
INFO:[196]: Certifying 't5s1754si_drk.fits' 
INFO:[197]: Certifying 't5s1754ti_drk.fits' 
INFO:[198]: Certifying 't5s17550i_drk.fits' 
INFO:[199]: Certifying 't5s17551i_drk.fits' 
INFO:[200]: Certifying 't5s17552i_drk.fits' 
INFO:[201]: Certifying 't5s17553i_drk.fits' 
INFO:[202]: Certifying 't5s17554i_drk.fits' 
INFO:[203]: Certifying 't5s17555i_drk.fits' 
INFO:[204]: Certifying 't5s17556i_drk.fits' 
INFO:[205]: Certifying 't5s17557i_drk.fits' 
INFO:[206]: Certifying 't5s17558i_drk.fits' 
INFO:[207]: Certifying 't5s17559i_drk.fits' 
INFO:[208]: Certifying 't5s1755ai_drk.fits' 
INFO:[209]: Certifying 't5s1755bi_drk.fits' 
INFO:[210]: Certifying 't5s1755ci_drk.fits' 
INFO:[211]: Certifying 't5s1755di_drk.fits' 
INFO:[212]: Certifying 't5s1755ei_drk.fits' 
INFO:[213]: Certifying 't5s1755fi_drk.fits' 
INFO:[214]: Certifying 't5s1755gi_drk.fits' 
INFO:[215]: Certifying 't5s1755hi_drk.fits' 
INFO:[216]: Certifying 't5s1755ii_drk.fits' 
INFO:[217]: Certifying 't5s1755ji_drk.fits' 
INFO:[218]: Certifying 't5s1755ki_drk.fits' 
INFO:[219]: Certifying 't5s1755li_drk.fits' 
INFO:[220]: Certifying 't5s1755mi_drk.fits' 
INFO:[221]: Certifying 't5s1755ni_drk.fits' 
INFO:[222]: Certifying 't5s1755oi_drk.fits' 
INFO:[223]: Certifying 't611931hi_drk.fits' 
INFO:[224]: Certifying 't611931ii_drk.fits' 
INFO:[225]: Certifying 't611931ji_drk.fits' 
INFO:[226]: Certifying 't611931li_drk.fits' 
INFO:[227]: Certifying 't611931mi_drk.fits' 
INFO:[228]: Certifying 't611931ni_drk.fits' 
INFO:[229]: Certifying 't611931oi_drk.fits' 
INFO:[230]: Certifying 't611931pi_drk.fits' 
INFO:[231]: Certifying 't6119321i_drk.fits' 
INFO:[232]: Certifying 't6119322i_drk.fits' 
INFO:[233]: Certifying 't611932ai_drk.fits' 
INFO:[234]: Certifying 't611932bi_drk.fits' 
INFO:[235]: Certifying 't611932ci_drk.fits' 
INFO:[236]: Certifying 't611932di_drk.fits' 
INFO:[237]: Certifying 't611932ei_drk.fits' 
INFO:[238]: Certifying 't611932fi_drk.fits' 
INFO:[239]: Certifying 't611932gi_drk.fits' 
INFO:[240]: Certifying 't611932hi_drk.fits' 
INFO:[241]: Certifying 't611932ii_drk.fits' 
INFO:[242]: Certifying 't611932ji_drk.fits' 
INFO:[243]: Certifying 't611932qi_drk.fits' 
INFO:[244]: Certifying 't611932ri_drk.fits' 
INFO:[245]: Certifying 't611932si_drk.fits' 
INFO:[246]: Certifying 't611932ti_drk.fits' 
INFO:[247]: Certifying 't6119330i_drk.fits' 
INFO:[248]: Certifying 't6119331i_drk.fits' 
INFO:[249]: Certifying 't6119332i_drk.fits' 
INFO:[250]: Certifying 't6119333i_drk.fits' 
INFO:[251]: Certifying 't6119334i_drk.fits' 
INFO:[252]: Certifying 't6119335i_drk.fits' 
INFO:[253]: Certifying 't6b16346i_pfl.fits' 
INFO:[254]: Certifying 't6b16347i_pfl.fits' 
INFO:[255]: Certifying 't6b16348i_pfl.fits' 
INFO:[256]: Certifying 't6b16349i_pfl.fits' 
INFO:[257]: Certifying 't6b1634ai_pfl.fits' 
INFO:[258]: Certifying 't6b1634bi_pfl.fits' 
INFO:[259]: Certifying 't6b1634ci_pfl.fits' 
INFO:[260]: Certifying 't6b1634di_pfl.fits' 
INFO:[261]: Certifying 't6b1634ei_pfl.fits' 
INFO:[262]: Certifying 't6b1634fi_pfl.fits' 
INFO:[263]: Certifying 't6i1733ei_bia.fits' 
ERROR[29]: Validation failed for '/grp/hst/cdbs/iref/t6i1733ei_bia.fits' : Missing required keyword 'BINAXIS1' 
INFO:[264]: Certifying 't7f1954gi_pfl.fits' 
INFO:[265]: Certifying 't7f1954hi_pfl.fits' 
INFO:[266]: Certifying 't7f1954ii_pfl.fits' 
INFO:[267]: Certifying 't7f1954ji_pfl.fits' 
INFO:[268]: Certifying 't7f1954ki_pfl.fits' 
INFO:[269]: Certifying 't7f1954li_pfl.fits' 
INFO:[270]: Certifying 't7f1954mi_pfl.fits' 
INFO:[271]: Certifying 't7f1954ni_pfl.fits' 
INFO:[272]: Certifying 't7f1954oi_pfl.fits' 
INFO:[273]: Certifying 't7f1954pi_pfl.fits' 
INFO:[274]: Certifying 't7f1954qi_pfl.fits' 
INFO:[275]: Certifying 't7f1954ri_pfl.fits' 
INFO:[276]: Certifying 't7f1954si_pfl.fits' 
INFO:[277]: Certifying 't7f1954ti_pfl.fits' 
INFO:[278]: Certifying 't7f19550i_pfl.fits' 
INFO:[279]: Certifying 't8v14566i_pfl.fits' 
INFO:[280]: Certifying 'tag1826ki_crr.fits' 
INFO:[281]: Certifying 'u1k1727mi_lin.fits' 
INFO:[282]: Certifying 'u1r1346ri_bia.fits' 
ERROR[30]: Validation failed for '/grp/hst/cdbs/iref/u1r1346ri_bia.fits' : Missing required keyword 'BINAXIS1' 
INFO:[283]: Certifying 'u1r1346si_bia.fits' 
ERROR[31]: Validation failed for '/grp/hst/cdbs/iref/u1r1346si_bia.fits' : Value for 'CCDAMP' of 'SINGLE_AMP' is not one of ['A', 'B', 'C', 'D', 'AB', 'AC', 'AD', 'BC', 'BD', 'CD', 'ABC', 'ABD', 'ACD', 'BCD', 'ABCD', 'ANY'] 
INFO:[284]: Certifying 'u1r1346ti_bia.fits' 
ERROR[32]: Validation failed for '/grp/hst/cdbs/iref/u1r1346ti_bia.fits' : Missing required keyword 'BINAXIS1' 
INFO:[285]: Certifying 'u1r13470i_bia.fits' 
ERROR[33]: Validation failed for '/grp/hst/cdbs/iref/u1r13470i_bia.fits' : Value for 'CCDAMP' of 'SINGLE_AMP' is not one of ['A', 'B', 'C', 'D', 'AB', 'AC', 'AD', 'BC', 'BD', 'CD', 'ABC', 'ABD', 'ACD', 'BCD', 'ABCD', 'ANY'] 
INFO:[286]: Certifying 'u1r13471i_bia.fits' 
ERROR[34]: Validation failed for '/grp/hst/cdbs/iref/u1r13471i_bia.fits' : Missing required keyword 'BINAXIS1' 
INFO:[287]: Certifying 'u1r13472i_bia.fits' 
ERROR[35]: Validation failed for '/grp/hst/cdbs/iref/u1r13472i_bia.fits' : Value for 'CCDAMP' of 'SINGLE_AMP' is not one of ['A', 'B', 'C', 'D', 'AB', 'AC', 'AD', 'BC', 'BD', 'CD', 'ABC', 'ABD', 'ACD', 'BCD', 'ABCD', 'ANY'] 
INFO:[288]: Certifying 'u4819490i_drk.fits' 
INFO:[289]: Certifying 'u4819491i_drk.fits' 
INFO:[290]: Certifying 'u4819493i_drk.fits' 
INFO:[291]: Certifying 'u4819494i_drk.fits' 
INFO:[292]: Certifying 'u481949ji_drk.fits' 
INFO:[293]: Certifying 'u481949ki_drk.fits' 
INFO:[294]: Certifying 'u481949li_drk.fits' 
INFO:[295]: Certifying 'u481949mi_drk.fits' 
INFO:[296]: Certifying 'u481949ri_drk.fits' 
INFO:[297]: Certifying 'u481949ti_drk.fits' 
INFO:[298]: Certifying 'u4819501i_drk.fits' 
INFO:[299]: Certifying 'u4c1709ri_bpx.fits' 
INFO:[300]: Certifying 'u4m1335li_pfl.fits' 
INFO:[301]: Certifying 'u4m1335mi_pfl.fits' 
INFO:[302]: Certifying 'u5d2012li_bpx.fits' 
INFO:[303]: Certifying 'u6a1748ri_crr.fits' 
INFO:[304]: Certifying 'u6b1348hi_drk.fits' 
INFO:[305]: Certifying 'u6b1348ii_drk.fits' 
INFO:[306]: Certifying 'u6b1348ji_drk.fits' 
INFO:[307]: Certifying 'u6b1348ki_drk.fits' 
INFO:[308]: Certifying 'u6b1348li_drk.fits' 
INFO:[309]: Certifying 'u6b1348mi_drk.fits' 
INFO:[310]: Certifying 'u6b1348ni_drk.fits' 
INFO:[311]: Certifying 'u6b1348oi_drk.fits' 
INFO:[312]: Certifying 'u6b1348pi_drk.fits' 
INFO:[313]: Certifying 'u6b1348qi_drk.fits' 
INFO:[314]: Certifying 'u6b1348ri_drk.fits' 
INFO:[315]: Certifying 'u6b1348si_drk.fits' 
INFO:[316]: Certifying 'u6b1348ti_drk.fits' 
INFO:[317]: Certifying 'u6b13490i_drk.fits' 
INFO:[318]: Certifying 'u6b13491i_drk.fits' 
INFO:[319]: Certifying 'u6b13492i_drk.fits' 
INFO:[320]: Certifying 'u6n1741hi_bia.fits' 
ERROR[36]: Validation failed for '/grp/hst/cdbs/iref/u6n1741hi_bia.fits' : Missing required keyword 'BINAXIS1' 
INFO:[321]: Certifying 'u6n1741ii_bia.fits' 
ERROR[37]: Validation failed for '/grp/hst/cdbs/iref/u6n1741ii_bia.fits' : Value for 'CCDAMP' of 'SINGLE_AMP' is not one of ['A', 'B', 'C', 'D', 'AB', 'AC', 'AD', 'BC', 'BD', 'CD', 'ABC', 'ABD', 'ACD', 'BCD', 'ABCD', 'ANY'] 
INFO:[322]: Certifying 'u6n1741ji_bia.fits' 
ERROR[38]: Validation failed for '/grp/hst/cdbs/iref/u6n1741ji_bia.fits' : Missing required keyword 'BINAXIS1' 
INFO:[323]: Certifying 'u6n1741ki_bia.fits' 
ERROR[39]: Validation failed for '/grp/hst/cdbs/iref/u6n1741ki_bia.fits' : Value for 'CCDAMP' of 'SINGLE_AMP' is not one of ['A', 'B', 'C', 'D', 'AB', 'AC', 'AD', 'BC', 'BD', 'CD', 'ABC', 'ABD', 'ACD', 'BCD', 'ABCD', 'ANY'] 
INFO:[324]: Certifying 'u6n1741li_bia.fits' 
ERROR[40]: Validation failed for '/grp/hst/cdbs/iref/u6n1741li_bia.fits' : Missing required keyword 'BINAXIS1' 
INFO:[325]: Certifying 'u6n1741mi_bia.fits' 
ERROR[41]: Validation failed for '/grp/hst/cdbs/iref/u6n1741mi_bia.fits' : Value for 'CCDAMP' of 'SINGLE_AMP' is not one of ['A', 'B', 'C', 'D', 'AB', 'AC', 'AD', 'BC', 'BD', 'CD', 'ABC', 'ABD', 'ACD', 'BCD', 'ABCD', 'ANY'] 
INFO:[326]: Certifying 'u6n1741ni_bia.fits' 
ERROR[42]: Validation failed for '/grp/hst/cdbs/iref/u6n1741ni_bia.fits' : Missing required keyword 'BINAXIS1' 
INFO:[327]: Certifying 'u6n1741oi_bia.fits' 
ERROR[43]: Validation failed for '/grp/hst/cdbs/iref/u6n1741oi_bia.fits' : Value for 'CCDAMP' of 'SINGLE_AMP' is not one of ['A', 'B', 'C', 'D', 'AB', 'AC', 'AD', 'BC', 'BD', 'CD', 'ABC', 'ABD', 'ACD', 'BCD', 'ABCD', 'ANY'] 
INFO:[328]: Certifying 'u7s21598i_drk.fits' 
INFO:[329]: Certifying 'u7s21599i_drk.fits' 
INFO:[330]: Certifying 'u7s2159ai_drk.fits' 
INFO:[331]: Certifying 'u7s2159ci_drk.fits' 
INFO:[332]: Certifying 'u7s2159di_drk.fits' 
INFO:[333]: Certifying 'u7s2159ei_drk.fits' 
INFO:[334]: Certifying 'u7s2159hi_drk.fits' 
INFO:[335]: Certifying 'u7s2159ji_drk.fits' 
INFO:[336]: Certifying 'u7s2159li_drk.fits' 
INFO:[337]: Certifying 'u7s2159oi_drk.fits' 
INFO:[338]: Certifying 'u7s2159qi_drk.fits' 
INFO:[339]: Certifying 'u7s22001i_drk.fits' 
INFO:[340]: Certifying 'u7s22002i_drk.fits' 
INFO:[341]: Certifying 'u7s22003i_drk.fits' 
INFO:[342]: Certifying 'u7s22004i_drk.fits' 
INFO:[343]: Certifying 'u7s22005i_drk.fits' 
INFO:[344]: Certifying 'u7s22006i_drk.fits' 
INFO:[345]: Certifying 'u7s22007i_drk.fits' 
INFO:[346]: Certifying 'u7s2200ai_drk.fits' 
INFO:[347]: Certifying 'u7t1343gi_drk.fits' 
INFO:[348]: Certifying 'u7t1343hi_drk.fits' 
INFO:[349]: Certifying 'u7t1343ji_drk.fits' 
INFO:[350]: Certifying 'u7t1343ki_drk.fits' 
INFO:[351]: Certifying 'u7t1343li_drk.fits' 
INFO:[352]: Certifying 'u7t1343mi_drk.fits' 
INFO:[353]: Certifying 'u7t1343ni_drk.fits' 
INFO:[354]: Certifying 'u7t1343oi_drk.fits' 
INFO:[355]: Certifying 'u7t1343pi_drk.fits' 
INFO:[356]: Certifying 'u7t1343qi_drk.fits' 
INFO:[357]: Certifying 'u7t1343ri_drk.fits' 
INFO:[358]: Certifying 'u7t1343si_drk.fits' 
INFO:[359]: Certifying 'u7t1343ti_drk.fits' 
INFO:[360]: Certifying 'u7t13440i_drk.fits' 
INFO:[361]: Certifying 'u7t13441i_drk.fits' 
INFO:[362]: Certifying 'u7t13442i_drk.fits' 
INFO:[363]: Certifying 'u7t1346ji_drk.fits' 
INFO:[364]: Certifying 'u7t1346ki_drk.fits' 
INFO:[365]: Certifying 'u7t1346li_drk.fits' 
INFO:[366]: Certifying 'u7t1346mi_drk.fits' 
INFO:[367]: Certifying 'u7t1346ni_drk.fits' 
INFO:[368]: Certifying 'u7t1346oi_drk.fits' 
INFO:[369]: Certifying 'u7t1346pi_drk.fits' 
INFO:[370]: Certifying 'u7t1346qi_drk.fits' 
INFO:[371]: Certifying 'u7t1346ri_drk.fits' 
INFO:[372]: Certifying 'u7t1346si_drk.fits' 
INFO:[373]: Certifying 'u7t1346ti_drk.fits' 
INFO:[374]: Certifying 'u7t13470i_drk.fits' 
INFO:[375]: Certifying 'u7t13471i_drk.fits' 
INFO:[376]: Certifying 'u7t13472i_drk.fits' 
INFO:[377]: Certifying 'u7t13473i_drk.fits' 
INFO:[378]: Certifying 'u7t13474i_drk.fits' 
INFO:[379]: Certifying 'u8a1254ti_bia.fits' 
ERROR[44]: Validation failed for '/grp/hst/cdbs/iref/u8a1254ti_bia.fits' : Missing required keyword 'BINAXIS1' 
INFO:[380]: Certifying 'u8a12550i_bia.fits' 
ERROR[45]: Validation failed for '/grp/hst/cdbs/iref/u8a12550i_bia.fits' : Value for 'CCDAMP' of 'SINGLE_AMP' is not one of ['A', 'B', 'C', 'D', 'AB', 'AC', 'AD', 'BC', 'BD', 'CD', 'ABC', 'ABD', 'ACD', 'BCD', 'ABCD', 'ANY'] 
INFO:[381]: Certifying 'u8a12551i_bia.fits' 
ERROR[46]: Validation failed for '/grp/hst/cdbs/iref/u8a12551i_bia.fits' : Missing required keyword 'BINAXIS1' 
INFO:[382]: Certifying 'u8a12552i_bia.fits' 
ERROR[47]: Validation failed for '/grp/hst/cdbs/iref/u8a12552i_bia.fits' : Value for 'CCDAMP' of 'SINGLE_AMP' is not one of ['A', 'B', 'C', 'D', 'AB', 'AC', 'AD', 'BC', 'BD', 'CD', 'ABC', 'ABD', 'ACD', 'BCD', 'ABCD', 'ANY'] 
INFO:[383]: Certifying 'u9f2118ni_drk.fits' 
INFO:[384]: Certifying 'u9f2118oi_drk.fits' 
INFO:[385]: Certifying 'u9f2118pi_drk.fits' 
INFO:[386]: Certifying 'u9f2118qi_drk.fits' 
INFO:[387]: Certifying 'u9f2118ri_drk.fits' 
INFO:[388]: Certifying 'u9f2118si_drk.fits' 
INFO:[389]: Certifying 'u9f2118ti_drk.fits' 
INFO:[390]: Certifying 'u9f21190i_drk.fits' 
INFO:[391]: Certifying 'u9f21191i_drk.fits' 
INFO:[392]: Certifying 'u9f21192i_drk.fits' 
INFO:[393]: Certifying 'u9f21193i_drk.fits' 
INFO:[394]: Certifying 'u9f21194i_drk.fits' 
INFO:[395]: Certifying 'u9f21195i_drk.fits' 
INFO:[396]: Certifying 'u9f21196i_drk.fits' 
INFO:[397]: Certifying 'u9f21197i_drk.fits' 
INFO:[398]: Certifying 'u9f21198i_drk.fits' 
INFO:[399]: Certifying 'u9f21199i_drk.fits' 
INFO:[400]: Certifying 'u9f2119ai_drk.fits' 
INFO:[401]: Certifying 'u9f2119bi_drk.fits' 
INFO:[402]: Certifying 'u9f2119ci_drk.fits' 
INFO:[403]: Certifying 'u9f2119di_drk.fits' 
INFO:[404]: Certifying 'ua11436ti_bia.fits' 
ERROR[48]: Validation failed for '/grp/hst/cdbs/iref/ua11436ti_bia.fits' : Missing required keyword 'BINAXIS1' 
INFO:[405]: Certifying 'ua114370i_bia.fits' 
ERROR[49]: Validation failed for '/grp/hst/cdbs/iref/ua114370i_bia.fits' : Value for 'CCDAMP' of 'SINGLE_AMP' is not one of ['A', 'B', 'C', 'D', 'AB', 'AC', 'AD', 'BC', 'BD', 'CD', 'ABC', 'ABD', 'ACD', 'BCD', 'ABCD', 'ANY'] 
INFO:[406]: Certifying 'uab1537bi_idc.fits' 
ERROR[50]: Validation failed for '/grp/hst/cdbs/iref/uab1537bi_idc.fits' : invalid literal for int() with base 10: '1000:10000' 
INFO:[407]: Certifying 'uab1537ci_idc.fits' 
ERROR[51]: Validation failed for '/grp/hst/cdbs/iref/uab1537ci_idc.fits' : invalid literal for int() with base 10: '1000:10000' 
INFO:[408]: Certifying 'uad18556i_drk.fits' 
INFO:[409]: Certifying 'uad18557i_drk.fits' 
INFO:[410]: Certifying 'uad18558i_drk.fits' 
INFO:[411]: Certifying 'uad18559i_drk.fits' 
INFO:[412]: Certifying 'uad1855ai_drk.fits' 
INFO:[413]: Certifying 'uad1855bi_drk.fits' 
INFO:[414]: Certifying 'uad1855ci_drk.fits' 
INFO:[415]: Certifying 'uad1855di_drk.fits' 
INFO:[416]: Certifying 'uad1855ei_drk.fits' 
INFO:[417]: Certifying 'uaf12556i_drk.fits' 
INFO:[418]: Certifying 'uaf12557i_drk.fits' 
INFO:[419]: Certifying 'uaf12559i_drk.fits' 
INFO:[420]: Certifying 'uaf1255ai_drk.fits' 
INFO:[421]: Certifying 'uaf1255bi_drk.fits' 
INFO:[422]: Certifying 'uaf1255ei_drk.fits' 
INFO:[423]: Certifying 'uaf1255fi_drk.fits' 
INFO:[424]: Certifying 'uaf1255gi_drk.fits' 
INFO:[425]: Certifying 'ubi1853pi_mdz.fits' 
INFO:[426]: Certifying 'ubi1853qi_mdz.fits' 
INFO:[427]: Certifying 'ubt1715ji_bia.fits' 
ERROR[52]: Validation failed for '/grp/hst/cdbs/iref/ubt1715ji_bia.fits' : Missing required keyword 'BINAXIS1' 
INFO:[428]: Certifying 'ubt1715ki_bia.fits' 
ERROR[53]: Validation failed for '/grp/hst/cdbs/iref/ubt1715ki_bia.fits' : Value for 'CCDAMP' of 'SINGLE_AMP' is not one of ['A', 'B', 'C', 'D', 'AB', 'AC', 'AD', 'BC', 'BD', 'CD', 'ABC', 'ABD', 'ACD', 'BCD', 'ABCD', 'ANY'] 
INFO:[429]: Certifying 'uc72113ni_pfl.fits' 
INFO:[430]: Certifying 'uc72113oi_pfl.fits' 
INFO:[431]: Certifying 'uc72113pi_pfl.fits' 
INFO:[432]: Certifying 'uc72113qi_pfl.fits' 
INFO:[433]: Certifying 'uc72113ri_pfl.fits' 
INFO:[434]: Certifying 'uc72113si_pfl.fits' 
INFO:[435]: Certifying 'uc72113ti_pfl.fits' 
INFO:[436]: Certifying 'uc721140i_pfl.fits' 
INFO:[437]: Certifying 'uc721141i_pfl.fits' 
INFO:[438]: Certifying 'uc721142i_pfl.fits' 
INFO:[439]: Certifying 'uc721143i_pfl.fits' 
INFO:[440]: Certifying 'uc721144i_pfl.fits' 
INFO:[441]: Certifying 'uc721145i_pfl.fits' 
INFO:[442]: Certifying 'uc721146i_pfl.fits' 
INFO:[443]: Certifying 'uc721147i_pfl.fits' 
INFO:[444]: Certifying 'v131448oi_drk.fits' 
INFO:[445]: Certifying 'v131448pi_drk.fits' 
INFO:[446]: Certifying 'v131448qi_drk.fits' 
INFO:[447]: Certifying 'v131448ri_drk.fits' 
INFO:[448]: Certifying 'v131448si_drk.fits' 
INFO:[449]: Certifying 'v131448ti_drk.fits' 
INFO:[450]: Certifying 'v1314490i_drk.fits' 
INFO:[451]: Certifying 'v1k21345i_bia.fits' 
ERROR[54]: Validation failed for '/grp/hst/cdbs/iref/v1k21345i_bia.fits' : Missing required keyword 'BINAXIS1' 
INFO:[452]: Certifying 'v1k21346i_bia.fits' 
ERROR[55]: Validation failed for '/grp/hst/cdbs/iref/v1k21346i_bia.fits' : Value for 'CCDAMP' of 'SINGLE_AMP' is not one of ['A', 'B', 'C', 'D', 'AB', 'AC', 'AD', 'BC', 'BD', 'CD', 'ABC', 'ABD', 'ACD', 'BCD', 'ABCD', 'ANY'] 
INFO:[453]: Certifying 'v241911qi_drk.fits' 
INFO:[454]: Certifying 'v241911ri_drk.fits' 
INFO:[455]: Certifying 'v2419125i_drk.fits' 
INFO:[456]: Certifying 'v2419126i_drk.fits' 
INFO:[457]: Certifying 'v2419127i_drk.fits' 
INFO:[458]: Certifying 'v2419128i_drk.fits' 
INFO:[459]: Certifying 'v241912ei_drk.fits' 
INFO:[460]: Certifying 'v2o1559bi_drk.fits' 
INFO:[461]: Certifying 'v2o1559ci_drk.fits' 
INFO:[462]: Certifying 'v2o1559di_drk.fits' 
INFO:[463]: Certifying 'v2o1559ei_drk.fits' 
INFO:[464]: Certifying 'v2o1559fi_drk.fits' 
INFO:[465]: Certifying 'v2o1559gi_drk.fits' 
INFO:[466]: Certifying 'v2o1559hi_drk.fits' 
INFO:[467]: Certifying 'v4d17230i_drk.fits' 
INFO:[468]: Certifying 'v4d17231i_drk.fits' 
INFO:[469]: Certifying 'v4d17232i_drk.fits' 
INFO:[470]: Certifying 'v4d17233i_drk.fits' 
INFO:[471]: Certifying 'v4d17234i_drk.fits' 
INFO:[472]: Certifying 'v4d17235i_drk.fits' 
INFO:[473]: Certifying 'v4d17236i_drk.fits' 
INFO:[474]: Certifying 'v4d17237i_drk.fits' 
INFO:[475]: Certifying 'v5j1716ei_bia.fits' 
ERROR[56]: Validation failed for '/grp/hst/cdbs/iref/v5j1716ei_bia.fits' : Missing required keyword 'BINAXIS1' 
INFO:[476]: Certifying 'v5j1716fi_bia.fits' 
ERROR[57]: Validation failed for '/grp/hst/cdbs/iref/v5j1716fi_bia.fits' : Value for 'CCDAMP' of 'SINGLE_AMP' is not one of ['A', 'B', 'C', 'D', 'AB', 'AC', 'AD', 'BC', 'BD', 'CD', 'ABC', 'ABD', 'ACD', 'BCD', 'ABCD', 'ANY'] 
INFO:[477]: Certifying 'v5j1945qi_drk.fits' 
INFO:[478]: Certifying 'v5j1945ri_drk.fits' 
INFO:[479]: Certifying 'v5j1945si_drk.fits' 
INFO:[480]: Certifying 'v5j1945ti_drk.fits' 
INFO:[481]: Certifying 'v5j19460i_drk.fits' 
INFO:[482]: Certifying 'v5j19461i_drk.fits' 
INFO:[483]: Certifying 'v5j19462i_drk.fits' 
57 errors 
0 warnings 
483 infos 
 
