INFO:[1]: Validating hst_stis.imap 
INFO:[2]: Validating hst_stis_lfltfile.rmap 
ERROR[1]: Validation error in ReferenceMapping('hst_stis_lfltfile.rmap') : Field 'APERTURE'='BAR10' of key ('FUV-MAMA', 'IMAGING', 'MIRVIS', 'BAR10', '*') is not in ('25MAMA', 'F25LYA', 'F25QTZ', 'F25CN182', 'F25CIII', 'F25MGII', 'F25SRF2', 'F25NDQ', 'F25CN270', '50CCD', '2X2', '36X0.05P45', '36X0.05N45', '36X0.6P45', '36X0.6N45', '0.1X0.06', '0.1X0.09', '0.1X0.2', '0.2X0.06', '0.2X0.09', '0.2X0.2', '0.3X0.06', '0.3X0.09', '0.3X0.2', '1X0.06', '1X0.2', '0.2X0.5', '6X0.06', '6X0.2', '0.1X0.03', '0.5X0.5', '6X0.5', '6X6', '52X0.05', '52X0.1', '52X0.2', '52X0.5', '52X2', '52X0.1B0.5', '0.2X0.06FPA', '0.2X0.06FPB', '0.2X0.06FPC', '0.2X0.06FPD', '0.2X0.06FPE', '0.2X0.2FPA', '0.2X0.2FPB', '0.2X0.2FPC', '0.2X0.2FPD', '0.2X0.2FPE', '50CORON', '0.05X29', '0.09X29', '0.2X29', 'F28X50LP', 'F28X50OIII', 'F28X50OII', 'F25ND3', 'F25ND5', '31X0.05NDA', '31X0.05NDB', '31X0.05NDC', '0.3X0.05ND', '0.2X0.05ND', '0.05X31NDB', '0.05X31NDA', '52X0.05F1', '52X0.05F2', '52X0.1F1', '52X0.1F2', '52X0.2F1', '52X0.2F2', '52X0.5F1', '52X0.5F2', '52X2F1', '52X2F2', '52X0.1B1.0', '52X0.1B3.0', 'N/A', 'F25NDQ2', 'F25NDQ3', 'F25NDQ4', 'F25NDQ1') 
INFO:[3]: Validating hst_stis_mofftab.rmap 
INFO:[4]: Validating hst_stis_halotab.rmap 
INFO:[5]: Validating hst_stis_riptab.rmap 
INFO:[6]: Validating hst_stis_lamptab.rmap 
INFO:[7]: Validating hst_stis_tdstab.rmap 
INFO:[8]: Validating hst_stis_cdstab.rmap 
INFO:[9]: Validating hst_stis_pctab.rmap 
INFO:[10]: Validating hst_stis_crrejtab.rmap 
INFO:[11]: Validating hst_stis_pfltfile.rmap 
INFO:[12]: Validating hst_stis_apdstab.rmap 
INFO:[13]: Validating hst_stis_inangtab.rmap 
INFO:[14]: Validating hst_stis_wcptab.rmap 
INFO:[15]: Validating hst_stis_darkfile.rmap 
INFO:[16]: Validating hst_stis_biasfile.rmap 
WARNING[1]: Parameter 'CCDOFFST' is unchecked. 
WARNING[2]: Parameter 'BINAXIS1' is unchecked. 
WARNING[3]: Parameter 'BINAXIS2' is unchecked. 
INFO:[17]: Validating hst_stis_mlintab.rmap 
INFO:[18]: Validating hst_stis_echsctab.rmap 
INFO:[19]: Validating hst_stis_disptab.rmap 
INFO:[20]: Validating hst_stis_idctab.rmap 
INFO:[21]: Validating hst_stis_xtractab.rmap 
INFO:[22]: Validating hst_stis_phottab.rmap 
INFO:[23]: Validating hst_stis_sptrctab.rmap 
INFO:[24]: Validating hst_stis_exstab.rmap 
INFO:[25]: Validating hst_stis_sdctab.rmap 
INFO:[26]: Validating hst_stis_bpixtab.rmap 
INFO:[27]: Validating hst_stis_srwtab.rmap 
INFO:[28]: Validating hst_stis_gactab.rmap 
INFO:[29]: Validating hst_stis_ccdtab.rmap 
INFO:[30]: Validating hst_stis_apertab.rmap 
INFO:[31]: Validating hst_stis_tdctab.rmap 
INFO:[32]: Certifying 'h1v11475o_bpx.fits' 
INFO:[33]: Certifying 'h1v12041o_crr.fits' 
INFO:[34]: Certifying 'h1v1541eo_iac.fits' 
INFO:[35]: Certifying 'h2i13529o_lfl.fits' 
ERROR[2]: Validation failed for '/grp/hst/cdbs/oref/h2i13529o_lfl.fits' : Missing required keyword 'USEAFTER_DATE' 
INFO:[36]: Certifying 'h2i1352bo_lfl.fits' 
ERROR[3]: Validation failed for '/grp/hst/cdbs/oref/h2i1352bo_lfl.fits' : Missing required keyword 'USEAFTER_DATE' 
INFO:[37]: Certifying 'h4s1350io_moc.fits' 
INFO:[38]: Certifying 'h4s1350ko_moc.fits' 
INFO:[39]: Certifying 'h5s11397o_iac.fits' 
ERROR[4]: Validation failed for '/grp/hst/cdbs/oref/h5s11397o_iac.fits' : Invalid 'Sybdate' format '01/10/96' 
INFO:[40]: Certifying 'h5s1140io_lfl.fits' 
ERROR[5]: Validation failed for '/grp/hst/cdbs/oref/h5s1140io_lfl.fits' : Missing required keyword 'USEAFTER_DATE' 
INFO:[41]: Certifying 'h5s1140jo_pfl.fits' 
ERROR[6]: Validation failed for '/grp/hst/cdbs/oref/h5s1140jo_pfl.fits' : Missing required keyword 'USEAFTER_DATE' 
INFO:[42]: Certifying 'h5s1140ko_lfl.fits' 
ERROR[7]: Validation failed for '/grp/hst/cdbs/oref/h5s1140ko_lfl.fits' : Missing required keyword 'USEAFTER_DATE' 
INFO:[43]: Certifying 'h5s1140lo_pfl.fits' 
ERROR[8]: Validation failed for '/grp/hst/cdbs/oref/h5s1140lo_pfl.fits' : Missing required keyword 'USEAFTER_DATE' 
INFO:[44]: Certifying 'hcm14407o_bpx.fits' 
ERROR[9]: Validation failed for '/grp/hst/cdbs/oref/hcm14407o_bpx.fits' : Invalid 'Sybdate' format '01/10/96' 
INFO:[45]: Certifying 'i4g1725do_pfl.fits' 
ERROR[10]: Validation failed for '/grp/hst/cdbs/oref/i4g1725do_pfl.fits' : Missing required keyword 'USEAFTER_DATE' 
INFO:[46]: Certifying 'i4g1725eo_pfl.fits' 
ERROR[11]: Validation failed for '/grp/hst/cdbs/oref/i4g1725eo_pfl.fits' : Missing required keyword 'USEAFTER_DATE' 
INFO:[47]: Certifying 'i4g1725fo_pfl.fits' 
ERROR[12]: Validation failed for '/grp/hst/cdbs/oref/i4g1725fo_pfl.fits' : Missing required keyword 'USEAFTER_DATE' 
INFO:[48]: Certifying 'i4g1725go_pfl.fits' 
ERROR[13]: Validation failed for '/grp/hst/cdbs/oref/i4g1725go_pfl.fits' : Missing required keyword 'USEAFTER_DATE' 
INFO:[49]: Certifying 'i4g1725ho_pfl.fits' 
ERROR[14]: Validation failed for '/grp/hst/cdbs/oref/i4g1725ho_pfl.fits' : Missing required keyword 'USEAFTER_DATE' 
INFO:[50]: Certifying 'i4g1725io_pfl.fits' 
ERROR[15]: Validation failed for '/grp/hst/cdbs/oref/i4g1725io_pfl.fits' : Missing required keyword 'USEAFTER_DATE' 
INFO:[51]: Certifying 'i4g1725jo_pfl.fits' 
ERROR[16]: Validation failed for '/grp/hst/cdbs/oref/i4g1725jo_pfl.fits' : Missing required keyword 'USEAFTER_DATE' 
INFO:[52]: Certifying 'i4g1725ko_pfl.fits' 
ERROR[17]: Validation failed for '/grp/hst/cdbs/oref/i4g1725ko_pfl.fits' : Missing required keyword 'USEAFTER_DATE' 
INFO:[53]: Certifying 'i4g1725lo_pfl.fits' 
ERROR[18]: Validation failed for '/grp/hst/cdbs/oref/i4g1725lo_pfl.fits' : Missing required keyword 'USEAFTER_DATE' 
INFO:[54]: Certifying 'i561639lo_pct.fits' 
ERROR[19]: Validation failed for '/grp/hst/cdbs/oref/i561639lo_pct.fits' : Invalid 'Sybdate' format '01/10/96' 
INFO:[55]: Certifying 'i561639mo_pct.fits' 
ERROR[20]: Validation failed for '/grp/hst/cdbs/oref/i561639mo_pct.fits' : Invalid 'Sybdate' format '01/10/96' 
INFO:[56]: Certifying 'i561639no_pct.fits' 
ERROR[21]: Validation failed for '/grp/hst/cdbs/oref/i561639no_pct.fits' : Invalid 'Sybdate' format '01/10/96' 
INFO:[57]: Certifying 'i561639po_pct.fits' 
ERROR[22]: Validation failed for '/grp/hst/cdbs/oref/i561639po_pct.fits' : Invalid 'Sybdate' format '01/10/96' 
INFO:[58]: Certifying 'i561639qo_pct.fits' 
ERROR[23]: Validation failed for '/grp/hst/cdbs/oref/i561639qo_pct.fits' : Invalid 'Sybdate' format '01/10/96' 
INFO:[59]: Certifying 'i9u1759io_drk.fits' 
INFO:[60]: Certifying 'iaf1723io_lfl.fits' 
ERROR[24]: Validation failed for '/grp/hst/cdbs/oref/iaf1723io_lfl.fits' : Missing required keyword 'USEAFTER_DATE' 
INFO:[61]: Certifying 'ica12303o_crr.fits' 
ERROR[25]: Validation failed for '/grp/hst/cdbs/oref/ica12303o_crr.fits' : Invalid 'Sybdate' format 'March 1, 1997' 
INFO:[62]: Certifying 'ica12517o_pct.fits' 
INFO:[63]: Certifying 'ica12518o_pct.fits' 
INFO:[64]: Certifying 'ica12519o_pct.fits' 
INFO:[65]: Certifying 'ica1251ao_pct.fits' 
INFO:[66]: Certifying 'j1p13242o_drk.fits' 
INFO:[67]: Certifying 'j1p13244o_pct.fits' 
INFO:[68]: Certifying 'j1p13246o_pct.fits' 
INFO:[69]: Certifying 'j1p13248o_pct.fits' 
INFO:[70]: Certifying 'j3m1403io_crr.fits' 
INFO:[71]: Certifying 'j9r16559o_lin.fits' 
INFO:[72]: Certifying 'jaj1058ho_lfl.fits' 
ERROR[26]: Validation failed for '/grp/hst/cdbs/oref/jaj1058ho_lfl.fits' : Missing required keyword 'USEAFTER_DATE' 
INFO:[73]: Certifying 'k2910260o_pfl.fits' 
ERROR[27]: Validation failed for '/grp/hst/cdbs/oref/k2910260o_pfl.fits' : Missing required keyword 'USEAFTER_DATE' 
INFO:[74]: Certifying 'k2910261o_pfl.fits' 
ERROR[28]: Validation failed for '/grp/hst/cdbs/oref/k2910261o_pfl.fits' : Missing required keyword 'USEAFTER_DATE' 
INFO:[75]: Certifying 'k2910262o_pfl.fits' 
ERROR[29]: Validation failed for '/grp/hst/cdbs/oref/k2910262o_pfl.fits' : Missing required keyword 'USEAFTER_DATE' 
INFO:[76]: Certifying 'k2910263o_pfl.fits' 
ERROR[30]: Validation failed for '/grp/hst/cdbs/oref/k2910263o_pfl.fits' : Missing required keyword 'USEAFTER_DATE' 
INFO:[77]: Certifying 'k2910264o_pfl.fits' 
ERROR[31]: Validation failed for '/grp/hst/cdbs/oref/k2910264o_pfl.fits' : Missing required keyword 'USEAFTER_DATE' 
INFO:[78]: Certifying 'k2910265o_pfl.fits' 
ERROR[32]: Validation failed for '/grp/hst/cdbs/oref/k2910265o_pfl.fits' : Missing required keyword 'USEAFTER_DATE' 
INFO:[79]: Certifying 'k4b0828qo_bia.fits' 
INFO:[80]: Certifying 'k4b0828ro_bia.fits' 
INFO:[81]: Certifying 'k4b0828so_bia.fits' 
INFO:[82]: Certifying 'k4b0828to_bia.fits' 
INFO:[83]: Certifying 'k4b08290o_bia.fits' 
INFO:[84]: Certifying 'k4b08291o_bia.fits' 
INFO:[85]: Certifying 'k4b08292o_bia.fits' 
INFO:[86]: Certifying 'k4b08293o_bia.fits' 
INFO:[87]: Certifying 'k4e14492o_bia.fits' 
INFO:[88]: Certifying 'k4h1335ho_bia.fits' 
INFO:[89]: Certifying 'k4h1335jo_bia.fits' 
INFO:[90]: Certifying 'k4h1335lo_bia.fits' 
INFO:[91]: Certifying 'k4h1335no_bia.fits' 
INFO:[92]: Certifying 'k4i16565o_bia.fits' 
INFO:[93]: Certifying 'k4i16566o_bia.fits' 
INFO:[94]: Certifying 'k4i16567o_bia.fits' 
INFO:[95]: Certifying 'k4i16568o_bia.fits' 
INFO:[96]: Certifying 'k4i16569o_bia.fits' 
INFO:[97]: Certifying 'k4i1656ao_bia.fits' 
INFO:[98]: Certifying 'k4i1656bo_bia.fits' 
INFO:[99]: Certifying 'k4i1656co_bia.fits' 
INFO:[100]: Certifying 'k4i1656do_bia.fits' 
INFO:[101]: Certifying 'k4i1656eo_bia.fits' 
INFO:[102]: Certifying 'k4i1656fo_bia.fits' 
INFO:[103]: Certifying 'k4i1656go_bia.fits' 
INFO:[104]: Certifying 'k4i1656ho_bia.fits' 
INFO:[105]: Certifying 'k4i1656io_bia.fits' 
INFO:[106]: Certifying 'k4k1503no_bia.fits' 
INFO:[107]: Certifying 'k4k1503oo_bia.fits' 
INFO:[108]: Certifying 'k4k1503po_bia.fits' 
INFO:[109]: Certifying 'k4k1503qo_bia.fits' 
INFO:[110]: Certifying 'k4k1503ro_bia.fits' 
INFO:[111]: Certifying 'k4k1503so_bia.fits' 
INFO:[112]: Certifying 'k4k1503to_bia.fits' 
INFO:[113]: Certifying 'k4k15040o_bia.fits' 
INFO:[114]: Certifying 'k4o1609ko_bia.fits' 
INFO:[115]: Certifying 'k4o1609lo_bia.fits' 
INFO:[116]: Certifying 'k4o1609mo_bia.fits' 
INFO:[117]: Certifying 'k4o1609no_bia.fits' 
INFO:[118]: Certifying 'k4o1609oo_bia.fits' 
INFO:[119]: Certifying 'k4o16100o_bia.fits' 
INFO:[120]: Certifying 'k4o16101o_bia.fits' 
INFO:[121]: Certifying 'k4o16102o_bia.fits' 
INFO:[122]: Certifying 'k4o16103o_bia.fits' 
INFO:[123]: Certifying 'k4o16104o_bia.fits' 
INFO:[124]: Certifying 'k4r14529o_bia.fits' 
INFO:[125]: Certifying 'k4r1452ao_bia.fits' 
INFO:[126]: Certifying 'k4r1452bo_bia.fits' 
INFO:[127]: Certifying 'k4r1452co_bia.fits' 
INFO:[128]: Certifying 'k4r1452do_bia.fits' 
INFO:[129]: Certifying 'k4r14546o_bia.fits' 
INFO:[130]: Certifying 'k4r14547o_bia.fits' 
INFO:[131]: Certifying 'k4r14548o_bia.fits' 
INFO:[132]: Certifying 'k4r14549o_bia.fits' 
INFO:[133]: Certifying 'k4r1454ao_bia.fits' 
INFO:[134]: Certifying 'k551619go_bia.fits' 
INFO:[135]: Certifying 'k551619ho_bia.fits' 
INFO:[136]: Certifying 'k551619io_bia.fits' 
INFO:[137]: Certifying 'k551619ko_bia.fits' 
INFO:[138]: Certifying 'k5516204o_bia.fits' 
INFO:[139]: Certifying 'k5516206o_bia.fits' 
INFO:[140]: Certifying 'k5516208o_bia.fits' 
INFO:[141]: Certifying 'k551620ao_bia.fits' 
INFO:[142]: Certifying 'k551620qo_bia.fits' 
INFO:[143]: Certifying 'k5a1538go_bia.fits' 
INFO:[144]: Certifying 'k5a1538io_bia.fits' 
INFO:[145]: Certifying 'k5a1538ko_bia.fits' 
INFO:[146]: Certifying 'k5a1538mo_bia.fits' 
INFO:[147]: Certifying 'k5h1101io_bia.fits' 
INFO:[148]: Certifying 'k5h1101jo_bia.fits' 
INFO:[149]: Certifying 'k5i2018eo_bia.fits' 
INFO:[150]: Certifying 'k5i2018fo_bia.fits' 
INFO:[151]: Certifying 'k5i2018go_bia.fits' 
INFO:[152]: Certifying 'k5i2018ho_bia.fits' 
INFO:[153]: Certifying 'k5i2018io_bia.fits' 
INFO:[154]: Certifying 'k5i2018jo_bia.fits' 
INFO:[155]: Certifying 'k5i2018ko_bia.fits' 
INFO:[156]: Certifying 'k5i2018lo_bia.fits' 
INFO:[157]: Certifying 'k5i2018mo_bia.fits' 
INFO:[158]: Certifying 'k5i2018no_bia.fits' 
INFO:[159]: Certifying 'k5i2018oo_bia.fits' 
INFO:[160]: Certifying 'k5n1532co_bia.fits' 
INFO:[161]: Certifying 'k5n1532do_bia.fits' 
INFO:[162]: Certifying 'k5n1532eo_bia.fits' 
INFO:[163]: Certifying 'k5n1532fo_bia.fits' 
INFO:[164]: Certifying 'k5n1532go_bia.fits' 
INFO:[165]: Certifying 'k5n1532ho_bia.fits' 
INFO:[166]: Certifying 'k5n1532io_bia.fits' 
INFO:[167]: Certifying 'k5n1532jo_bia.fits' 
INFO:[168]: Certifying 'k5n1532ko_bia.fits' 
INFO:[169]: Certifying 'k5q11160o_bia.fits' 
INFO:[170]: Certifying 'k5q11161o_bia.fits' 
INFO:[171]: Certifying 'k5q11162o_bia.fits' 
INFO:[172]: Certifying 'k5q11163o_bia.fits' 
INFO:[173]: Certifying 'k5q11164o_bia.fits' 
INFO:[174]: Certifying 'k5q11165o_bia.fits' 
INFO:[175]: Certifying 'k5q11166o_bia.fits' 
INFO:[176]: Certifying 'k5q11167o_bia.fits' 
INFO:[177]: Certifying 'k5q11168o_bia.fits' 
INFO:[178]: Certifying 'k5q11169o_bia.fits' 
INFO:[179]: Certifying 'k5q1116ao_bia.fits' 
INFO:[180]: Certifying 'k5q1116bo_bia.fits' 
INFO:[181]: Certifying 'k681655bo_bia.fits' 
INFO:[182]: Certifying 'k681655do_bia.fits' 
INFO:[183]: Certifying 'k681655fo_bia.fits' 
INFO:[184]: Certifying 'k681655ho_bia.fits' 
INFO:[185]: Certifying 'k6816597o_bia.fits' 
INFO:[186]: Certifying 'k6816598o_bia.fits' 
INFO:[187]: Certifying 'k681700fo_bia.fits' 
INFO:[188]: Certifying 'k681700go_bia.fits' 
INFO:[189]: Certifying 'k6817013o_bia.fits' 
INFO:[190]: Certifying 'k6817014o_bia.fits' 
INFO:[191]: Certifying 'k681713co_bia.fits' 
INFO:[192]: Certifying 'k681713do_bia.fits' 
INFO:[193]: Certifying 'k7e1520ao_bia.fits' 
INFO:[194]: Certifying 'k7e1520bo_bia.fits' 
INFO:[195]: Certifying 'k7e15237o_bia.fits' 
INFO:[196]: Certifying 'k7e15238o_bia.fits' 
INFO:[197]: Certifying 'k7e1524lo_bia.fits' 
INFO:[198]: Certifying 'k7e1524mo_bia.fits' 
INFO:[199]: Certifying 'k7e1527mo_bia.fits' 
INFO:[200]: Certifying 'k7e1527oo_bia.fits' 
INFO:[201]: Certifying 'k7e1527qo_bia.fits' 
INFO:[202]: Certifying 'k7e1527so_bia.fits' 
INFO:[203]: Certifying 'k7e1544oo_bia.fits' 
INFO:[204]: Certifying 'k7e1544po_bia.fits' 
INFO:[205]: Certifying 'k7j1521to_bia.fits' 
INFO:[206]: Certifying 'k7j15221o_bia.fits' 
INFO:[207]: Certifying 'k880850fo_bia.fits' 
INFO:[208]: Certifying 'k880850ho_bia.fits' 
INFO:[209]: Certifying 'k880850jo_bia.fits' 
INFO:[210]: Certifying 'k880850lo_bia.fits' 
INFO:[211]: Certifying 'k880851do_bia.fits' 
INFO:[212]: Certifying 'k880851eo_bia.fits' 
INFO:[213]: Certifying 'k880851ko_bia.fits' 
INFO:[214]: Certifying 'k880851lo_bia.fits' 
INFO:[215]: Certifying 'k880851to_bia.fits' 
INFO:[216]: Certifying 'k8808520o_bia.fits' 
INFO:[217]: Certifying 'k8808525o_bia.fits' 
INFO:[218]: Certifying 'k8808526o_bia.fits' 
INFO:[219]: Certifying 'k8m09584o_cds.fits' 
INFO:[220]: Certifying 'k8m09586o_exs.fits' 
INFO:[221]: Certifying 'k8m09587o_hal.fits' 
INFO:[222]: Certifying 'k8m09588o_rip.fits' 
INFO:[223]: Certifying 'k8m09589o_srw.fits' 
INFO:[224]: Certifying 'k8m0958bo_cds.fits' 
INFO:[225]: Certifying 'k8m0958do_exs.fits' 
INFO:[226]: Certifying 'k8m0958eo_hal.fits' 
INFO:[227]: Certifying 'k8m0958fo_rip.fits' 
INFO:[228]: Certifying 'k8m0958go_srw.fits' 
INFO:[229]: Certifying 'k961706qo_bia.fits' 
INFO:[230]: Certifying 'k961706so_bia.fits' 
INFO:[231]: Certifying 'k9617070o_bia.fits' 
INFO:[232]: Certifying 'k9617072o_bia.fits' 
INFO:[233]: Certifying 'k9617078o_bia.fits' 
INFO:[234]: Certifying 'k9617079o_bia.fits' 
INFO:[235]: Certifying 'k961707do_bia.fits' 
INFO:[236]: Certifying 'k961707eo_bia.fits' 
INFO:[237]: Certifying 'k961707go_bia.fits' 
INFO:[238]: Certifying 'k961707ho_bia.fits' 
INFO:[239]: Certifying 'k961707ko_bia.fits' 
INFO:[240]: Certifying 'k961707lo_bia.fits' 
INFO:[241]: Certifying 'k9t1734no_bia.fits' 
INFO:[242]: Certifying 'k9t1734po_bia.fits' 
INFO:[243]: Certifying 'k9t1734ro_bia.fits' 
INFO:[244]: Certifying 'k9t1734to_bia.fits' 
INFO:[245]: Certifying 'k9t17354o_bia.fits' 
INFO:[246]: Certifying 'k9t17355o_bia.fits' 
INFO:[247]: Certifying 'k9t17358o_bia.fits' 
INFO:[248]: Certifying 'k9t17359o_bia.fits' 
INFO:[249]: Certifying 'k9t1735bo_bia.fits' 
INFO:[250]: Certifying 'k9t1735co_bia.fits' 
INFO:[251]: Certifying 'k9t1735fo_bia.fits' 
INFO:[252]: Certifying 'k9t1735go_bia.fits' 
INFO:[253]: Certifying 'kap1603fo_bia.fits' 
INFO:[254]: Certifying 'kap1603ho_bia.fits' 
INFO:[255]: Certifying 'kap1603jo_bia.fits' 
INFO:[256]: Certifying 'kap1603lo_bia.fits' 
INFO:[257]: Certifying 'kap1604no_bia.fits' 
INFO:[258]: Certifying 'kap1604qo_bia.fits' 
INFO:[259]: Certifying 'kap1606ao_bia.fits' 
INFO:[260]: Certifying 'kap1606do_bia.fits' 
INFO:[261]: Certifying 'kap1608ho_bia.fits' 
INFO:[262]: Certifying 'kap1608io_bia.fits' 
INFO:[263]: Certifying 'kap16118o_bia.fits' 
INFO:[264]: Certifying 'kap16119o_bia.fits' 
INFO:[265]: Certifying 'kbs10194o_bia.fits' 
INFO:[266]: Certifying 'kbs10196o_bia.fits' 
INFO:[267]: Certifying 'kbs10198o_bia.fits' 
INFO:[268]: Certifying 'kbs1019ao_bia.fits' 
INFO:[269]: Certifying 'kbs1019io_bia.fits' 
INFO:[270]: Certifying 'kbs1019jo_bia.fits' 
INFO:[271]: Certifying 'kbs10215o_bia.fits' 
INFO:[272]: Certifying 'kbs10218o_bia.fits' 
INFO:[273]: Certifying 'kbs1021ko_bia.fits' 
INFO:[274]: Certifying 'kbs1021qo_bia.fits' 
INFO:[275]: Certifying 'kbs1022to_bia.fits' 
INFO:[276]: Certifying 'kbs10232o_bia.fits' 
INFO:[277]: Certifying 'l121601io_bia.fits' 
INFO:[278]: Certifying 'l121601ko_bia.fits' 
INFO:[279]: Certifying 'l121601mo_bia.fits' 
INFO:[280]: Certifying 'l1216024o_bia.fits' 
INFO:[281]: Certifying 'l1216026o_bia.fits' 
INFO:[282]: Certifying 'l1216027o_bia.fits' 
INFO:[283]: Certifying 'l1216028o_bia.fits' 
INFO:[284]: Certifying 'l1216029o_bia.fits' 
INFO:[285]: Certifying 'l121602ao_bia.fits' 
INFO:[286]: Certifying 'l121602bo_bia.fits' 
INFO:[287]: Certifying 'l121602co_bia.fits' 
INFO:[288]: Certifying 'l121602do_bia.fits' 
INFO:[289]: Certifying 'l1g1108eo_bia.fits' 
INFO:[290]: Certifying 'l1g1108fo_bia.fits' 
INFO:[291]: Certifying 'l1p0920ro_bia.fits' 
INFO:[292]: Certifying 'l1p0920to_bia.fits' 
INFO:[293]: Certifying 'l1p09211o_bia.fits' 
INFO:[294]: Certifying 'l1p09213o_bia.fits' 
INFO:[295]: Certifying 'l1p0921fo_bia.fits' 
INFO:[296]: Certifying 'l1p0921go_bia.fits' 
INFO:[297]: Certifying 'l1p0921ho_bia.fits' 
INFO:[298]: Certifying 'l1p0921io_bia.fits' 
INFO:[299]: Certifying 'l1p0921jo_bia.fits' 
INFO:[300]: Certifying 'l1p0921ko_bia.fits' 
INFO:[301]: Certifying 'l1p0921lo_bia.fits' 
INFO:[302]: Certifying 'l1p0921mo_bia.fits' 
INFO:[303]: Certifying 'l2j0137to_dsp.fits' 
INFO:[304]: Certifying 'l3616583o_bia.fits' 
INFO:[305]: Certifying 'l3616585o_bia.fits' 
INFO:[306]: Certifying 'l3616587o_bia.fits' 
INFO:[307]: Certifying 'l3616589o_bia.fits' 
INFO:[308]: Certifying 'l361658bo_bia.fits' 
INFO:[309]: Certifying 'l361658co_bia.fits' 
INFO:[310]: Certifying 'l361658do_bia.fits' 
INFO:[311]: Certifying 'l361658eo_bia.fits' 
INFO:[312]: Certifying 'l361658fo_bia.fits' 
INFO:[313]: Certifying 'l361658go_bia.fits' 
INFO:[314]: Certifying 'l361658ho_bia.fits' 
INFO:[315]: Certifying 'l361658io_bia.fits' 
INFO:[316]: Certifying 'l3m1437ro_iac.fits' 
INFO:[317]: Certifying 'l3m1437to_1dx.fits' 
INFO:[318]: Certifying 'l3m2346so_bia.fits' 
INFO:[319]: Certifying 'l3m23470o_bia.fits' 
INFO:[320]: Certifying 'l3m23472o_bia.fits' 
INFO:[321]: Certifying 'l3m23474o_bia.fits' 
INFO:[322]: Certifying 'l3m2347ao_bia.fits' 
INFO:[323]: Certifying 'l3m2347bo_bia.fits' 
INFO:[324]: Certifying 'l3m2347co_bia.fits' 
INFO:[325]: Certifying 'l3m2347do_bia.fits' 
INFO:[326]: Certifying 'l3m2347eo_bia.fits' 
INFO:[327]: Certifying 'l3m2347fo_bia.fits' 
INFO:[328]: Certifying 'l3m2347go_bia.fits' 
INFO:[329]: Certifying 'l3m2347ho_bia.fits' 
INFO:[330]: Certifying 'l421050oo_lmp.fits' 
INFO:[331]: Certifying 'l5312569o_bia.fits' 
INFO:[332]: Certifying 'l531256bo_bia.fits' 
INFO:[333]: Certifying 'l531256do_bia.fits' 
INFO:[334]: Certifying 'l531256fo_bia.fits' 
INFO:[335]: Certifying 'l531256ho_bia.fits' 
INFO:[336]: Certifying 'l531256io_bia.fits' 
INFO:[337]: Certifying 'l531256jo_bia.fits' 
INFO:[338]: Certifying 'l531256ko_bia.fits' 
INFO:[339]: Certifying 'l531256lo_bia.fits' 
INFO:[340]: Certifying 'l531256mo_bia.fits' 
INFO:[341]: Certifying 'l531256no_bia.fits' 
INFO:[342]: Certifying 'l531256oo_bia.fits' 
INFO:[343]: Certifying 'l5m0925ko_bia.fits' 
INFO:[344]: Certifying 'l5m0925mo_bia.fits' 
INFO:[345]: Certifying 'l5m0925oo_bia.fits' 
INFO:[346]: Certifying 'l5m0925qo_bia.fits' 
INFO:[347]: Certifying 'l5m0925so_bia.fits' 
INFO:[348]: Certifying 'l5m0925to_bia.fits' 
INFO:[349]: Certifying 'l5m09260o_bia.fits' 
INFO:[350]: Certifying 'l5m09261o_bia.fits' 
INFO:[351]: Certifying 'l5m09262o_bia.fits' 
INFO:[352]: Certifying 'l5m09263o_bia.fits' 
INFO:[353]: Certifying 'l5m09264o_bia.fits' 
INFO:[354]: Certifying 'l5m09265o_bia.fits' 
INFO:[355]: Certifying 'l661909eo_bia.fits' 
INFO:[356]: Certifying 'l661909go_bia.fits' 
INFO:[357]: Certifying 'l661909io_bia.fits' 
INFO:[358]: Certifying 'l661909jo_bia.fits' 
INFO:[359]: Certifying 'l661909ko_bia.fits' 
INFO:[360]: Certifying 'l661909lo_bia.fits' 
INFO:[361]: Certifying 'l7a15023o_pht.fits' 
INFO:[362]: Certifying 'l7r13505o_bia.fits' 
INFO:[363]: Certifying 'l7r13506o_bia.fits' 
INFO:[364]: Certifying 'l861201go_bia.fits' 
INFO:[365]: Certifying 'l861201io_bia.fits' 
INFO:[366]: Certifying 'l861201ko_bia.fits' 
INFO:[367]: Certifying 'l861201lo_bia.fits' 
INFO:[368]: Certifying 'l861201mo_bia.fits' 
INFO:[369]: Certifying 'l861201no_bia.fits' 
INFO:[370]: Certifying 'l8r1641go_bia.fits' 
INFO:[371]: Certifying 'l8r1641io_bia.fits' 
INFO:[372]: Certifying 'l8r1641ko_bia.fits' 
INFO:[373]: Certifying 'l8r1641mo_bia.fits' 
INFO:[374]: Certifying 'l8r1641no_bia.fits' 
INFO:[375]: Certifying 'l8r1641oo_bia.fits' 
INFO:[376]: Certifying 'l8r1641po_bia.fits' 
INFO:[377]: Certifying 'l8r1641qo_bia.fits' 
INFO:[378]: Certifying 'l8r1641ro_bia.fits' 
INFO:[379]: Certifying 'l8r1641so_bia.fits' 
INFO:[380]: Certifying 'l8r1641to_bia.fits' 
INFO:[381]: Certifying 'lab1532ho_bia.fits' 
INFO:[382]: Certifying 'lab1532jo_bia.fits' 
INFO:[383]: Certifying 'lab1532lo_bia.fits' 
INFO:[384]: Certifying 'lab1532no_bia.fits' 
INFO:[385]: Certifying 'lab1532po_bia.fits' 
INFO:[386]: Certifying 'lab1532qo_bia.fits' 
INFO:[387]: Certifying 'lab1532ro_bia.fits' 
INFO:[388]: Certifying 'lab1532so_bia.fits' 
INFO:[389]: Certifying 'lab1532to_bia.fits' 
INFO:[390]: Certifying 'lab15330o_bia.fits' 
INFO:[391]: Certifying 'lab15331o_bia.fits' 
INFO:[392]: Certifying 'lab15332o_bia.fits' 
INFO:[393]: Certifying 'lag1815lo_wcp.fits' 
INFO:[394]: Certifying 'laq13049o_bia.fits' 
INFO:[395]: Certifying 'laq1304bo_bia.fits' 
INFO:[396]: Certifying 'laq1304do_bia.fits' 
INFO:[397]: Certifying 'laq1304fo_bia.fits' 
INFO:[398]: Certifying 'laq1304ho_bia.fits' 
INFO:[399]: Certifying 'laq1304io_bia.fits' 
INFO:[400]: Certifying 'laq1304jo_bia.fits' 
INFO:[401]: Certifying 'laq1304ko_bia.fits' 
INFO:[402]: Certifying 'laq1304lo_bia.fits' 
INFO:[403]: Certifying 'laq1304mo_bia.fits' 
INFO:[404]: Certifying 'laq1304no_bia.fits' 
INFO:[405]: Certifying 'laq1304oo_bia.fits' 
INFO:[406]: Certifying 'lbq1210po_bia.fits' 
INFO:[407]: Certifying 'lbq1210ro_bia.fits' 
INFO:[408]: Certifying 'lbq1210to_bia.fits' 
INFO:[409]: Certifying 'lbq12111o_bia.fits' 
INFO:[410]: Certifying 'lbq12113o_bia.fits' 
INFO:[411]: Certifying 'lbq12114o_bia.fits' 
INFO:[412]: Certifying 'lbq12115o_bia.fits' 
INFO:[413]: Certifying 'lbq12116o_bia.fits' 
INFO:[414]: Certifying 'lbq12117o_bia.fits' 
INFO:[415]: Certifying 'lbq12118o_bia.fits' 
INFO:[416]: Certifying 'lbq12119o_bia.fits' 
INFO:[417]: Certifying 'lbq1211ao_bia.fits' 
INFO:[418]: Certifying 'lcl11072o_drk.fits' 
INFO:[419]: Certifying 'lcl11073o_drk.fits' 
INFO:[420]: Certifying 'lcl11074o_drk.fits' 
INFO:[421]: Certifying 'lcl11075o_drk.fits' 
INFO:[422]: Certifying 'lco1723po_bia.fits' 
INFO:[423]: Certifying 'lco1723ro_bia.fits' 
INFO:[424]: Certifying 'lco17247o_bia.fits' 
INFO:[425]: Certifying 'lco17249o_bia.fits' 
INFO:[426]: Certifying 'lco1724bo_bia.fits' 
INFO:[427]: Certifying 'lco1724co_bia.fits' 
INFO:[428]: Certifying 'lco1724do_bia.fits' 
INFO:[429]: Certifying 'lco1724eo_bia.fits' 
INFO:[430]: Certifying 'lco1724fo_bia.fits' 
INFO:[431]: Certifying 'lco1724go_bia.fits' 
INFO:[432]: Certifying 'lco1724ho_bia.fits' 
INFO:[433]: Certifying 'lco1724io_bia.fits' 
INFO:[434]: Certifying 'm1b2139lo_lfl.fits' 
ERROR[33]: Validation failed for '/grp/hst/cdbs/oref/m1b2139lo_lfl.fits' : Missing required keyword 'USEAFTER_DATE' 
INFO:[435]: Certifying 'm1b2139mo_lfl.fits' 
ERROR[34]: Validation failed for '/grp/hst/cdbs/oref/m1b2139mo_lfl.fits' : Missing required keyword 'USEAFTER_DATE' 
INFO:[436]: Certifying 'm1b2139no_lfl.fits' 
ERROR[35]: Validation failed for '/grp/hst/cdbs/oref/m1b2139no_lfl.fits' : Missing required keyword 'USEAFTER_DATE' 
INFO:[437]: Certifying 'm1b2139oo_lfl.fits' 
ERROR[36]: Validation failed for '/grp/hst/cdbs/oref/m1b2139oo_lfl.fits' : Missing required keyword 'USEAFTER_DATE' 
INFO:[438]: Certifying 'm2f16375o_bia.fits' 
INFO:[439]: Certifying 'm2f16377o_bia.fits' 
INFO:[440]: Certifying 'm2f16379o_bia.fits' 
INFO:[441]: Certifying 'm2f1637bo_bia.fits' 
INFO:[442]: Certifying 'm2f1637do_bia.fits' 
INFO:[443]: Certifying 'm2f1637fo_bia.fits' 
INFO:[444]: Certifying 'm2f1637ho_bia.fits' 
INFO:[445]: Certifying 'm2f1637jo_bia.fits' 
INFO:[446]: Certifying 'm2f1637lo_bia.fits' 
INFO:[447]: Certifying 'm2f1637mo_bia.fits' 
INFO:[448]: Certifying 'm2f1637no_bia.fits' 
INFO:[449]: Certifying 'm2f1637oo_bia.fits' 
INFO:[450]: Certifying 'm2f1637po_bia.fits' 
INFO:[451]: Certifying 'm2f1637qo_bia.fits' 
INFO:[452]: Certifying 'm2f1637ro_bia.fits' 
INFO:[453]: Certifying 'm2f1637so_bia.fits' 
INFO:[454]: Certifying 'm2f1637to_bia.fits' 
INFO:[455]: Certifying 'm2f16380o_bia.fits' 
INFO:[456]: Certifying 'm2f16381o_bia.fits' 
INFO:[457]: Certifying 'm2f16382o_bia.fits' 
INFO:[458]: Certifying 'm2f16383o_bia.fits' 
INFO:[459]: Certifying 'm2f16384o_bia.fits' 
INFO:[460]: Certifying 'm2f16385o_bia.fits' 
INFO:[461]: Certifying 'm2f16386o_bia.fits' 
INFO:[462]: Certifying 'm2p1810bo_bia.fits' 
INFO:[463]: Certifying 'm2p1810co_bia.fits' 
INFO:[464]: Certifying 'm3t1418ho_bia.fits' 
INFO:[465]: Certifying 'm3t1418jo_bia.fits' 
INFO:[466]: Certifying 'm3t1418lo_bia.fits' 
INFO:[467]: Certifying 'm3t1418no_bia.fits' 
INFO:[468]: Certifying 'm3t1418po_bia.fits' 
INFO:[469]: Certifying 'm3t1418qo_bia.fits' 
INFO:[470]: Certifying 'm3t1418ro_bia.fits' 
INFO:[471]: Certifying 'm3t1418so_bia.fits' 
INFO:[472]: Certifying 'm3t1418to_bia.fits' 
INFO:[473]: Certifying 'm3t14190o_bia.fits' 
INFO:[474]: Certifying 'm3t14191o_bia.fits' 
INFO:[475]: Certifying 'm3t14192o_bia.fits' 
INFO:[476]: Certifying 'm5a1254no_bia.fits' 
INFO:[477]: Certifying 'm5a1254oo_bia.fits' 
INFO:[478]: Certifying 'm5a1254po_bia.fits' 
INFO:[479]: Certifying 'm5a1254qo_bia.fits' 
INFO:[480]: Certifying 'm5a1254ro_bia.fits' 
INFO:[481]: Certifying 'm5a1254so_bia.fits' 
INFO:[482]: Certifying 'm5a1254to_bia.fits' 
INFO:[483]: Certifying 'm5a12550o_bia.fits' 
INFO:[484]: Certifying 'm5a12551o_bia.fits' 
INFO:[485]: Certifying 'm5a12552o_bia.fits' 
INFO:[486]: Certifying 'm5a12553o_bia.fits' 
INFO:[487]: Certifying 'm5a12554o_bia.fits' 
INFO:[488]: Certifying 'm6d1502so_bia.fits' 
INFO:[489]: Certifying 'm6d1502to_bia.fits' 
INFO:[490]: Certifying 'm6d15030o_bia.fits' 
INFO:[491]: Certifying 'm6d15031o_bia.fits' 
INFO:[492]: Certifying 'm6d15032o_bia.fits' 
INFO:[493]: Certifying 'm6d15033o_bia.fits' 
INFO:[494]: Certifying 'm6d15034o_bia.fits' 
INFO:[495]: Certifying 'm7111497o_bia.fits' 
INFO:[496]: Certifying 'm7111498o_bia.fits' 
INFO:[497]: Certifying 'm7111499o_bia.fits' 
INFO:[498]: Certifying 'm711149ao_bia.fits' 
INFO:[499]: Certifying 'm711149bo_bia.fits' 
INFO:[500]: Certifying 'm711149co_bia.fits' 
INFO:[501]: Certifying 'm711149do_bia.fits' 
INFO:[502]: Certifying 'm711149eo_bia.fits' 
INFO:[503]: Certifying 'm711149fo_bia.fits' 
INFO:[504]: Certifying 'm711149go_bia.fits' 
INFO:[505]: Certifying 'm711149ho_bia.fits' 
INFO:[506]: Certifying 'm711149io_bia.fits' 
INFO:[507]: Certifying 'm711149jo_bia.fits' 
INFO:[508]: Certifying 'm711149ko_bia.fits' 
INFO:[509]: Certifying 'm711149lo_bia.fits' 
INFO:[510]: Certifying 'm711149mo_bia.fits' 
INFO:[511]: Certifying 'm711149no_bia.fits' 
INFO:[512]: Certifying 'm7f1749qo_bia.fits' 
INFO:[513]: Certifying 'm7f1749ro_bia.fits' 
INFO:[514]: Certifying 'm7f1749so_bia.fits' 
INFO:[515]: Certifying 'm7f1749to_bia.fits' 
INFO:[516]: Certifying 'm7f17500o_bia.fits' 
INFO:[517]: Certifying 'm7f17501o_bia.fits' 
INFO:[518]: Certifying 'm7f17502o_bia.fits' 
INFO:[519]: Certifying 'm7f17503o_bia.fits' 
INFO:[520]: Certifying 'm7p16110o_dsp.fits' 
INFO:[521]: Certifying 'm7p16111o_dsp.fits' 
INFO:[522]: Certifying 'm821603po_bia.fits' 
INFO:[523]: Certifying 'm821603qo_bia.fits' 
INFO:[524]: Certifying 'm821603ro_bia.fits' 
INFO:[525]: Certifying 'm821603so_bia.fits' 
INFO:[526]: Certifying 'm8e1314do_bia.fits' 
INFO:[527]: Certifying 'm8e1314eo_bia.fits' 
INFO:[528]: Certifying 'm8e1314fo_bia.fits' 
INFO:[529]: Certifying 'm8e1314go_bia.fits' 
INFO:[530]: Certifying 'm8e1314ho_bia.fits' 
INFO:[531]: Certifying 'm8e1314io_bia.fits' 
INFO:[532]: Certifying 'm8e1314jo_bia.fits' 
INFO:[533]: Certifying 'm8m1029qo_bia.fits' 
INFO:[534]: Certifying 'm8m1029ro_bia.fits' 
INFO:[535]: Certifying 'm8m1029so_bia.fits' 
INFO:[536]: Certifying 'm8m1029to_bia.fits' 
INFO:[537]: Certifying 'm8m10300o_bia.fits' 
INFO:[538]: Certifying 'm9a1658lo_bia.fits' 
INFO:[539]: Certifying 'm9a1658mo_bia.fits' 
INFO:[540]: Certifying 'm9a1658no_bia.fits' 
INFO:[541]: Certifying 'm9a1658oo_bia.fits' 
INFO:[542]: Certifying 'm9a1658po_bia.fits' 
INFO:[543]: Certifying 'm9a1658qo_bia.fits' 
INFO:[544]: Certifying 'm9a1658ro_bia.fits' 
INFO:[545]: Certifying 'm9g16508o_bia.fits' 
INFO:[546]: Certifying 'm9g1650bo_bia.fits' 
INFO:[547]: Certifying 'm9g1650eo_bia.fits' 
INFO:[548]: Certifying 'm9g1650ho_bia.fits' 
INFO:[549]: Certifying 'm9g1650ko_bia.fits' 
INFO:[550]: Certifying 'm9o16043o_bia.fits' 
INFO:[551]: Certifying 'ma713172o_bia.fits' 
INFO:[552]: Certifying 'ma713173o_bia.fits' 
INFO:[553]: Certifying 'ma713174o_bia.fits' 
INFO:[554]: Certifying 'ma713175o_bia.fits' 
INFO:[555]: Certifying 'ma713176o_bia.fits' 
INFO:[556]: Certifying 'ma713177o_bia.fits' 
INFO:[557]: Certifying 'ma713178o_bia.fits' 
INFO:[558]: Certifying 'ma713179o_bia.fits' 
INFO:[559]: Certifying 'ma71317ao_bia.fits' 
INFO:[560]: Certifying 'ma71317bo_bia.fits' 
INFO:[561]: Certifying 'ma71317co_bia.fits' 
INFO:[562]: Certifying 'ma71317qo_drk.fits' 
INFO:[563]: Certifying 'ma71317ro_drk.fits' 
INFO:[564]: Certifying 'man16295o_bia.fits' 
INFO:[565]: Certifying 'man16296o_bia.fits' 
INFO:[566]: Certifying 'man16297o_bia.fits' 
INFO:[567]: Certifying 'man16298o_bia.fits' 
INFO:[568]: Certifying 'man16299o_bia.fits' 
INFO:[569]: Certifying 'man1629ao_bia.fits' 
INFO:[570]: Certifying 'mb812354o_bia.fits' 
INFO:[571]: Certifying 'mb812355o_bia.fits' 
INFO:[572]: Certifying 'mb812356o_bia.fits' 
INFO:[573]: Certifying 'mb812357o_bia.fits' 
INFO:[574]: Certifying 'mb812358o_bia.fits' 
INFO:[575]: Certifying 'mb812359o_bia.fits' 
INFO:[576]: Certifying 'mbj16582o_bia.fits' 
INFO:[577]: Certifying 'mbj16583o_bia.fits' 
INFO:[578]: Certifying 'mbj16584o_bia.fits' 
INFO:[579]: Certifying 'mbj16585o_bia.fits' 
INFO:[580]: Certifying 'mbj16586o_bia.fits' 
INFO:[581]: Certifying 'mbj16587o_bia.fits' 
INFO:[582]: Certifying 'mbj1658ao_pfl.fits' 
ERROR[37]: Validation failed for '/grp/hst/cdbs/oref/mbj1658ao_pfl.fits' : Missing required keyword 'USEAFTER_DATE' 
INFO:[583]: Certifying 'mbj1658bo_pfl.fits' 
ERROR[38]: Validation failed for '/grp/hst/cdbs/oref/mbj1658bo_pfl.fits' : Missing required keyword 'USEAFTER_DATE' 
INFO:[584]: Certifying 'mbj1658co_pfl.fits' 
ERROR[39]: Validation failed for '/grp/hst/cdbs/oref/mbj1658co_pfl.fits' : Missing required keyword 'USEAFTER_DATE' 
INFO:[585]: Certifying 'mbj1658do_pfl.fits' 
ERROR[40]: Validation failed for '/grp/hst/cdbs/oref/mbj1658do_pfl.fits' : Missing required keyword 'USEAFTER_DATE' 
INFO:[586]: Certifying 'mck13207o_bia.fits' 
INFO:[587]: Certifying 'mck13208o_bia.fits' 
INFO:[588]: Certifying 'mck13209o_bia.fits' 
INFO:[589]: Certifying 'mck1320ao_bia.fits' 
INFO:[590]: Certifying 'mck1320bo_bia.fits' 
INFO:[591]: Certifying 'mck1320co_bia.fits' 
INFO:[592]: Certifying 'mck1320do_bia.fits' 
INFO:[593]: Certifying 'mck1320eo_bia.fits' 
INFO:[594]: Certifying 'mck1320fo_bia.fits' 
INFO:[595]: Certifying 'mck1320go_bia.fits' 
INFO:[596]: Certifying 'mck1320ho_bia.fits' 
INFO:[597]: Certifying 'mck1320io_bia.fits' 
INFO:[598]: Certifying 'n1813403o_bia.fits' 
INFO:[599]: Certifying 'n1813404o_bia.fits' 
INFO:[600]: Certifying 'n1813405o_bia.fits' 
INFO:[601]: Certifying 'n1813406o_bia.fits' 
INFO:[602]: Certifying 'n1813407o_bia.fits' 
INFO:[603]: Certifying 'n1813408o_bia.fits' 
INFO:[604]: Certifying 'n181340bo_pht.fits' 
INFO:[605]: Certifying 'n1e1159co_bia.fits' 
INFO:[606]: Certifying 'n1e1159do_bia.fits' 
INFO:[607]: Certifying 'n1e1159eo_bia.fits' 
INFO:[608]: Certifying 'n1e1159fo_bia.fits' 
INFO:[609]: Certifying 'n1e1159go_bia.fits' 
INFO:[610]: Certifying 'n231404no_bia.fits' 
INFO:[611]: Certifying 'n231404oo_bia.fits' 
INFO:[612]: Certifying 'n231404po_bia.fits' 
INFO:[613]: Certifying 'n231404qo_bia.fits' 
INFO:[614]: Certifying 'n231404ro_bia.fits' 
INFO:[615]: Certifying 'n231404so_bia.fits' 
INFO:[616]: Certifying 'n2l1301lo_bia.fits' 
INFO:[617]: Certifying 'n2l1301mo_bia.fits' 
INFO:[618]: Certifying 'n2l1301no_bia.fits' 
INFO:[619]: Certifying 'n2l1301oo_bia.fits' 
INFO:[620]: Certifying 'n2l1301po_bia.fits' 
INFO:[621]: Certifying 'n2l1301qo_bia.fits' 
INFO:[622]: Certifying 'n2o1817fo_pct.fits' 
INFO:[623]: Certifying 'n2s16026o_bia.fits' 
INFO:[624]: Certifying 'n2s16027o_bia.fits' 
INFO:[625]: Certifying 'n2s16028o_bia.fits' 
INFO:[626]: Certifying 'n2s16029o_bia.fits' 
INFO:[627]: Certifying 'n2s1602ao_bia.fits' 
INFO:[628]: Certifying 'n2s1602bo_bia.fits' 
INFO:[629]: Certifying 'n2s1602co_bia.fits' 
INFO:[630]: Certifying 'n2s1602do_bia.fits' 
INFO:[631]: Certifying 'n2s1602eo_bia.fits' 
INFO:[632]: Certifying 'n2s1602fo_bia.fits' 
INFO:[633]: Certifying 'n4215251o_bia.fits' 
INFO:[634]: Certifying 'n4215252o_bia.fits' 
INFO:[635]: Certifying 'n4215253o_bia.fits' 
INFO:[636]: Certifying 'n4215254o_bia.fits' 
INFO:[637]: Certifying 'n4215255o_bia.fits' 
INFO:[638]: Certifying 'n4215256o_bia.fits' 
INFO:[639]: Certifying 'n4215257o_bia.fits' 
INFO:[640]: Certifying 'n4215258o_bia.fits' 
INFO:[641]: Certifying 'n4215259o_bia.fits' 
INFO:[642]: Certifying 'n421525ao_bia.fits' 
INFO:[643]: Certifying 'n421525bo_bia.fits' 
INFO:[644]: Certifying 'n421525co_bia.fits' 
INFO:[645]: Certifying 'n4914019o_pfl.fits' 
ERROR[41]: Validation failed for '/grp/hst/cdbs/oref/n4914019o_pfl.fits' : Missing required keyword 'USEAFTER_DATE' 
INFO:[646]: Certifying 'n491401ao_pfl.fits' 
ERROR[42]: Validation failed for '/grp/hst/cdbs/oref/n491401ao_pfl.fits' : Missing required keyword 'USEAFTER_DATE' 
INFO:[647]: Certifying 'n491401bo_pfl.fits' 
ERROR[43]: Validation failed for '/grp/hst/cdbs/oref/n491401bo_pfl.fits' : Missing required keyword 'USEAFTER_DATE' 
INFO:[648]: Certifying 'n491401co_pfl.fits' 
ERROR[44]: Validation failed for '/grp/hst/cdbs/oref/n491401co_pfl.fits' : Missing required keyword 'USEAFTER_DATE' 
INFO:[649]: Certifying 'n491401do_pfl.fits' 
ERROR[45]: Validation failed for '/grp/hst/cdbs/oref/n491401do_pfl.fits' : Missing required keyword 'USEAFTER_DATE' 
INFO:[650]: Certifying 'n491401eo_pfl.fits' 
ERROR[46]: Validation failed for '/grp/hst/cdbs/oref/n491401eo_pfl.fits' : Missing required keyword 'USEAFTER_DATE' 
INFO:[651]: Certifying 'n491401fo_pfl.fits' 
ERROR[47]: Validation failed for '/grp/hst/cdbs/oref/n491401fo_pfl.fits' : Missing required keyword 'USEAFTER_DATE' 
INFO:[652]: Certifying 'n491401go_pfl.fits' 
ERROR[48]: Validation failed for '/grp/hst/cdbs/oref/n491401go_pfl.fits' : Missing required keyword 'USEAFTER_DATE' 
INFO:[653]: Certifying 'n491401ho_pfl.fits' 
ERROR[49]: Validation failed for '/grp/hst/cdbs/oref/n491401ho_pfl.fits' : Missing required keyword 'USEAFTER_DATE' 
INFO:[654]: Certifying 'n491401io_pfl.fits' 
ERROR[50]: Validation failed for '/grp/hst/cdbs/oref/n491401io_pfl.fits' : Missing required keyword 'USEAFTER_DATE' 
INFO:[655]: Certifying 'n491401jo_pfl.fits' 
ERROR[51]: Validation failed for '/grp/hst/cdbs/oref/n491401jo_pfl.fits' : Missing required keyword 'USEAFTER_DATE' 
INFO:[656]: Certifying 'n491401ko_pfl.fits' 
ERROR[52]: Validation failed for '/grp/hst/cdbs/oref/n491401ko_pfl.fits' : Missing required keyword 'USEAFTER_DATE' 
INFO:[657]: Certifying 'n491401lo_pfl.fits' 
ERROR[53]: Validation failed for '/grp/hst/cdbs/oref/n491401lo_pfl.fits' : Missing required keyword 'USEAFTER_DATE' 
INFO:[658]: Certifying 'n491401mo_pfl.fits' 
ERROR[54]: Validation failed for '/grp/hst/cdbs/oref/n491401mo_pfl.fits' : Missing required keyword 'USEAFTER_DATE' 
INFO:[659]: Certifying 'n491401no_pfl.fits' 
ERROR[55]: Validation failed for '/grp/hst/cdbs/oref/n491401no_pfl.fits' : Missing required keyword 'USEAFTER_DATE' 
INFO:[660]: Certifying 'n491401oo_pfl.fits' 
ERROR[56]: Validation failed for '/grp/hst/cdbs/oref/n491401oo_pfl.fits' : Missing required keyword 'USEAFTER_DATE' 
INFO:[661]: Certifying 'n491401po_pfl.fits' 
ERROR[57]: Validation failed for '/grp/hst/cdbs/oref/n491401po_pfl.fits' : Missing required keyword 'USEAFTER_DATE' 
INFO:[662]: Certifying 'n491401qo_pfl.fits' 
ERROR[58]: Validation failed for '/grp/hst/cdbs/oref/n491401qo_pfl.fits' : Missing required keyword 'USEAFTER_DATE' 
INFO:[663]: Certifying 'n4a0913qo_bia.fits' 
INFO:[664]: Certifying 'n4a0913ro_bia.fits' 
INFO:[665]: Certifying 'n4a0913so_bia.fits' 
INFO:[666]: Certifying 'n4a0913to_bia.fits' 
INFO:[667]: Certifying 'n4a09140o_bia.fits' 
INFO:[668]: Certifying 'n4a09141o_bia.fits' 
INFO:[669]: Certifying 'n5817442o_bia.fits' 
INFO:[670]: Certifying 'n5817443o_bia.fits' 
INFO:[671]: Certifying 'n5817444o_bia.fits' 
INFO:[672]: Certifying 'n5817445o_bia.fits' 
INFO:[673]: Certifying 'n5817446o_bia.fits' 
INFO:[674]: Certifying 'n5817447o_bia.fits' 
INFO:[675]: Certifying 'n5817448o_bia.fits' 
INFO:[676]: Certifying 'n5817449o_bia.fits' 
INFO:[677]: Certifying 'n641633no_bia.fits' 
INFO:[678]: Certifying 'n641633oo_bia.fits' 
INFO:[679]: Certifying 'n641633po_bia.fits' 
INFO:[680]: Certifying 'n641633qo_bia.fits' 
INFO:[681]: Certifying 'n641633ro_bia.fits' 
INFO:[682]: Certifying 'n641633so_bia.fits' 
INFO:[683]: Certifying 'n641633to_bia.fits' 
INFO:[684]: Certifying 'n6416340o_bia.fits' 
INFO:[685]: Certifying 'n6416341o_bia.fits' 
INFO:[686]: Certifying 'n6416342o_bia.fits' 
INFO:[687]: Certifying 'n6416343o_bia.fits' 
INFO:[688]: Certifying 'n6416344o_bia.fits' 
INFO:[689]: Certifying 'n6416345o_bia.fits' 
INFO:[690]: Certifying 'n6416346o_bia.fits' 
INFO:[691]: Certifying 'n781303ko_bia.fits' 
INFO:[692]: Certifying 'n781303lo_bia.fits' 
INFO:[693]: Certifying 'n781303mo_bia.fits' 
INFO:[694]: Certifying 'n781303no_bia.fits' 
INFO:[695]: Certifying 'n781303oo_bia.fits' 
INFO:[696]: Certifying 'n781303po_bia.fits' 
INFO:[697]: Certifying 'n781303qo_bia.fits' 
INFO:[698]: Certifying 'n781303ro_bia.fits' 
INFO:[699]: Certifying 'n781303so_bia.fits' 
INFO:[700]: Certifying 'n781303to_bia.fits' 
INFO:[701]: Certifying 'n7813040o_bia.fits' 
INFO:[702]: Certifying 'n7813041o_bia.fits' 
INFO:[703]: Certifying 'n7i1243po_bia.fits' 
INFO:[704]: Certifying 'n7i1243qo_bia.fits' 
INFO:[705]: Certifying 'n7i1243ro_bia.fits' 
INFO:[706]: Certifying 'n7i1243so_bia.fits' 
INFO:[707]: Certifying 'n7i1243to_bia.fits' 
INFO:[708]: Certifying 'n7i12440o_bia.fits' 
INFO:[709]: Certifying 'n7p1031qo_1dx.fits' 
INFO:[710]: Certifying 'n7p10323o_1dx.fits' 
INFO:[711]: Certifying 'n7p1032ao_apt.fits' 
INFO:[712]: Certifying 'n841149mo_bia.fits' 
INFO:[713]: Certifying 'n841149no_bia.fits' 
INFO:[714]: Certifying 'n841149oo_bia.fits' 
INFO:[715]: Certifying 'n841149po_bia.fits' 
INFO:[716]: Certifying 'n841149qo_bia.fits' 
INFO:[717]: Certifying 'n841149ro_bia.fits' 
INFO:[718]: Certifying 'n8b1503ao_bia.fits' 
INFO:[719]: Certifying 'n8b1503bo_bia.fits' 
INFO:[720]: Certifying 'n8f1559mo_bia.fits' 
INFO:[721]: Certifying 'n8f1559no_bia.fits' 
INFO:[722]: Certifying 'n8f1559oo_bia.fits' 
INFO:[723]: Certifying 'n8f1559po_bia.fits' 
INFO:[724]: Certifying 'n8f1559qo_bia.fits' 
INFO:[725]: Certifying 'n8f1559ro_bia.fits' 
INFO:[726]: Certifying 'n8m1151ko_bia.fits' 
INFO:[727]: Certifying 'n8m1151lo_bia.fits' 
INFO:[728]: Certifying 'n8m1151mo_bia.fits' 
INFO:[729]: Certifying 'n8m1151no_bia.fits' 
INFO:[730]: Certifying 'n8m1151oo_bia.fits' 
INFO:[731]: Certifying 'n8m1151po_bia.fits' 
INFO:[732]: Certifying 'n9c1219po_bia.fits' 
INFO:[733]: Certifying 'n9c1219qo_bia.fits' 
INFO:[734]: Certifying 'n9c1219ro_bia.fits' 
INFO:[735]: Certifying 'n9c1219so_bia.fits' 
INFO:[736]: Certifying 'n9c1219to_bia.fits' 
INFO:[737]: Certifying 'n9c12200o_bia.fits' 
INFO:[738]: Certifying 'n9m1346eo_bia.fits' 
INFO:[739]: Certifying 'n9m1346fo_bia.fits' 
INFO:[740]: Certifying 'n9m1346go_bia.fits' 
INFO:[741]: Certifying 'n9m1346ho_bia.fits' 
INFO:[742]: Certifying 'n9m1346io_bia.fits' 
INFO:[743]: Certifying 'n9m1346jo_bia.fits' 
INFO:[744]: Certifying 'nad1136do_bia.fits' 
INFO:[745]: Certifying 'nad1136eo_bia.fits' 
INFO:[746]: Certifying 'nad1136fo_bia.fits' 
INFO:[747]: Certifying 'nad1136go_bia.fits' 
INFO:[748]: Certifying 'nad1136ho_bia.fits' 
INFO:[749]: Certifying 'nad1136io_bia.fits' 
INFO:[750]: Certifying 'nb31528to_bia.fits' 
INFO:[751]: Certifying 'nb315290o_bia.fits' 
INFO:[752]: Certifying 'nb315291o_bia.fits' 
INFO:[753]: Certifying 'nb315292o_bia.fits' 
INFO:[754]: Certifying 'nb315293o_bia.fits' 
INFO:[755]: Certifying 'nb315294o_bia.fits' 
INFO:[756]: Certifying 'nb315295o_bia.fits' 
INFO:[757]: Certifying 'nb315296o_bia.fits' 
INFO:[758]: Certifying 'nb315297o_bia.fits' 
INFO:[759]: Certifying 'nb315298o_bia.fits' 
INFO:[760]: Certifying 'nb315299o_bia.fits' 
INFO:[761]: Certifying 'nb31529ao_bia.fits' 
INFO:[762]: Certifying 'nbe19485o_bia.fits' 
INFO:[763]: Certifying 'nbe19486o_bia.fits' 
INFO:[764]: Certifying 'nbe19487o_bia.fits' 
INFO:[765]: Certifying 'nbe19488o_bia.fits' 
INFO:[766]: Certifying 'nbe19489o_bia.fits' 
INFO:[767]: Certifying 'nbe1948ao_bia.fits' 
INFO:[768]: Certifying 'ncc1612so_bia.fits' 
INFO:[769]: Certifying 'ncc1612to_bia.fits' 
INFO:[770]: Certifying 'ncc16130o_bia.fits' 
INFO:[771]: Certifying 'ncc16131o_bia.fits' 
INFO:[772]: Certifying 'ncc16132o_bia.fits' 
INFO:[773]: Certifying 'ncc16133o_bia.fits' 
INFO:[774]: Certifying 'ncc16134o_bia.fits' 
INFO:[775]: Certifying 'ncc16135o_bia.fits' 
INFO:[776]: Certifying 'ncc16136o_bia.fits' 
INFO:[777]: Certifying 'ncc16137o_bia.fits' 
INFO:[778]: Certifying 'ncc16138o_bia.fits' 
INFO:[779]: Certifying 'ncc16139o_bia.fits' 
INFO:[780]: Certifying 'ncc1613ao_bia.fits' 
INFO:[781]: Certifying 'ncc1840lo_bia.fits' 
INFO:[782]: Certifying 'ncu17032o_bia.fits' 
INFO:[783]: Certifying 'ncu17033o_bia.fits' 
INFO:[784]: Certifying 'ncu17034o_bia.fits' 
INFO:[785]: Certifying 'ncu17035o_bia.fits' 
INFO:[786]: Certifying 'ncu17036o_bia.fits' 
INFO:[787]: Certifying 'ncu17037o_bia.fits' 
INFO:[788]: Certifying 'o1c1621po_bia.fits' 
INFO:[789]: Certifying 'o1c1621qo_bia.fits' 
INFO:[790]: Certifying 'o1c1621ro_bia.fits' 
INFO:[791]: Certifying 'o1c1621so_bia.fits' 
INFO:[792]: Certifying 'o1c1621to_bia.fits' 
INFO:[793]: Certifying 'o1c16220o_bia.fits' 
INFO:[794]: Certifying 'o1u1634do_bia.fits' 
INFO:[795]: Certifying 'o2h1010ao_bia.fits' 
INFO:[796]: Certifying 'o2n1456lo_bia.fits' 
INFO:[797]: Certifying 'o2n1456mo_bia.fits' 
INFO:[798]: Certifying 'o2n1456no_bia.fits' 
INFO:[799]: Certifying 'o2n1456oo_bia.fits' 
INFO:[800]: Certifying 'o2n1456po_bia.fits' 
INFO:[801]: Certifying 'o2o1431ko_apd.fits' 
INFO:[802]: Certifying 'o2o1431lo_apd.fits' 
INFO:[803]: Certifying 'o2o1502po_bia.fits' 
INFO:[804]: Certifying 'o2o1502qo_bia.fits' 
INFO:[805]: Certifying 'o2o1502ro_bia.fits' 
INFO:[806]: Certifying 'o2o1502so_bia.fits' 
INFO:[807]: Certifying 'o2o1502to_bia.fits' 
INFO:[808]: Certifying 'o3f1422bo_bia.fits' 
INFO:[809]: Certifying 'o3f1422co_bia.fits' 
INFO:[810]: Certifying 'o3f1422do_bia.fits' 
INFO:[811]: Certifying 'o3f1422eo_bia.fits' 
INFO:[812]: Certifying 'o3f1422fo_bia.fits' 
INFO:[813]: Certifying 'o3f1422go_bia.fits' 
INFO:[814]: Certifying 'o3f1422ho_bia.fits' 
INFO:[815]: Certifying 'o3f1422io_bia.fits' 
INFO:[816]: Certifying 'o3f1422jo_bia.fits' 
INFO:[817]: Certifying 'o3f1422ko_bia.fits' 
INFO:[818]: Certifying 'o3f1422lo_bia.fits' 
INFO:[819]: Certifying 'o3f1422mo_bia.fits' 
INFO:[820]: Certifying 'o4223097o_bia.fits' 
INFO:[821]: Certifying 'o4223098o_bia.fits' 
INFO:[822]: Certifying 'o4223099o_bia.fits' 
INFO:[823]: Certifying 'o422309ao_bia.fits' 
INFO:[824]: Certifying 'o422309bo_bia.fits' 
INFO:[825]: Certifying 'o422309co_bia.fits' 
INFO:[826]: Certifying 'o422309do_bia.fits' 
INFO:[827]: Certifying 'o422309eo_bia.fits' 
INFO:[828]: Certifying 'o422309fo_bia.fits' 
INFO:[829]: Certifying 'o422309go_bia.fits' 
INFO:[830]: Certifying 'o422309ho_bia.fits' 
INFO:[831]: Certifying 'o481727ao_lfl.fits' 
ERROR[59]: Validation failed for '/grp/hst/cdbs/oref/o481727ao_lfl.fits' : Missing required keyword 'USEAFTER_DATE' 
INFO:[832]: Certifying 'o4n1900lo_bia.fits' 
INFO:[833]: Certifying 'o4n1900no_bia.fits' 
INFO:[834]: Certifying 'o4n1900oo_bia.fits' 
INFO:[835]: Certifying 'o4n1900po_bia.fits' 
INFO:[836]: Certifying 'o4n1900qo_bia.fits' 
INFO:[837]: Certifying 'o4n1900ro_bia.fits' 
INFO:[838]: Certifying 'o4n1900so_bia.fits' 
INFO:[839]: Certifying 'o4n1900to_bia.fits' 
INFO:[840]: Certifying 'o4n19010o_bia.fits' 
INFO:[841]: Certifying 'o4n19011o_bia.fits' 
INFO:[842]: Certifying 'o4n19012o_bia.fits' 
INFO:[843]: Certifying 'o5k09423o_bia.fits' 
INFO:[844]: Certifying 'o5k09424o_bia.fits' 
INFO:[845]: Certifying 'o5k09425o_bia.fits' 
INFO:[846]: Certifying 'o5k09426o_bia.fits' 
INFO:[847]: Certifying 'o5k09427o_bia.fits' 
INFO:[848]: Certifying 'o5k09428o_bia.fits' 
INFO:[849]: Certifying 'o5k09429o_bia.fits' 
INFO:[850]: Certifying 'o5k0942ao_bia.fits' 
INFO:[851]: Certifying 'o5k0942bo_bia.fits' 
INFO:[852]: Certifying 'o5k0942co_bia.fits' 
INFO:[853]: Certifying 'o5k0942do_bia.fits' 
INFO:[854]: Certifying 'o5p1609eo_bia.fits' 
INFO:[855]: Certifying 'o6a1048go_bia.fits' 
INFO:[856]: Certifying 'o6a1048ho_bia.fits' 
INFO:[857]: Certifying 'o6a1048io_bia.fits' 
INFO:[858]: Certifying 'o6a1048jo_bia.fits' 
INFO:[859]: Certifying 'o6a1048ko_bia.fits' 
INFO:[860]: Certifying 'o6a1048lo_bia.fits' 
INFO:[861]: Certifying 'o6s1808qo_bia.fits' 
INFO:[862]: Certifying 'o6s1808ro_bia.fits' 
INFO:[863]: Certifying 'o6s1808so_bia.fits' 
INFO:[864]: Certifying 'o6s1808to_bia.fits' 
INFO:[865]: Certifying 'o6s18090o_bia.fits' 
INFO:[866]: Certifying 'o7j1748eo_bia.fits' 
INFO:[867]: Certifying 'o7j1748fo_bia.fits' 
INFO:[868]: Certifying 'o7j1748go_bia.fits' 
INFO:[869]: Certifying 'o7j1748ho_bia.fits' 
INFO:[870]: Certifying 'o7j1748io_bia.fits' 
INFO:[871]: Certifying 'o7j1748jo_bia.fits' 
INFO:[872]: Certifying 'o7j1748ko_bia.fits' 
INFO:[873]: Certifying 'o7j1748lo_bia.fits' 
INFO:[874]: Certifying 'o7j1748mo_bia.fits' 
INFO:[875]: Certifying 'o7j1748no_bia.fits' 
INFO:[876]: Certifying 'o7j1748oo_bia.fits' 
INFO:[877]: Certifying 'o7j1748po_bia.fits' 
INFO:[878]: Certifying 'o7r13133o_bia.fits' 
INFO:[879]: Certifying 'o8g1508do_idc.fits' 
INFO:[880]: Certifying 'o8g1508eo_idc.fits' 
INFO:[881]: Certifying 'o8g1508fo_idc.fits' 
INFO:[882]: Certifying 'o8r13377o_bia.fits' 
INFO:[883]: Certifying 'o8r13378o_bia.fits' 
INFO:[884]: Certifying 'o8r13379o_bia.fits' 
INFO:[885]: Certifying 'o8r1337ao_bia.fits' 
INFO:[886]: Certifying 'o8r1337bo_bia.fits' 
INFO:[887]: Certifying 'o8r1337co_bia.fits' 
INFO:[888]: Certifying 'o8r1337do_bia.fits' 
INFO:[889]: Certifying 'o8r1337eo_bia.fits' 
INFO:[890]: Certifying 'o8r1337fo_bia.fits' 
INFO:[891]: Certifying 'o8r1337go_bia.fits' 
INFO:[892]: Certifying 'o8r1337ho_bia.fits' 
INFO:[893]: Certifying 'o911437ro_bia.fits' 
INFO:[894]: Certifying 'obm1723lo_sdc.fits' 
INFO:[895]: Certifying 'obm1723mo_sdc.fits' 
INFO:[896]: Certifying 'obm1723no_sdc.fits' 
INFO:[897]: Certifying 'obm1723oo_sdc.fits' 
INFO:[898]: Certifying 'obm1723po_sdc.fits' 
INFO:[899]: Certifying 'p441909so_pct.fits' 
INFO:[900]: Certifying 'p822207no_pht.fits' 
INFO:[901]: Certifying 'p9r19203o_gac.fits' 
INFO:[902]: Certifying 'pcc2026io_lfl.fits' 
ERROR[60]: Validation failed for '/grp/hst/cdbs/oref/pcc2026io_lfl.fits' : Missing required keyword 'USEAFTER_DATE' 
INFO:[903]: Certifying 'pcc2026jo_lfl.fits' 
ERROR[61]: Validation failed for '/grp/hst/cdbs/oref/pcc2026jo_lfl.fits' : Missing required keyword 'USEAFTER_DATE' 
INFO:[904]: Certifying 'pcc2026ko_lfl.fits' 
ERROR[62]: Validation failed for '/grp/hst/cdbs/oref/pcc2026ko_lfl.fits' : Missing required keyword 'USEAFTER_DATE' 
INFO:[905]: Certifying 'q4a1311bo_ccd.fits' 
INFO:[906]: Certifying 'q4a1311co_ccd.fits' 
INFO:[907]: Certifying 'q4a1311do_ccd.fits' 
INFO:[908]: Certifying 'q4a1311eo_ccd.fits' 
INFO:[909]: Certifying 'q4a1311fo_ccd.fits' 
INFO:[910]: Certifying 'q541740lo_pct.fits' 
INFO:[911]: Certifying 'q541740mo_pct.fits' 
INFO:[912]: Certifying 'q541740no_pct.fits' 
INFO:[913]: Certifying 'q541740oo_pct.fits' 
INFO:[914]: Certifying 'q541740po_pct.fits' 
INFO:[915]: Certifying 'q541740qo_pct.fits' 
INFO:[916]: Certifying 'q541740ro_pct.fits' 
INFO:[917]: Certifying 'q541740so_pct.fits' 
INFO:[918]: Certifying 'q541740to_pct.fits' 
INFO:[919]: Certifying 'q5417410o_pct.fits' 
INFO:[920]: Certifying 'q5417411o_pct.fits' 
INFO:[921]: Certifying 'q5417412o_pct.fits' 
INFO:[922]: Certifying 'q5417413o_pct.fits' 
INFO:[923]: Certifying 'q591955po_drk.fits' 
INFO:[924]: Certifying 'q591955qo_drk.fits' 
INFO:[925]: Certifying 'q591955ro_drk.fits' 
INFO:[926]: Certifying 'q591955to_drk.fits' 
INFO:[927]: Certifying 'q5919560o_drk.fits' 
INFO:[928]: Certifying 'q5919561o_drk.fits' 
INFO:[929]: Certifying 'q8l14501o_1dt.fits' 
INFO:[930]: Certifying 'q8l14502o_1dt.fits' 
INFO:[931]: Certifying 'q8l14503o_1dt.fits' 
INFO:[932]: Certifying 'q8l14504o_1dt.fits' 
INFO:[933]: Certifying 'q9s1550ko_tds.fits' 
INFO:[934]: Certifying 'q9s1550lo_tds.fits' 
INFO:[935]: Certifying 'qa31608go_1dt.fits' 
INFO:[936]: Certifying 'qb319510o_pht.fits' 
INFO:[937]: Certifying 'qb319511o_pht.fits' 
INFO:[938]: Certifying 'qb319512o_pht.fits' 
INFO:[939]: Certifying 'qb319513o_pht.fits' 
INFO:[940]: Certifying 'qb319514o_pht.fits' 
INFO:[941]: Certifying 'r3u1425ho_bia.fits' 
INFO:[942]: Certifying 'r7u15528o_pht.fits' 
INFO:[943]: Certifying 't681811lo_bia.fits' 
INFO:[944]: Certifying 't6917173o_bia.fits' 
INFO:[945]: Certifying 't6a1658so_bia.fits' 
INFO:[946]: Certifying 't6a16590o_bia.fits' 
INFO:[947]: Certifying 't771350fo_bia.fits' 
INFO:[948]: Certifying 't771350go_bia.fits' 
INFO:[949]: Certifying 't771350ho_bia.fits' 
INFO:[950]: Certifying 't771940eo_bia.fits' 
INFO:[951]: Certifying 't771940fo_bia.fits' 
INFO:[952]: Certifying 't771940go_bia.fits' 
INFO:[953]: Certifying 't7r1240no_bia.fits' 
INFO:[954]: Certifying 't8i1909do_bia.fits' 
INFO:[955]: Certifying 't8i1909fo_bia.fits' 
INFO:[956]: Certifying 't8i1909ho_bia.fits' 
INFO:[957]: Certifying 't8k1039eo_bia.fits' 
INFO:[958]: Certifying 't981134bo_bia.fits' 
INFO:[959]: Certifying 't981134co_bia.fits' 
INFO:[960]: Certifying 't981134do_bia.fits' 
INFO:[961]: Certifying 't981134eo_bia.fits' 
INFO:[962]: Certifying 't981134ho_bia.fits' 
INFO:[963]: Certifying 't981134io_bia.fits' 
INFO:[964]: Certifying 't9a1003so_tds.fits' 
INFO:[965]: Certifying 't9a1003to_bia.fits' 
INFO:[966]: Certifying 't9a10040o_bia.fits' 
INFO:[967]: Certifying 't9a10041o_bia.fits' 
INFO:[968]: Certifying 't9a10042o_bia.fits' 
INFO:[969]: Certifying 't9a10044o_ccd.fits' 
INFO:[970]: Certifying 't9a10045o_bia.fits' 
INFO:[971]: Certifying 'taj2055bo_bia.fits' 
INFO:[972]: Certifying 'taj2055do_bia.fits' 
INFO:[973]: Certifying 'taj2055eo_bia.fits' 
INFO:[974]: Certifying 'taj2055fo_bia.fits' 
INFO:[975]: Certifying 'taj2055go_bia.fits' 
INFO:[976]: Certifying 'taj2055ho_bia.fits' 
INFO:[977]: Certifying 'taj2055io_bia.fits' 
INFO:[978]: Certifying 'taj2055jo_bia.fits' 
INFO:[979]: Certifying 'taj2055mo_bia.fits' 
INFO:[980]: Certifying 'taj20567o_bia.fits' 
INFO:[981]: Certifying 'taj20568o_bia.fits' 
INFO:[982]: Certifying 'taj2056lo_bia.fits' 
INFO:[983]: Certifying 'tau13469o_bia.fits' 
INFO:[984]: Certifying 'tau1346ao_bia.fits' 
INFO:[985]: Certifying 'tau1346bo_bia.fits' 
INFO:[986]: Certifying 'tau1346co_bia.fits' 
INFO:[987]: Certifying 'tau1346do_bia.fits' 
INFO:[988]: Certifying 'tau1346fo_bia.fits' 
INFO:[989]: Certifying 'tau1346ho_bia.fits' 
INFO:[990]: Certifying 'tbn1517do_bia.fits' 
INFO:[991]: Certifying 'tbn1517eo_bia.fits' 
INFO:[992]: Certifying 'tbn1517fo_bia.fits' 
INFO:[993]: Certifying 'tbn1517go_bia.fits' 
INFO:[994]: Certifying 'tbn1517ho_bia.fits' 
INFO:[995]: Certifying 'tc420044o_bia.fits' 
INFO:[996]: Certifying 'tc420045o_bia.fits' 
INFO:[997]: Certifying 'tc420046o_bia.fits' 
INFO:[998]: Certifying 'tc420047o_bia.fits' 
INFO:[999]: Certifying 'tc420048o_bia.fits' 
INFO:[1000]: Certifying 'tc42004ao_bia.fits' 
INFO:[1001]: Certifying 'tce1631bo_bia.fits' 
INFO:[1002]: Certifying 'tce1631co_bia.fits' 
INFO:[1003]: Certifying 'tce1631do_bia.fits' 
INFO:[1004]: Certifying 'tce1631eo_bia.fits' 
INFO:[1005]: Certifying 'tce1631fo_bia.fits' 
INFO:[1006]: Certifying 'tce1631ho_bia.fits' 
INFO:[1007]: Certifying 'tcg1733fo_bia.fits' 
INFO:[1008]: Certifying 'tcg1733go_bia.fits' 
INFO:[1009]: Certifying 'tcg1733ho_bia.fits' 
INFO:[1010]: Certifying 'tcg1733io_bia.fits' 
INFO:[1011]: Certifying 'tcg1733jo_bia.fits' 
INFO:[1012]: Certifying 'tcg1733lo_bia.fits' 
INFO:[1013]: Certifying 'tch16083o_pfl.fits' 
ERROR[63]: Validation failed for '/grp/hst/cdbs/oref/tch16083o_pfl.fits' : Missing required keyword 'USEAFTER_DATE' 
INFO:[1014]: Certifying 'tch16084o_pfl.fits' 
ERROR[64]: Validation failed for '/grp/hst/cdbs/oref/tch16084o_pfl.fits' : Missing required keyword 'USEAFTER_DATE' 
INFO:[1015]: Certifying 'tch16085o_pfl.fits' 
ERROR[65]: Validation failed for '/grp/hst/cdbs/oref/tch16085o_pfl.fits' : Missing required keyword 'USEAFTER_DATE' 
INFO:[1016]: Certifying 'tch16086o_pfl.fits' 
ERROR[66]: Validation failed for '/grp/hst/cdbs/oref/tch16086o_pfl.fits' : Missing required keyword 'USEAFTER_DATE' 
INFO:[1017]: Certifying 'tch16087o_pfl.fits' 
ERROR[67]: Validation failed for '/grp/hst/cdbs/oref/tch16087o_pfl.fits' : Missing required keyword 'USEAFTER_DATE' 
INFO:[1018]: Certifying 'tch16088o_pfl.fits' 
ERROR[68]: Validation failed for '/grp/hst/cdbs/oref/tch16088o_pfl.fits' : Missing required keyword 'USEAFTER_DATE' 
INFO:[1019]: Certifying 'tcl1742bo_drk.fits' 
INFO:[1020]: Certifying 'u2113109o_bia.fits' 
INFO:[1021]: Certifying 'u211310ao_bia.fits' 
INFO:[1022]: Certifying 'u211310bo_bia.fits' 
INFO:[1023]: Certifying 'u211310co_bia.fits' 
INFO:[1024]: Certifying 'u211310do_bia.fits' 
INFO:[1025]: Certifying 'u211310fo_bia.fits' 
INFO:[1026]: Certifying 'u2215506o_bia.fits' 
INFO:[1027]: Certifying 'u2215507o_bia.fits' 
INFO:[1028]: Certifying 'u2215508o_bia.fits' 
INFO:[1029]: Certifying 'u2215509o_bia.fits' 
INFO:[1030]: Certifying 'u221550ao_bia.fits' 
INFO:[1031]: Certifying 'u221550bo_bia.fits' 
INFO:[1032]: Certifying 'u221550co_bia.fits' 
INFO:[1033]: Certifying 'u221550do_bia.fits' 
INFO:[1034]: Certifying 'u221550eo_bia.fits' 
INFO:[1035]: Certifying 'u221550go_bia.fits' 
INFO:[1036]: Certifying 'u221550io_bia.fits' 
INFO:[1037]: Certifying 'u2g18587o_bia.fits' 
INFO:[1038]: Certifying 'u2g18588o_bia.fits' 
INFO:[1039]: Certifying 'u2g18589o_bia.fits' 
INFO:[1040]: Certifying 'u2g1858ao_bia.fits' 
INFO:[1041]: Certifying 'u2g1858bo_bia.fits' 
INFO:[1042]: Certifying 'u2g1858do_bia.fits' 
INFO:[1043]: Certifying 'u2g1858eo_drk.fits' 
INFO:[1044]: Certifying 'u3219366o_bia.fits' 
INFO:[1045]: Certifying 'u3219367o_bia.fits' 
INFO:[1046]: Certifying 'u3219368o_bia.fits' 
INFO:[1047]: Certifying 'u3219369o_bia.fits' 
INFO:[1048]: Certifying 'u321936ao_bia.fits' 
INFO:[1049]: Certifying 'u321936bo_drk.fits' 
INFO:[1050]: Certifying 'u321936co_bia.fits' 
INFO:[1051]: Certifying 'u321936do_drk.fits' 
INFO:[1052]: Certifying 'u3u1152fo_bia.fits' 
INFO:[1053]: Certifying 'u3u1152go_bia.fits' 
INFO:[1054]: Certifying 'u3u1152ho_bia.fits' 
INFO:[1055]: Certifying 'u3u1152io_bia.fits' 
INFO:[1056]: Certifying 'u3u1152jo_bia.fits' 
INFO:[1057]: Certifying 'u3u1152ko_bia.fits' 
INFO:[1058]: Certifying 'u3u1152lo_bia.fits' 
INFO:[1059]: Certifying 'u3u1152mo_bia.fits' 
INFO:[1060]: Certifying 'u3u1152no_bia.fits' 
INFO:[1061]: Certifying 'u3u1152po_bia.fits' 
INFO:[1062]: Certifying 'u3u1152ro_bia.fits' 
INFO:[1063]: Certifying 'u3u1152to_bia.fits' 
INFO:[1064]: Certifying 'u4j1725so_drk.fits' 
INFO:[1065]: Certifying 'u4j1725to_drk.fits' 
INFO:[1066]: Certifying 'u4j17263o_drk.fits' 
INFO:[1067]: Certifying 'u4j17266o_drk.fits' 
INFO:[1068]: Certifying 'u4r20257o_bia.fits' 
INFO:[1069]: Certifying 'u4r20258o_bia.fits' 
INFO:[1070]: Certifying 'u4r20259o_bia.fits' 
INFO:[1071]: Certifying 'u4r2025ao_bia.fits' 
INFO:[1072]: Certifying 'u4r2025bo_bia.fits' 
INFO:[1073]: Certifying 'u4r2025co_bia.fits' 
INFO:[1074]: Certifying 'u4r2025do_bia.fits' 
INFO:[1075]: Certifying 'u4r2025eo_bia.fits' 
INFO:[1076]: Certifying 'u4r2025fo_bia.fits' 
INFO:[1077]: Certifying 'u4r2025go_drk.fits' 
INFO:[1078]: Certifying 'u4r2025ho_bia.fits' 
INFO:[1079]: Certifying 'u4r2025io_drk.fits' 
INFO:[1080]: Certifying 'u4r2025jo_bia.fits' 
INFO:[1081]: Certifying 'u4r2025ko_drk.fits' 
INFO:[1082]: Certifying 'u4r2025lo_bia.fits' 
INFO:[1083]: Certifying 'u4r2025mo_drk.fits' 
INFO:[1084]: Certifying 'u611611ko_bia.fits' 
INFO:[1085]: Certifying 'u611611lo_bia.fits' 
INFO:[1086]: Certifying 'u611611mo_bia.fits' 
INFO:[1087]: Certifying 'u611611no_bia.fits' 
INFO:[1088]: Certifying 'u611611oo_bia.fits' 
INFO:[1089]: Certifying 'u611611po_bia.fits' 
INFO:[1090]: Certifying 'u611611qo_bia.fits' 
INFO:[1091]: Certifying 'u611611ro_bia.fits' 
INFO:[1092]: Certifying 'u611611so_bia.fits' 
INFO:[1093]: Certifying 'u611611to_bia.fits' 
INFO:[1094]: Certifying 'u6116120o_bia.fits' 
INFO:[1095]: Certifying 'u6116121o_bia.fits' 
INFO:[1096]: Certifying 'u611612ho_drk.fits' 
INFO:[1097]: Certifying 'u611612io_drk.fits' 
INFO:[1098]: Certifying 'u611612jo_drk.fits' 
INFO:[1099]: Certifying 'u611612ko_drk.fits' 
INFO:[1100]: Certifying 'u6o1317do_bia.fits' 
INFO:[1101]: Certifying 'u6o1317eo_bia.fits' 
INFO:[1102]: Certifying 'u6o1317fo_bia.fits' 
INFO:[1103]: Certifying 'u6o1317go_bia.fits' 
INFO:[1104]: Certifying 'u6o1317ho_bia.fits' 
INFO:[1105]: Certifying 'u6o1317io_bia.fits' 
INFO:[1106]: Certifying 'u6o1317jo_bia.fits' 
INFO:[1107]: Certifying 'u6o1317ko_bia.fits' 
INFO:[1108]: Certifying 'u6o1317lo_bia.fits' 
INFO:[1109]: Certifying 'u6o1317mo_bia.fits' 
INFO:[1110]: Certifying 'u6o1317no_bia.fits' 
INFO:[1111]: Certifying 'u6o1317oo_bia.fits' 
INFO:[1112]: Certifying 'u6o1317po_drk.fits' 
INFO:[1113]: Certifying 'u6o1317qo_drk.fits' 
INFO:[1114]: Certifying 'u6o1317ro_drk.fits' 
INFO:[1115]: Certifying 'u6o1317so_drk.fits' 
INFO:[1116]: Certifying 'u7c1846ho_tds.fits' 
INFO:[1117]: Certifying 'u7u1516ao_bia.fits' 
INFO:[1118]: Certifying 'u7u1516bo_bia.fits' 
INFO:[1119]: Certifying 'u7u1516co_bia.fits' 
INFO:[1120]: Certifying 'u7u1516do_bia.fits' 
INFO:[1121]: Certifying 'u7u1516eo_bia.fits' 
INFO:[1122]: Certifying 'u7u1516fo_bia.fits' 
INFO:[1123]: Certifying 'u7u1516go_bia.fits' 
INFO:[1124]: Certifying 'u7u1516ho_bia.fits' 
INFO:[1125]: Certifying 'u7u1516io_bia.fits' 
INFO:[1126]: Certifying 'u7u1516jo_bia.fits' 
INFO:[1127]: Certifying 'u7u1516ko_bia.fits' 
INFO:[1128]: Certifying 'u7u1516lo_bia.fits' 
INFO:[1129]: Certifying 'u7u1516mo_bia.fits' 
INFO:[1130]: Certifying 'u7u1516no_drk.fits' 
INFO:[1131]: Certifying 'u7u1516oo_drk.fits' 
INFO:[1132]: Certifying 'u7u1516po_drk.fits' 
INFO:[1133]: Certifying 'u7u1516qo_drk.fits' 
INFO:[1134]: Certifying 'u7u1516ro_drk.fits' 
INFO:[1135]: Certifying 'u8r1931co_bia.fits' 
INFO:[1136]: Certifying 'u8r1931do_bia.fits' 
INFO:[1137]: Certifying 'u8r1931eo_bia.fits' 
INFO:[1138]: Certifying 'u8r1931fo_bia.fits' 
INFO:[1139]: Certifying 'u8r1931go_bia.fits' 
INFO:[1140]: Certifying 'u8r1931ho_bia.fits' 
INFO:[1141]: Certifying 'u8r1931io_bia.fits' 
INFO:[1142]: Certifying 'u8r1931jo_bia.fits' 
INFO:[1143]: Certifying 'u8r1931ko_bia.fits' 
INFO:[1144]: Certifying 'u8r1931lo_bia.fits' 
INFO:[1145]: Certifying 'u8r1931mo_bia.fits' 
INFO:[1146]: Certifying 'u8r1931no_bia.fits' 
INFO:[1147]: Certifying 'u8r1931oo_drk.fits' 
INFO:[1148]: Certifying 'u8r1931po_drk.fits' 
INFO:[1149]: Certifying 'u8r1931qo_drk.fits' 
INFO:[1150]: Certifying 'u8r1931ro_drk.fits' 
INFO:[1151]: Certifying 'u9m1955ho_bia.fits' 
INFO:[1152]: Certifying 'u9m1955io_bia.fits' 
INFO:[1153]: Certifying 'u9m1955jo_bia.fits' 
INFO:[1154]: Certifying 'u9m1955ko_bia.fits' 
INFO:[1155]: Certifying 'u9m1955lo_bia.fits' 
INFO:[1156]: Certifying 'u9m1955mo_bia.fits' 
INFO:[1157]: Certifying 'u9m1955no_bia.fits' 
INFO:[1158]: Certifying 'u9m1955oo_bia.fits' 
INFO:[1159]: Certifying 'u9m1955po_bia.fits' 
INFO:[1160]: Certifying 'u9m1955qo_bia.fits' 
INFO:[1161]: Certifying 'u9m1955so_bia.fits' 
INFO:[1162]: Certifying 'u9m1955to_drk.fits' 
INFO:[1163]: Certifying 'u9m19560o_drk.fits' 
INFO:[1164]: Certifying 'u9m19561o_drk.fits' 
INFO:[1165]: Certifying 'uas1836no_bia.fits' 
INFO:[1166]: Certifying 'uas1836oo_bia.fits' 
INFO:[1167]: Certifying 'uas1836po_bia.fits' 
INFO:[1168]: Certifying 'uas1836qo_bia.fits' 
INFO:[1169]: Certifying 'uas1836ro_drk.fits' 
INFO:[1170]: Certifying 'uas1836so_drk.fits' 
INFO:[1171]: Certifying 'uas1836to_drk.fits' 
INFO:[1172]: Certifying 'uas18370o_drk.fits' 
INFO:[1173]: Certifying 'ub920085o_tds.fits' 
INFO:[1174]: Certifying 'ubj1512bo_bia.fits' 
INFO:[1175]: Certifying 'ubj1512co_bia.fits' 
INFO:[1176]: Certifying 'ubj1512do_bia.fits' 
INFO:[1177]: Certifying 'ubj1512eo_bia.fits' 
INFO:[1178]: Certifying 'ubj1512fo_bia.fits' 
INFO:[1179]: Certifying 'ubj1512go_bia.fits' 
INFO:[1180]: Certifying 'ubj1512ho_bia.fits' 
INFO:[1181]: Certifying 'ubj1512io_bia.fits' 
INFO:[1182]: Certifying 'ubj1512jo_bia.fits' 
INFO:[1183]: Certifying 'ubj1512ko_bia.fits' 
INFO:[1184]: Certifying 'ubj1512lo_bia.fits' 
INFO:[1185]: Certifying 'ubj1512mo_bia.fits' 
INFO:[1186]: Certifying 'ubj1530no_bia.fits' 
INFO:[1187]: Certifying 'ubj1530oo_bia.fits' 
INFO:[1188]: Certifying 'ubj1530po_bia.fits' 
INFO:[1189]: Certifying 'ubj1530qo_bia.fits' 
INFO:[1190]: Certifying 'ubj1530ro_bia.fits' 
INFO:[1191]: Certifying 'ubj1530so_bia.fits' 
INFO:[1192]: Certifying 'ubj1530to_bia.fits' 
INFO:[1193]: Certifying 'ubj15310o_bia.fits' 
INFO:[1194]: Certifying 'ubj15311o_bia.fits' 
INFO:[1195]: Certifying 'ubj15312o_bia.fits' 
INFO:[1196]: Certifying 'ubj15313o_bia.fits' 
INFO:[1197]: Certifying 'ubj15314o_bia.fits' 
INFO:[1198]: Certifying 'ubj15315o_drk.fits' 
INFO:[1199]: Certifying 'ubj15316o_drk.fits' 
INFO:[1200]: Certifying 'ubj15317o_drk.fits' 
INFO:[1201]: Certifying 'ubj15318o_drk.fits' 
INFO:[1202]: Certifying 'uce15153o_bpx.fits' 
INFO:[1203]: Certifying 'ucm1604ko_bia.fits' 
INFO:[1204]: Certifying 'ucm1604lo_bia.fits' 
INFO:[1205]: Certifying 'ucm1604mo_bia.fits' 
INFO:[1206]: Certifying 'ucm1604no_bia.fits' 
INFO:[1207]: Certifying 'ucm1604oo_bia.fits' 
INFO:[1208]: Certifying 'ucm1604po_bia.fits' 
INFO:[1209]: Certifying 'ucm1604qo_drk.fits' 
INFO:[1210]: Certifying 'ucm1604ro_drk.fits' 
INFO:[1211]: Certifying 'ucm1604so_drk.fits' 
INFO:[1212]: Certifying 'ucm1604to_drk.fits' 
INFO:[1213]: Certifying 'v1514370o_bia.fits' 
INFO:[1214]: Certifying 'v1514371o_bia.fits' 
INFO:[1215]: Certifying 'v1514372o_bia.fits' 
INFO:[1216]: Certifying 'v1514373o_bia.fits' 
INFO:[1217]: Certifying 'v1514374o_bia.fits' 
INFO:[1218]: Certifying 'v1514375o_bia.fits' 
INFO:[1219]: Certifying 'v1514376o_drk.fits' 
INFO:[1220]: Certifying 'v1514377o_drk.fits' 
INFO:[1221]: Certifying 'v1514378o_drk.fits' 
INFO:[1222]: Certifying 'v1514379o_drk.fits' 
INFO:[1223]: Certifying 'v232037do_bia.fits' 
INFO:[1224]: Certifying 'v232037eo_bia.fits' 
INFO:[1225]: Certifying 'v232037fo_bia.fits' 
INFO:[1226]: Certifying 'v232037go_bia.fits' 
INFO:[1227]: Certifying 'v232037ho_bia.fits' 
INFO:[1228]: Certifying 'v232037io_bia.fits' 
INFO:[1229]: Certifying 'v2320397o_drk.fits' 
INFO:[1230]: Certifying 'v2320398o_drk.fits' 
INFO:[1231]: Certifying 'v2320399o_drk.fits' 
INFO:[1232]: Certifying 'v232039ao_drk.fits' 
INFO:[1233]: Certifying 'v2a1955fo_tdc.fits' 
INFO:[1234]: Certifying 'v2s21472o_bpx.fits' 
INFO:[1235]: Certifying 'v471332fo_bia.fits' 
INFO:[1236]: Certifying 'v471332go_bia.fits' 
INFO:[1237]: Certifying 'v471332ho_bia.fits' 
INFO:[1238]: Certifying 'v471332io_bia.fits' 
INFO:[1239]: Certifying 'v471332jo_bia.fits' 
INFO:[1240]: Certifying 'v471332ko_bia.fits' 
INFO:[1241]: Certifying 'v471332ro_drk.fits' 
INFO:[1242]: Certifying 'v471332so_drk.fits' 
INFO:[1243]: Certifying 'v471332to_drk.fits' 
INFO:[1244]: Certifying 'v4713330o_drk.fits' 
INFO:[1245]: Certifying 'v4c00574o_bia.fits' 
INFO:[1246]: Certifying 'v4c00575o_bia.fits' 
INFO:[1247]: Certifying 'v4c00576o_bia.fits' 
INFO:[1248]: Certifying 'v4c00577o_bia.fits' 
INFO:[1249]: Certifying 'v4c00578o_bia.fits' 
INFO:[1250]: Certifying 'v4c00579o_bia.fits' 
INFO:[1251]: Certifying 'v4c0057no_drk.fits' 
INFO:[1252]: Certifying 'v4c0057oo_drk.fits' 
INFO:[1253]: Certifying 'v4c0057po_drk.fits' 
INFO:[1254]: Certifying 'v4c0057qo_drk.fits' 
INFO:[1255]: Certifying 'v5b12164o_bia.fits' 
INFO:[1256]: Certifying 'v5b12165o_bia.fits' 
INFO:[1257]: Certifying 'v5b12166o_bia.fits' 
INFO:[1258]: Certifying 'v5b12167o_bia.fits' 
INFO:[1259]: Certifying 'v5b12168o_bia.fits' 
INFO:[1260]: Certifying 'v5b12169o_bia.fits' 
INFO:[1261]: Certifying 'v5b1216ao_drk.fits' 
INFO:[1262]: Certifying 'v5b1216bo_drk.fits' 
INFO:[1263]: Certifying 'v5b1216co_drk.fits' 
INFO:[1264]: Certifying 'v5b1216do_drk.fits' 
68 errors 
3 warnings 
1264 infos 
 
