INFO:[1]: Certifying 'hst_nicmos.imap' 
INFO:[2]: Validating hst_nicmos.imap 
INFO:[3]: Validating hst_nicmos_nlinfile.rmap 
INFO:[4]: Validating hst_nicmos_flatfile.rmap 
INFO:[5]: Validating hst_nicmos_illmfile.rmap 
INFO:[6]: Validating hst_nicmos_idctab.rmap 
INFO:[7]: Validating hst_nicmos_darkfile.rmap 
INFO:[8]: Validating hst_nicmos_saadfile.rmap 
INFO:[9]: Validating hst_nicmos_tempfile.rmap 
INFO:[10]: Validating hst_nicmos_phottab.rmap 
INFO:[11]: Validating hst_nicmos_maskfile.rmap 
INFO:[12]: Validating hst_nicmos_pmodfile.rmap 
INFO:[13]: Validating hst_nicmos_pedsbtab.rmap 
INFO:[14]: Validating hst_nicmos_rnlcortb.rmap 
INFO:[15]: Validating hst_nicmos_tdffile.rmap 
INFO:[16]: Validating hst_nicmos_noisfile.rmap 
INFO:[17]: Validating hst_nicmos_saacntab.rmap 
INFO:[18]: Validating hst_nicmos_pmskfile.rmap 
INFO:[19]: Validating hst_nicmos_zprattab.rmap 
0 errors 
0 warnings 
19 infos 
 
