INFO[1]: Certifying 'hst_acs.imap' 
INFO[2]: Validating hst_acs.imap 
INFO[3]: Validating hst_acs_crrejtab.rmap 
INFO[4]: Validating hst_acs_idctab.rmap 
INFO[5]: Validating hst_acs_darkfile.rmap 
ERROR[1]: : ('HRC', 'C', '1.0|2.0|4.0|8.0') Match tuple is a special case of ('HRC', 'A|ABCD|AD|B|BC|C|D', '1.0|2.0|4.0|8.0') 
INFO[6]: Validating hst_acs_atodtab.rmap 
INFO[7]: Validating hst_acs_biasfile.rmap 
WARNING[1]: Parameter 'NUMCOLS' is unchecked. 
WARNING[2]: Parameter 'NUMROWS' is unchecked. 
WARNING[3]: Parameter 'LTV1' is unchecked. 
WARNING[4]: Parameter 'LTV2' is unchecked. 
WARNING[5]: Parameter 'XCORNER' is unchecked. 
WARNING[6]: Parameter 'YCORNER' is unchecked. 
WARNING[7]: Parameter 'CCDCHIP' is unchecked. 
ERROR[2]: : ('HRC', 'A|ABCD|AD|B|BC|C', '2.0', '1062.0', '1044.0', '19.0', '0.0', '*', '*', '*') Match tuple is a special case of ('HRC', 'A|ABCD|AD|B|BC|C|D', '2.0', '1062.0', '1044.0', '19.0', '0.0', '*', '*', '*') 
INFO[8]: Validating hst_acs_spottab.rmap 
INFO[9]: Validating hst_acs_mlintab.rmap 
INFO[10]: Validating hst_acs_dgeofile.rmap 
ERROR[3]: : ('SBC', 'BLOCK1|BLOCK2|BLOCK3|BLOCK4|F115LP|F122M|F125LP|F140LP|F150LP|F165LP', 'N/A') Match tuple is a special case of ('SBC', '*', 'N/A') 
INFO[11]: Validating hst_acs_bpixtab.rmap 
INFO[12]: Validating hst_acs_oscntab.rmap 
INFO[13]: Validating hst_acs_ccdtab.rmap 
INFO[14]: Validating hst_acs_shadfile.rmap 
INFO[15]: Validating hst_acs_imphttab.rmap 
INFO[16]: Validating hst_acs_pfltfile.rmap 
ERROR[4]: : ('HRC', 'A|ABCD|AD|B|BC|C|D', 'CLEAR1S', 'CLEAR2S', 'IMAGING', 'N/A', 'N/A', 'N/A') Match tuple is a special case of ('HRC', 'A|ABCD|AD|B|BC|C|D', 'CLEAR1L|CLEAR1S|F475W|F502N|F550M|F555W|F606W|F625W|F658N|F775W|F850LP|F892N|POL0UV|POL120UV|POL60UV', 'CLEAR2L|CLEAR2S|F220W|F250W|F330W|F344N|F410W|F435W|F814W|FR388N|FR459M|FR505N|FR647M|FR656N|FR716N|FR782N|FR914M|POL0V|POL120V|POL60V', 'IMAGING', 'N/A', 'N/A', 'N/A') 
INFO[17]: Validating hst_acs_flshfile.rmap 
ERROR[5]: : ('HRC', 'ABCD|AD|BC|C|D', '2.0', 'HIGH', 'A') Match tuple is a special case of ('HRC', 'A|ABCD|AD|B|BC|C|D', '1.0|2.0|4.0|8.0', 'HIGH|LOW|MED', 'A|B') 
INFO[18]: Validating hst_acs_cfltfile.rmap 
INFO[19]: Validating hst_acs_mdriztab.rmap 
5 errors 
7 warnings 
19 infos 
 
